-- clang-tidy not found!
-- cppcheck found: /usr/bin/cppcheck
-- include-what-you-use not found!
-- The CXX compiler identification is GNU 13.3.0
-- Detecting CXX compiler ABI info
-- Detecting CXX compiler ABI info - done
-- Check for working CXX compiler: /usr/bin/c++ - skipped
-- Detecting CXX compile features
-- Detecting CXX compile features - done
[33mCMake Warning at /home/tetripick/UR10_Pick_ws/ros2_ws/install/ros_industrial_cmake_boilerplate/lib/cmake/ros_industrial_cmake_boilerplate/clang_tidy_tools.cmake:115 (message):
  Using target_clang_tidy but clang tidy executable was not found!
Call Stack (most recent call first):
  core/CMakeLists.txt:22 (target_clang_tidy)

[0m
-- No package config template file found, creating default one
-- Performing Test CMAKE_HAVE_LIBC_PTHREAD
-- Performing Test CMAKE_HAVE_LIBC_PTHREAD - Success
-- Found Threads: TRUE  
-- Found AMD headers in: /usr/include/suitesparse
-- Found AMD library: /usr/lib/x86_64-linux-gnu/libamd.so
-- Found CAMD headers in: /usr/include/suitesparse
-- Found CAMD library: /usr/lib/x86_64-linux-gnu/libcamd.so
-- Found CCOLAMD headers in: /usr/include/suitesparse
-- Found CCOLAMD library: /usr/lib/x86_64-linux-gnu/libccolamd.so
-- Found CHOLMOD headers in: /usr/include/suitesparse
-- Found CHOLMOD library: /usr/lib/x86_64-linux-gnu/libcholmod.so
-- Found COLAMD headers in: /usr/include/suitesparse
-- Found COLAMD library: /usr/lib/x86_64-linux-gnu/libcolamd.so
-- Found SPQR headers in: /usr/include/suitesparse
-- Found SPQR library: /usr/lib/x86_64-linux-gnu/libspqr.so
-- Found Config headers in: /usr/include/suitesparse
-- Found Config library: /usr/lib/x86_64-linux-gnu/libsuitesparseconfig.so
-- Found Intel Thread Building Blocks (TBB) library (2021.11 / ) include location: . Assuming SuiteSparseQR was compiled with TBB.
-- Looking for shm_open in rt
-- Looking for shm_open in rt - found
-- Adding librt to SuiteSparse_config libraries (required on Linux & Unix [not OSX] if SuiteSparse is compiled with timing).
-- Could NOT find METIS (missing: METIS_INCLUDE_DIR METIS_LIBRARY) 
-- Found SuiteSparse: /usr/include/suitesparse (found suitable version "7.6.1", minimum required is "7.6.1") found components: AMD CAMD CCOLAMD CHOLMOD COLAMD SPQR Config 
-- Found required Ceres dependency: Eigen version 3.4.0 in /usr/share/eigen3/cmake
-- Found required Ceres dependency: glog
-- Found required Ceres dependency: gflags
-- Found Ceres version: 2.2.0 installed in: /usr with components: [EigenSparse, SparseLinearAlgebraLibrary, LAPACK, SuiteSparse, SchurSpecializations]
[33mCMake Warning at /home/tetripick/UR10_Pick_ws/ros2_ws/install/ros_industrial_cmake_boilerplate/lib/cmake/ros_industrial_cmake_boilerplate/clang_tidy_tools.cmake:115 (message):
  Using target_clang_tidy but clang tidy executable was not found!
Call Stack (most recent call first):
  optimizations/CMakeLists.txt:20 (target_clang_tidy)

[0m
-- No package config template file found, creating default one
[33mCMake Warning at /home/tetripick/UR10_Pick_ws/ros2_ws/install/ros_industrial_cmake_boilerplate/lib/cmake/ros_industrial_cmake_boilerplate/clang_tidy_tools.cmake:115 (message):
  Using target_clang_tidy but clang tidy executable was not found!
Call Stack (most recent call first):
  analysis/CMakeLists.txt:13 (target_clang_tidy)

[0m
-- No package config template file found, creating default one
[0mBuilding OpenCV target finders[0m
-- Found Boost: /usr/lib/x86_64-linux-gnu/cmake/Boost-1.83.0/BoostConfig.cmake (found version "1.83.0") found components: filesystem 
-- Found OpenCV: /usr (found version "4.6.0") 
[33mCMake Warning at /home/tetripick/UR10_Pick_ws/ros2_ws/install/ros_industrial_cmake_boilerplate/lib/cmake/ros_industrial_cmake_boilerplate/clang_tidy_tools.cmake:115 (message):
  Using target_clang_tidy but clang tidy executable was not found!
Call Stack (most recent call first):
  target_finders/opencv/CMakeLists.txt:28 (target_clang_tidy)

[0m
[33mCMake Warning at /home/tetripick/UR10_Pick_ws/ros2_ws/install/ros_industrial_cmake_boilerplate/lib/cmake/ros_industrial_cmake_boilerplate/clang_tidy_tools.cmake:115 (message):
  Using target_clang_tidy but clang tidy executable was not found!
Call Stack (most recent call first):
  target_finders/opencv/CMakeLists.txt:46 (target_clang_tidy)

[0m
-- No package config template file found, creating default one
[0mBuilding GUI[0m
-- No package config template file found, creating default one
[0mBuilding examples[0m
-- No package config template file found, creating default one
-- No package config template file found, creating default one
-- Configuring done (1.0s)
-- Generating done (0.0s)
-- Build files have been written to: /home/tetripick/UR10_Pick_ws/ros2_ws/build/industrial_calibration
[  1%] [32mBuilding CXX object core/CMakeFiles/industrial_calibration_core.dir/src/dh_chain.cpp.o[0m
[  2%] [32mBuilding CXX object core/CMakeFiles/industrial_calibration_core.dir/src/utils.cpp.o[0m
[  4%] [32mBuilding CXX object core/CMakeFiles/industrial_calibration_core.dir/src/camera_intrinsics.cpp.o[0m
[  5%] [32mBuilding CXX object core/CMakeFiles/industrial_calibration_core.dir/src/types.cpp.o[0m
[  7%] [32m[1mLinking CXX shared library libindustrial_calibration_core.so[0m
[  7%] Built target industrial_calibration_core
[  8%] [32mBuilding CXX object optimizations/CMakeFiles/industrial_calibration_optimizations.dir/src/covariance_analysis.cpp.o[0m
[ 10%] [32mBuilding CXX object optimizations/CMakeFiles/industrial_calibration_optimizations.dir/src/covariance_types.cpp.o[0m
[ 13%] [32mBuilding CXX object optimizations/CMakeFiles/industrial_calibration_optimizations.dir/src/pnp.cpp.o[0m
[ 13%] [32mBuilding CXX object optimizations/CMakeFiles/industrial_calibration_optimizations.dir/src/camera_intrinsic.cpp.o[0m
[ 16%] [32mBuilding CXX object target_finders/opencv/CMakeFiles/industrial_calibration_target_finders_opencv.dir/src/utils.cpp.o[0m
[ 17%] [32mBuilding CXX object optimizations/CMakeFiles/industrial_calibration_optimizations.dir/src/extrinsic_multi_static_camera.cpp.o[0m
[ 17%] [32mBuilding CXX object optimizations/CMakeFiles/industrial_calibration_optimizations.dir/src/dh_chain_kinematic_calibration.cpp.o[0m
[ 19%] [32mBuilding CXX object optimizations/CMakeFiles/industrial_calibration_optimizations.dir/src/extrinsic_hand_eye.cpp.o[0m
[ 20%] [32mBuilding CXX object optimizations/CMakeFiles/industrial_calibration_optimizations.dir/src/multi_camera_pnp.cpp.o[0m
[ 22%] [32mBuilding CXX object target_finders/opencv/CMakeFiles/industrial_calibration_target_finders_opencv.dir/src/circle_detector.cpp.o[0m
[ 23%] [32mBuilding CXX object target_finders/opencv/CMakeFiles/industrial_calibration_target_finders_opencv.dir/src/target_finder.cpp.o[0m
[ 25%] [32mBuilding CXX object target_finders/opencv/CMakeFiles/industrial_calibration_target_finders_opencv.dir/src/modified_circle_grid_target_finder.cpp.o[0m
[ 26%] [32mBuilding CXX object target_finders/opencv/CMakeFiles/industrial_calibration_target_finders_opencv.dir/src/aruco_grid_target_finder.cpp.o[0m
[ 28%] [32mBuilding CXX object target_finders/opencv/CMakeFiles/industrial_calibration_target_finders_opencv.dir/src/charuco_grid_target_finder.cpp.o[0m
[ 29%] [32m[1mLinking CXX shared library libindustrial_calibration_target_finders_opencv.so[0m
[ 29%] Built target industrial_calibration_target_finders_opencv
[ 31%] [32mBuilding CXX object target_finders/opencv/CMakeFiles/industrial_calibration_plugins_opencv.dir/src/plugins.cpp.o[0m
[ 32%] [32m[1mLinking CXX shared library libindustrial_calibration_optimizations.so[0m
[ 34%] [32m[1mLinking CXX shared library libindustrial_calibration_plugins_opencv.so[0m
[ 34%] Built target industrial_calibration_plugins_opencv
[ 34%] Built target industrial_calibration_optimizations
[ 35%] [32mBuilding CXX object analysis/CMakeFiles/industrial_calibration_analysis.dir/src/extrinsic_hand_eye_calibration_analysis.cpp.o[0m
[ 37%] [32mBuilding CXX object analysis/CMakeFiles/industrial_calibration_analysis.dir/src/homography_analysis.cpp.o[0m
[ 38%] [32mBuilding CXX object analysis/CMakeFiles/industrial_calibration_analysis.dir/src/noise_qualification.cpp.o[0m
[ 40%] [32mBuilding CXX object analysis/CMakeFiles/industrial_calibration_analysis.dir/src/projection.cpp.o[0m
[ 41%] [32mBuilding CXX object analysis/CMakeFiles/industrial_calibration_analysis.dir/src/statistics.cpp.o[0m
[ 43%] [32mBuilding CXX object analysis/CMakeFiles/industrial_calibration_analysis.dir/src/camera_intrinsic_calibration_analysis.cpp.o[0m
[ 44%] [32m[1mLinking CXX shared library libindustrial_calibration_analysis.so[0m
[ 44%] Built target industrial_calibration_analysis
[ 46%] [32mBuilding CXX object examples/CMakeFiles/industrial_calibration_extrinsic_hand_eye.dir/extrinsic_hand_eye.cpp.o[0m
[ 47%] [32mBuilding CXX object examples/CMakeFiles/industrial_calibration_camera_intrinsic.dir/camera_intrinsic.cpp.o[0m
[ 49%] [32mBuilding CXX object examples/CMakeFiles/industrial_calibration_kinematic_calibration.dir/kinematic_calibration.cpp.o[0m
[ 50%] [32mBuilding CXX object examples/CMakeFiles/industrial_calibration_pnp.dir/pnp.cpp.o[0m
[ 50%] Built target industrial_calibration_gui_autogen_timestamp_deps
[ 52%] [32mBuilding CXX object examples/CMakeFiles/industrial_calibration_noise_qualification_2d.dir/noise_qualification_2d.cpp.o[0m
[ 53%] [34m[1mAutomatic MOC and UIC for target industrial_calibration_gui[0m
[ 53%] Built target industrial_calibration_gui_autogen
[ 55%] [34m[1mAutomatic RCC for resources/resources.qrc[0m
[ 56%] [32mBuilding CXX object gui/CMakeFiles/industrial_calibration_gui.dir/src/configurable_widget.cpp.o[0m
[ 58%] [32mBuilding CXX object gui/CMakeFiles/industrial_calibration_gui.dir/src/aspect_ratio_pixmap_label.cpp.o[0m
[ 59%] [32mBuilding CXX object gui/CMakeFiles/industrial_calibration_gui.dir/industrial_calibration_gui_autogen/mocs_compilation.cpp.o[0m
[ 61%] [32mBuilding CXX object gui/CMakeFiles/industrial_calibration_gui.dir/src/camera_intrinsics.cpp.o[0m
[01m[K/home/tetripick/UR10_Pick_ws/ros2_ws/src/industrial_calibration/examples/pnp.cpp:[m[K In function ‘[01m[Kstd::tuple<industrial_calibration::PnPResult, Eigen::Transform<double, 3, 1, 0> >[01;32m[K run[m[K(const path&)[m[K’:
[01m[K/home/tetripick/UR10_Pick_ws/ros2_ws/src/industrial_calibration/examples/pnp.cpp:74:33:[m[K [01;31m[Kerror: [m[Kno matching function for call to ‘[01m[Kstd::vector<std::__cxx11::basic_string<char> >::insert(const char [38])[m[K’
   74 |   [01;31m[Kloader.search_libraries.insert(INDUSTRIAL_CALIBRATION_PLUGIN_LIBRARIES)[m[K;
      |   [01;31m[K~~~~~~~~~~~~~~~~~~~~~~~~~~~~~~^~~~~~~~~~~~~~~~~~~~~~~~~~~~~~~~~~~~~~~~~[m[K
In file included from [01m[K/usr/include/c++/13/vector:66[m[K,
                 from [01m[K/home/tetripick/UR10_Pick_ws/ros2_ws/src/industrial_calibration/core/include/industrial_calibration/core/types.h:3[m[K,
                 from [01m[K/home/tetripick/UR10_Pick_ws/ros2_ws/src/industrial_calibration/optimizations/include/industrial_calibration/optimizations/pnp.h:3[m[K,
                 from [01m[K/home/tetripick/UR10_Pick_ws/ros2_ws/src/industrial_calibration/examples/pnp.cpp:1[m[K:
[01m[K/usr/include/c++/13/bits/stl_vector.h:1482:9:[m[K [01;36m[Knote: [m[Kcandidate: ‘[01m[Ktemplate<class _InputIterator, class> std::vector<_Tp, _Alloc>::iterator std::vector<_Tp, _Alloc>::[01;32m[Kinsert[m[K(const_iterator, _InputIterator, _InputIterator) [35m[K[with <template-parameter-2-2> = _InputIterator; _Tp = std::__cxx11::basic_string<char>; _Alloc = std::allocator<std::__cxx11::basic_string<char> >][m[K[m[K’
 1482 |         [01;36m[Kinsert[m[K(const_iterator __position, _InputIterator __first,
      |         [01;36m[K^~~~~~[m[K
[01m[K/usr/include/c++/13/bits/stl_vector.h:1482:9:[m[K [01;36m[Knote: [m[K  template argument deduction/substitution failed:
[01m[K/home/tetripick/UR10_Pick_ws/ros2_ws/src/industrial_calibration/examples/pnp.cpp:74:33:[m[K [01;36m[Knote: [m[K  candidate expects 3 arguments, 1 provided
   74 |   [01;36m[Kloader.search_libraries.insert(INDUSTRIAL_CALIBRATION_PLUGIN_LIBRARIES)[m[K;
      |   [01;36m[K~~~~~~~~~~~~~~~~~~~~~~~~~~~~~~^~~~~~~~~~~~~~~~~~~~~~~~~~~~~~~~~~~~~~~~~[m[K
In file included from [01m[K/usr/include/c++/13/vector:72[m[K:
[01m[K/usr/include/c++/13/bits/vector.tcc:133:5:[m[K [01;36m[Knote: [m[Kcandidate: ‘[01m[Kstd::vector<_Tp, _Alloc>::iterator std::vector<_Tp, _Alloc>::[01;32m[Kinsert[m[K(const_iterator, const value_type&) [35m[K[with _Tp = std::__cxx11::basic_string<char>; _Alloc = std::allocator<std::__cxx11::basic_string<char> >; iterator = std::vector<std::__cxx11::basic_string<char> >::iterator; const_iterator = std::vector<std::__cxx11::basic_string<char> >::const_iterator; value_type = std::__cxx11::basic_string<char>][m[K[m[K’
  133 |     [01;36m[Kvector<_Tp, _Alloc>[m[K::
      |     [01;36m[K^~~~~~~~~~~~~~~~~~~[m[K
[01m[K/usr/include/c++/13/bits/vector.tcc:133:5:[m[K [01;36m[Knote: [m[K  candidate expects 2 arguments, 1 provided
[01m[K/usr/include/c++/13/bits/stl_vector.h:1393:7:[m[K [01;36m[Knote: [m[Kcandidate: ‘[01m[Kstd::vector<_Tp, _Alloc>::iterator std::vector<_Tp, _Alloc>::[01;32m[Kinsert[m[K(const_iterator, value_type&&) [35m[K[with _Tp = std::__cxx11::basic_string<char>; _Alloc = std::allocator<std::__cxx11::basic_string<char> >; iterator = std::vector<std::__cxx11::basic_string<char> >::iterator; const_iterator = std::vector<std::__cxx11::basic_string<char> >::const_iterator; value_type = std::__cxx11::basic_string<char>][m[K[m[K’
 1393 |       [01;36m[Kinsert[m[K(const_iterator __position, value_type&& __x)
      |       [01;36m[K^~~~~~[m[K
[01m[K/usr/include/c++/13/bits/stl_vector.h:1393:7:[m[K [01;36m[Knote: [m[K  candidate expects 2 arguments, 1 provided
[01m[K/usr/include/c++/13/bits/stl_vector.h:1411:7:[m[K [01;36m[Knote: [m[Kcandidate: ‘[01m[Kstd::vector<_Tp, _Alloc>::iterator std::vector<_Tp, _Alloc>::[01;32m[Kinsert[m[K(const_iterator, std::initializer_list<_Tp>) [35m[K[with _Tp = std::__cxx11::basic_string<char>; _Alloc = std::allocator<std::__cxx11::basic_string<char> >; iterator = std::vector<std::__cxx11::basic_string<char> >::iterator; const_iterator = std::vector<std::__cxx11::basic_string<char> >::const_iterator][m[K[m[K’
 1411 |       [01;36m[Kinsert[m[K(const_iterator __position, initializer_list<value_type> __l)
      |       [01;36m[K^~~~~~[m[K
[01m[K/usr/include/c++/13/bits/stl_vector.h:1411:7:[m[K [01;36m[Knote: [m[K  candidate expects 2 arguments, 1 provided
[01m[K/usr/include/c++/13/bits/stl_vector.h:1437:7:[m[K [01;36m[Knote: [m[Kcandidate: ‘[01m[Kstd::vector<_Tp, _Alloc>::iterator std::vector<_Tp, _Alloc>::[01;32m[Kinsert[m[K(const_iterator, size_type, const value_type&) [35m[K[with _Tp = std::__cxx11::basic_string<char>; _Alloc = std::allocator<std::__cxx11::basic_string<char> >; iterator = std::vector<std::__cxx11::basic_string<char> >::iterator; const_iterator = std::vector<std::__cxx11::basic_string<char> >::const_iterator; size_type = long unsigned int; value_type = std::__cxx11::basic_string<char>][m[K[m[K’
 1437 |       [01;36m[Kinsert[m[K(const_iterator __position, size_type __n, const value_type& __x)
      |       [01;36m[K^~~~~~[m[K
[01m[K/usr/include/c++/13/bits/stl_vector.h:1437:7:[m[K [01;36m[Knote: [m[K  candidate expects 3 arguments, 1 provided
[01m[K/home/tetripick/UR10_Pick_ws/ros2_ws/src/industrial_calibration/examples/noise_qualification_2d.cpp:[m[K In function ‘[01m[Kindustrial_calibration::PnPNoiseStat[01;32m[K run[m[K(const path&)[m[K’:
[01m[K/home/tetripick/UR10_Pick_ws/ros2_ws/src/industrial_calibration/examples/noise_qualification_2d.cpp:31:33:[m[K [01;31m[Kerror: [m[Kno matching function for call to ‘[01m[Kstd::vector<std::__cxx11::basic_string<char> >::insert(const char [38])[m[K’
   31 |   [01;31m[Kloader.search_libraries.insert(INDUSTRIAL_CALIBRATION_PLUGIN_LIBRARIES)[m[K;
      |   [01;31m[K~~~~~~~~~~~~~~~~~~~~~~~~~~~~~~^~~~~~~~~~~~~~~~~~~~~~~~~~~~~~~~~~~~~~~~~[m[K
In file included from [01m[K/usr/include/c++/13/vector:66[m[K,
                 from [01m[K/home/tetripick/UR10_Pick_ws/ros2_ws/src/industrial_calibration/core/include/industrial_calibration/core/types.h:3[m[K,
                 from [01m[K/home/tetripick/UR10_Pick_ws/ros2_ws/src/industrial_calibration/analysis/include/industrial_calibration/analysis/noise_qualification.h:3[m[K,
                 from [01m[K/home/tetripick/UR10_Pick_ws/ros2_ws/src/industrial_calibration/examples/noise_qualification_2d.cpp:1[m[K:
[01m[K/usr/include/c++/13/bits/stl_vector.h:1482:9:[m[K [01;36m[Knote: [m[Kcandidate: ‘[01m[Ktemplate<class _InputIterator, class> std::vector<_Tp, _Alloc>::iterator std::vector<_Tp, _Alloc>::[01;32m[Kinsert[m[K(const_iterator, _InputIterator, _InputIterator) [35m[K[with <template-parameter-2-2> = _InputIterator; _Tp = std::__cxx11::basic_string<char>; _Alloc = std::allocator<std::__cxx11::basic_string<char> >][m[K[m[K’
 1482 |         [01;36m[Kinsert[m[K(const_iterator __position, _InputIterator __first,
      |         [01;36m[K^~~~~~[m[K
[01m[K/usr/include/c++/13/bits/stl_vector.h:1482:9:[m[K [01;36m[Knote: [m[K  template argument deduction/substitution failed:
[01m[K/home/tetripick/UR10_Pick_ws/ros2_ws/src/industrial_calibration/examples/noise_qualification_2d.cpp:31:33:[m[K [01;36m[Knote: [m[K  candidate expects 3 arguments, 1 provided
   31 |   [01;36m[Kloader.search_libraries.insert(INDUSTRIAL_CALIBRATION_PLUGIN_LIBRARIES)[m[K;
      |   [01;36m[K~~~~~~~~~~~~~~~~~~~~~~~~~~~~~~^~~~~~~~~~~~~~~~~~~~~~~~~~~~~~~~~~~~~~~~~[m[K
In file included from [01m[K/usr/include/c++/13/vector:72[m[K:
[01m[K/usr/include/c++/13/bits/vector.tcc:133:5:[m[K [01;36m[Knote: [m[Kcandidate: ‘[01m[Kstd::vector<_Tp, _Alloc>::iterator std::vector<_Tp, _Alloc>::[01;32m[Kinsert[m[K(const_iterator, const value_type&) [35m[K[with _Tp = std::__cxx11::basic_string<char>; _Alloc = std::allocator<std::__cxx11::basic_string<char> >; iterator = std::vector<std::__cxx11::basic_string<char> >::iterator; const_iterator = std::vector<std::__cxx11::basic_string<char> >::const_iterator; value_type = std::__cxx11::basic_string<char>][m[K[m[K’
  133 |     [01;36m[Kvector<_Tp, _Alloc>[m[K::
      |     [01;36m[K^~~~~~~~~~~~~~~~~~~[m[K
[01m[K/usr/include/c++/13/bits/vector.tcc:133:5:[m[K [01;36m[Knote: [m[K  candidate expects 2 arguments, 1 provided
[01m[K/usr/include/c++/13/bits/stl_vector.h:1393:7:[m[K [01;36m[Knote: [m[Kcandidate: ‘[01m[Kstd::vector<_Tp, _Alloc>::iterator std::vector<_Tp, _Alloc>::[01;32m[Kinsert[m[K(const_iterator, value_type&&) [35m[K[with _Tp = std::__cxx11::basic_string<char>; _Alloc = std::allocator<std::__cxx11::basic_string<char> >; iterator = std::vector<std::__cxx11::basic_string<char> >::iterator; const_iterator = std::vector<std::__cxx11::basic_string<char> >::const_iterator; value_type = std::__cxx11::basic_string<char>][m[K[m[K’
 1393 |       [01;36m[Kinsert[m[K(const_iterator __position, value_type&& __x)
      |       [01;36m[K^~~~~~[m[K
[01m[K/usr/include/c++/13/bits/stl_vector.h:1393:7:[m[K [01;36m[Knote: [m[K  candidate expects 2 arguments, 1 provided
[01m[K/usr/include/c++/13/bits/stl_vector.h:1411:7:[m[K [01;36m[Knote: [m[Kcandidate: ‘[01m[Kstd::vector<_Tp, _Alloc>::iterator std::vector<_Tp, _Alloc>::[01;32m[Kinsert[m[K(const_iterator, std::initializer_list<_Tp>) [35m[K[with _Tp = std::__cxx11::basic_string<char>; _Alloc = std::allocator<std::__cxx11::basic_string<char> >; iterator = std::vector<std::__cxx11::basic_string<char> >::iterator; const_iterator = std::vector<std::__cxx11::basic_string<char> >::const_iterator][m[K[m[K’
 1411 |       [01;36m[Kinsert[m[K(const_iterator __position, initializer_list<value_type> __l)
      |       [01;36m[K^~~~~~[m[K
[01m[K/usr/include/c++/13/bits/stl_vector.h:1411:7:[m[K [01;36m[Knote: [m[K  candidate expects 2 arguments, 1 provided
[01m[K/usr/include/c++/13/bits/stl_vector.h:1437:7:[m[K [01;36m[Knote: [m[Kcandidate: ‘[01m[Kstd::vector<_Tp, _Alloc>::iterator std::vector<_Tp, _Alloc>::[01;32m[Kinsert[m[K(const_iterator, size_type, const value_type&) [35m[K[with _Tp = std::__cxx11::basic_string<char>; _Alloc = std::allocator<std::__cxx11::basic_string<char> >; iterator = std::vector<std::__cxx11::basic_string<char> >::iterator; const_iterator = std::vector<std::__cxx11::basic_string<char> >::const_iterator; size_type = long unsigned int; value_type = std::__cxx11::basic_string<char>][m[K[m[K’
 1437 |       [01;36m[Kinsert[m[K(const_iterator __position, size_type __n, const value_type& __x)
      |       [01;36m[K^~~~~~[m[K
[01m[K/usr/include/c++/13/bits/stl_vector.h:1437:7:[m[K [01;36m[Knote: [m[K  candidate expects 3 arguments, 1 provided
[ 62%] [32mBuilding CXX object gui/CMakeFiles/industrial_calibration_gui.dir/src/transform_guess.cpp.o[0m
[01m[K/home/tetripick/UR10_Pick_ws/ros2_ws/src/industrial_calibration/examples/camera_intrinsic.cpp:[m[K In function ‘[01m[Kstd::pair<industrial_calibration::CameraIntrinsicResult, industrial_calibration::IntrinsicCalibrationAccuracyResult>[01;32m[K run[m[K(const path&)[m[K’:
[01m[K/home/tetripick/UR10_Pick_ws/ros2_ws/src/industrial_calibration/examples/camera_intrinsic.cpp:96:33:[m[K [01;31m[Kerror: [m[Kno matching function for call to ‘[01m[Kstd::vector<std::__cxx11::basic_string<char> >::insert(const char [38])[m[K’
   96 |   [01;31m[Kloader.search_libraries.insert(INDUSTRIAL_CALIBRATION_PLUGIN_LIBRARIES)[m[K;
      |   [01;31m[K~~~~~~~~~~~~~~~~~~~~~~~~~~~~~~^~~~~~~~~~~~~~~~~~~~~~~~~~~~~~~~~~~~~~~~~[m[K
In file included from [01m[K/usr/include/c++/13/vector:66[m[K,
                 from [01m[K/usr/include/c++/13/functional:64[m[K,
                 from [01m[K/usr/include/eigen3/Eigen/Core:85[m[K,
                 from [01m[K/usr/include/eigen3/Eigen/Dense:1[m[K,
                 from [01m[K/home/tetripick/UR10_Pick_ws/ros2_ws/src/industrial_calibration/optimizations/include/industrial_calibration/optimizations/covariance_types.h:3[m[K,
                 from [01m[K/home/tetripick/UR10_Pick_ws/ros2_ws/src/industrial_calibration/optimizations/include/industrial_calibration/optimizations/camera_intrinsic.h:3[m[K,
                 from [01m[K/home/tetripick/UR10_Pick_ws/ros2_ws/src/industrial_calibration/examples/camera_intrinsic.cpp:1[m[K:
[01m[K/usr/include/c++/13/bits/stl_vector.h:1482:9:[m[K [01;36m[Knote: [m[Kcandidate: ‘[01m[Ktemplate<class _InputIterator, class> std::vector<_Tp, _Alloc>::iterator std::vector<_Tp, _Alloc>::[01;32m[Kinsert[m[K(const_iterator, _InputIterator, _InputIterator) [35m[K[with <template-parameter-2-2> = _InputIterator; _Tp = std::__cxx11::basic_string<char>; _Alloc = std::allocator<std::__cxx11::basic_string<char> >][m[K[m[K’
 1482 |         [01;36m[Kinsert[m[K(const_iterator __position, _InputIterator __first,
      |         [01;36m[K^~~~~~[m[K
[01m[K/usr/include/c++/13/bits/stl_vector.h:1482:9:[m[K [01;36m[Knote: [m[K  template argument deduction/substitution failed:
[01m[K/home/tetripick/UR10_Pick_ws/ros2_ws/src/industrial_calibration/examples/camera_intrinsic.cpp:96:33:[m[K [01;36m[Knote: [m[K  candidate expects 3 arguments, 1 provided
   96 |   [01;36m[Kloader.search_libraries.insert(INDUSTRIAL_CALIBRATION_PLUGIN_LIBRARIES)[m[K;
      |   [01;36m[K~~~~~~~~~~~~~~~~~~~~~~~~~~~~~~^~~~~~~~~~~~~~~~~~~~~~~~~~~~~~~~~~~~~~~~~[m[K
In file included from [01m[K/usr/include/c++/13/vector:72[m[K:
[01m[K/usr/include/c++/13/bits/vector.tcc:133:5:[m[K [01;36m[Knote: [m[Kcandidate: ‘[01m[Kstd::vector<_Tp, _Alloc>::iterator std::vector<_Tp, _Alloc>::[01;32m[Kinsert[m[K(const_iterator, const value_type&) [35m[K[with _Tp = std::__cxx11::basic_string<char>; _Alloc = std::allocator<std::__cxx11::basic_string<char> >; iterator = std::vector<std::__cxx11::basic_string<char> >::iterator; const_iterator = std::vector<std::__cxx11::basic_string<char> >::const_iterator; value_type = std::__cxx11::basic_string<char>][m[K[m[K’
  133 |     [01;36m[Kvector<_Tp, _Alloc>[m[K::
      |     [01;36m[K^~~~~~~~~~~~~~~~~~~[m[K
[01m[K/usr/include/c++/13/bits/vector.tcc:133:5:[m[K [01;36m[Knote: [m[K  candidate expects 2 arguments, 1 provided
[01m[K/usr/include/c++/13/bits/stl_vector.h:1393:7:[m[K [01;36m[Knote: [m[Kcandidate: ‘[01m[Kstd::vector<_Tp, _Alloc>::iterator std::vector<_Tp, _Alloc>::[01;32m[Kinsert[m[K(const_iterator, value_type&&) [35m[K[with _Tp = std::__cxx11::basic_string<char>; _Alloc = std::allocator<std::__cxx11::basic_string<char> >; iterator = std::vector<std::__cxx11::basic_string<char> >::iterator; const_iterator = std::vector<std::__cxx11::basic_string<char> >::const_iterator; value_type = std::__cxx11::basic_string<char>][m[K[m[K’
 1393 |       [01;36m[Kinsert[m[K(const_iterator __position, value_type&& __x)
      |       [01;36m[K^~~~~~[m[K
[01m[K/usr/include/c++/13/bits/stl_vector.h:1393:7:[m[K [01;36m[Knote: [m[K  candidate expects 2 arguments, 1 provided
[01m[K/usr/include/c++/13/bits/stl_vector.h:1411:7:[m[K [01;36m[Knote: [m[Kcandidate: ‘[01m[Kstd::vector<_Tp, _Alloc>::iterator std::vector<_Tp, _Alloc>::[01;32m[Kinsert[m[K(const_iterator, std::initializer_list<_Tp>) [35m[K[with _Tp = std::__cxx11::basic_string<char>; _Alloc = std::allocator<std::__cxx11::basic_string<char> >; iterator = std::vector<std::__cxx11::basic_string<char> >::iterator; const_iterator = std::vector<std::__cxx11::basic_string<char> >::const_iterator][m[K[m[K’
 1411 |       [01;36m[Kinsert[m[K(const_iterator __position, initializer_list<value_type> __l)
      |       [01;36m[K^~~~~~[m[K
[01m[K/usr/include/c++/13/bits/stl_vector.h:1411:7:[m[K [01;36m[Knote: [m[K  candidate expects 2 arguments, 1 provided
[01m[K/usr/include/c++/13/bits/stl_vector.h:1437:7:[m[K [01;36m[Knote: [m[Kcandidate: ‘[01m[Kstd::vector<_Tp, _Alloc>::iterator std::vector<_Tp, _Alloc>::[01;32m[Kinsert[m[K(const_iterator, size_type, const value_type&) [35m[K[with _Tp = std::__cxx11::basic_string<char>; _Alloc = std::allocator<std::__cxx11::basic_string<char> >; iterator = std::vector<std::__cxx11::basic_string<char> >::iterator; const_iterator = std::vector<std::__cxx11::basic_string<char> >::const_iterator; size_type = long unsigned int; value_type = std::__cxx11::basic_string<char>][m[K[m[K’
 1437 |       [01;36m[Kinsert[m[K(const_iterator __position, size_type __n, const value_type& __x)
      |       [01;36m[K^~~~~~[m[K
[01m[K/usr/include/c++/13/bits/stl_vector.h:1437:7:[m[K [01;36m[Knote: [m[K  candidate expects 3 arguments, 1 provided
[01m[K/home/tetripick/UR10_Pick_ws/ros2_ws/src/industrial_calibration/examples/extrinsic_hand_eye.cpp:[m[K In function ‘[01m[Kstd::tuple<industrial_calibration::ExtrinsicHandEyeResult, industrial_calibration::ExtrinsicHandEyeAnalysisStats>[01;32m[K run[m[K(const path&)[m[K’:
[01m[K/home/tetripick/UR10_Pick_ws/ros2_ws/src/industrial_calibration/examples/extrinsic_hand_eye.cpp:99:33:[m[K [01;31m[Kerror: [m[Kno matching function for call to ‘[01m[Kstd::vector<std::__cxx11::basic_string<char> >::insert(const char [38])[m[K’
   99 |   [01;31m[Kloader.search_libraries.insert(INDUSTRIAL_CALIBRATION_PLUGIN_LIBRARIES)[m[K;
      |   [01;31m[K~~~~~~~~~~~~~~~~~~~~~~~~~~~~~~^~~~~~~~~~~~~~~~~~~~~~~~~~~~~~~~~~~~~~~~~[m[K
In file included from [01m[K/usr/include/c++/13/vector:66[m[K,
                 from [01m[K/home/tetripick/UR10_Pick_ws/ros2_ws/src/industrial_calibration/core/include/industrial_calibration/core/types.h:3[m[K,
                 from [01m[K/home/tetripick/UR10_Pick_ws/ros2_ws/src/industrial_calibration/optimizations/include/industrial_calibration/optimizations/extrinsic_hand_eye.h:19[m[K,
                 from [01m[K/home/tetripick/UR10_Pick_ws/ros2_ws/src/industrial_calibration/examples/extrinsic_hand_eye.cpp:1[m[K:
[01m[K/usr/include/c++/13/bits/stl_vector.h:1482:9:[m[K [01;36m[Knote: [m[Kcandidate: ‘[01m[Ktemplate<class _InputIterator, class> std::vector<_Tp, _Alloc>::iterator std::vector<_Tp, _Alloc>::[01;32m[Kinsert[m[K(const_iterator, _InputIterator, _InputIterator) [35m[K[with <template-parameter-2-2> = _InputIterator; _Tp = std::__cxx11::basic_string<char>; _Alloc = std::allocator<std::__cxx11::basic_string<char> >][m[K[m[K’
 1482 |         [01;36m[Kinsert[m[K(const_iterator __position, _InputIterator __first,
      |         [01;36m[K^~~~~~[m[K
[01m[K/usr/include/c++/13/bits/stl_vector.h:1482:9:[m[K [01;36m[Knote: [m[K  template argument deduction/substitution failed:
[01m[K/home/tetripick/UR10_Pick_ws/ros2_ws/src/industrial_calibration/examples/extrinsic_hand_eye.cpp:99:33:[m[K [01;36m[Knote: [m[K  candidate expects 3 arguments, 1 provided
   99 |   [01;36m[Kloader.search_libraries.insert(INDUSTRIAL_CALIBRATION_PLUGIN_LIBRARIES)[m[K;
      |   [01;36m[K~~~~~~~~~~~~~~~~~~~~~~~~~~~~~~^~~~~~~~~~~~~~~~~~~~~~~~~~~~~~~~~~~~~~~~~[m[K
In file included from [01m[K/usr/include/c++/13/vector:72[m[K:
[01m[K/usr/include/c++/13/bits/vector.tcc:133:5:[m[K [01;36m[Knote: [m[Kcandidate: ‘[01m[Kstd::vector<_Tp, _Alloc>::iterator std::vector<_Tp, _Alloc>::[01;32m[Kinsert[m[K(const_iterator, const value_type&) [35m[K[with _Tp = std::__cxx11::basic_string<char>; _Alloc = std::allocator<std::__cxx11::basic_string<char> >; iterator = std::vector<std::__cxx11::basic_string<char> >::iterator; const_iterator = std::vector<std::__cxx11::basic_string<char> >::const_iterator; value_type = std::__cxx11::basic_string<char>][m[K[m[K’
  133 |     [01;36m[Kvector<_Tp, _Alloc>[m[K::
      |     [01;36m[K^~~~~~~~~~~~~~~~~~~[m[K
[01m[K/usr/include/c++/13/bits/vector.tcc:133:5:[m[K [01;36m[Knote: [m[K  candidate expects 2 arguments, 1 provided
[01m[K/usr/include/c++/13/bits/stl_vector.h:1393:7:[m[K [01;36m[Knote: [m[Kcandidate: ‘[01m[Kstd::vector<_Tp, _Alloc>::iterator std::vector<_Tp, _Alloc>::[01;32m[Kinsert[m[K(const_iterator, value_type&&) [35m[K[with _Tp = std::__cxx11::basic_string<char>; _Alloc = std::allocator<std::__cxx11::basic_string<char> >; iterator = std::vector<std::__cxx11::basic_string<char> >::iterator; const_iterator = std::vector<std::__cxx11::basic_string<char> >::const_iterator; value_type = std::__cxx11::basic_string<char>][m[K[m[K’
 1393 |       [01;36m[Kinsert[m[K(const_iterator __position, value_type&& __x)
      |       [01;36m[K^~~~~~[m[K
[01m[K/usr/include/c++/13/bits/stl_vector.h:1393:7:[m[K [01;36m[Knote: [m[K  candidate expects 2 arguments, 1 provided
[01m[K/usr/include/c++/13/bits/stl_vector.h:1411:7:[m[K [01;36m[Knote: [m[Kcandidate: ‘[01m[Kstd::vector<_Tp, _Alloc>::iterator std::vector<_Tp, _Alloc>::[01;32m[Kinsert[m[K(const_iterator, std::initializer_list<_Tp>) [35m[K[with _Tp = std::__cxx11::basic_string<char>; _Alloc = std::allocator<std::__cxx11::basic_string<char> >; iterator = std::vector<std::__cxx11::basic_string<char> >::iterator; const_iterator = std::vector<std::__cxx11::basic_string<char> >::const_iterator][m[K[m[K’
 1411 |       [01;36m[Kinsert[m[K(const_iterator __position, initializer_list<value_type> __l)
      |       [01;36m[K^~~~~~[m[K
[01m[K/usr/include/c++/13/bits/stl_vector.h:1411:7:[m[K [01;36m[Knote: [m[K  candidate expects 2 arguments, 1 provided
[01m[K/usr/include/c++/13/bits/stl_vector.h:1437:7:[m[K [01;36m[Knote: [m[Kcandidate: ‘[01m[Kstd::vector<_Tp, _Alloc>::iterator std::vector<_Tp, _Alloc>::[01;32m[Kinsert[m[K(const_iterator, size_type, const value_type&) [35m[K[with _Tp = std::__cxx11::basic_string<char>; _Alloc = std::allocator<std::__cxx11::basic_string<char> >; iterator = std::vector<std::__cxx11::basic_string<char> >::iterator; const_iterator = std::vector<std::__cxx11::basic_string<char> >::const_iterator; size_type = long unsigned int; value_type = std::__cxx11::basic_string<char>][m[K[m[K’
 1437 |       [01;36m[Kinsert[m[K(const_iterator __position, size_type __n, const value_type& __x)
      |       [01;36m[K^~~~~~[m[K
[01m[K/usr/include/c++/13/bits/stl_vector.h:1437:7:[m[K [01;36m[Knote: [m[K  candidate expects 3 arguments, 1 provided
gmake[2]: *** [examples/CMakeFiles/industrial_calibration_noise_qualification_2d.dir/build.make:76: examples/CMakeFiles/industrial_calibration_noise_qualification_2d.dir/noise_qualification_2d.cpp.o] Error 1
gmake[1]: *** [CMakeFiles/Makefile2:697: examples/CMakeFiles/industrial_calibration_noise_qualification_2d.dir/all] Error 2
gmake[1]: *** Waiting for unfinished jobs....
[ 64%] [32mBuilding CXX object gui/CMakeFiles/industrial_calibration_gui.dir/src/charuco_grid_target_finder.cpp.o[0m
[ 65%] [32mBuilding CXX object gui/CMakeFiles/industrial_calibration_gui.dir/src/aruco_grid_target_finder.cpp.o[0m
gmake[2]: *** [examples/CMakeFiles/industrial_calibration_pnp.dir/build.make:76: examples/CMakeFiles/industrial_calibration_pnp.dir/pnp.cpp.o] Error 1
gmake[1]: *** [CMakeFiles/Makefile2:726: examples/CMakeFiles/industrial_calibration_pnp.dir/all] Error 2
[ 67%] [32mBuilding CXX object gui/CMakeFiles/industrial_calibration_gui.dir/src/modified_circle_grid_target_finder.cpp.o[0m
gmake[2]: *** [examples/CMakeFiles/industrial_calibration_camera_intrinsic.dir/build.make:76: examples/CMakeFiles/industrial_calibration_camera_intrinsic.dir/camera_intrinsic.cpp.o] Error 1
gmake[1]: *** [CMakeFiles/Makefile2:610: examples/CMakeFiles/industrial_calibration_camera_intrinsic.dir/all] Error 2
[ 68%] [32mBuilding CXX object gui/CMakeFiles/industrial_calibration_gui.dir/src/target_finder.cpp.o[0m
gmake[2]: *** [examples/CMakeFiles/industrial_calibration_extrinsic_hand_eye.dir/build.make:76: examples/CMakeFiles/industrial_calibration_extrinsic_hand_eye.dir/extrinsic_hand_eye.cpp.o] Error 1
gmake[1]: *** [CMakeFiles/Makefile2:639: examples/CMakeFiles/industrial_calibration_extrinsic_hand_eye.dir/all] Error 2
[ 70%] [32mBuilding CXX object gui/CMakeFiles/industrial_calibration_gui.dir/src/camera_calibration_data_manager_widget.cpp.o[0m
[ 71%] [32mBuilding CXX object gui/CMakeFiles/industrial_calibration_gui.dir/src/extrinsic_hand_eye_calibration_widget.cpp.o[0m
[ 73%] [32mBuilding CXX object gui/CMakeFiles/industrial_calibration_gui.dir/src/camera_intrinsic_calibration_widget.cpp.o[0m
[ 74%] [32mBuilding CXX object gui/CMakeFiles/industrial_calibration_gui.dir/industrial_calibration_gui_autogen/3YJK5W5UP7/qrc_resources.cpp.o[0m
[ 76%] [32m[1mLinking CXX executable industrial_calibration_kinematic_calibration[0m
[01m[K/home/tetripick/UR10_Pick_ws/ros2_ws/src/industrial_calibration/gui/src/camera_calibration_data_manager_widget.cpp:[m[K In constructor ‘[01m[Kindustrial_calibration::CameraCalibrationDataManagerWidget::[01;32m[KCameraCalibrationDataManagerWidget[m[K(QWidget*)[m[K’:
[01m[K/home/tetripick/UR10_Pick_ws/ros2_ws/src/industrial_calibration/gui/src/camera_calibration_data_manager_widget.cpp:102:34:[m[K [01;31m[Kerror: [m[Kno matching function for call to ‘[01m[Kstd::vector<std::__cxx11::basic_string<char> >::insert(const char [38])[m[K’
  102 |   [01;31m[Kloader_.search_libraries.insert(INDUSTRIAL_CALIBRATION_PLUGIN_LIBRARIES)[m[K;
      |   [01;31m[K~~~~~~~~~~~~~~~~~~~~~~~~~~~~~~~^~~~~~~~~~~~~~~~~~~~~~~~~~~~~~~~~~~~~~~~~[m[K
In file included from [01m[K/usr/include/c++/13/vector:66[m[K,
                 from [01m[K/usr/include/c++/13/functional:64[m[K,
                 from [01m[K/usr/include/x86_64-linux-gnu/qt5/QtCore/qhashfunctions.h:48[m[K,
                 from [01m[K/usr/include/x86_64-linux-gnu/qt5/QtCore/qlist.h:47[m[K,
                 from [01m[K/usr/include/x86_64-linux-gnu/qt5/QtCore/qvariant.h:45[m[K,
                 from [01m[K/usr/include/x86_64-linux-gnu/qt5/QtCore/QVariant:1[m[K,
                 from [01m[K/home/tetripick/UR10_Pick_ws/ros2_ws/build/industrial_calibration/gui/industrial_calibration_gui_autogen/include/ui_camera_calibration_data_manager_widget.h:12[m[K,
                 from [01m[K/home/tetripick/UR10_Pick_ws/ros2_ws/src/industrial_calibration/gui/src/camera_calibration_data_manager_widget.cpp:1[m[K:
[01m[K/usr/include/c++/13/bits/stl_vector.h:1482:9:[m[K [01;36m[Knote: [m[Kcandidate: ‘[01m[Ktemplate<class _InputIterator, class> std::vector<_Tp, _Alloc>::iterator std::vector<_Tp, _Alloc>::[01;32m[Kinsert[m[K(const_iterator, _InputIterator, _InputIterator) [35m[K[with <template-parameter-2-2> = _InputIterator; _Tp = std::__cxx11::basic_string<char>; _Alloc = std::allocator<std::__cxx11::basic_string<char> >][m[K[m[K’
 1482 |         [01;36m[Kinsert[m[K(const_iterator __position, _InputIterator __first,
      |         [01;36m[K^~~~~~[m[K
[01m[K/usr/include/c++/13/bits/stl_vector.h:1482:9:[m[K [01;36m[Knote: [m[K  template argument deduction/substitution failed:
[01m[K/home/tetripick/UR10_Pick_ws/ros2_ws/src/industrial_calibration/gui/src/camera_calibration_data_manager_widget.cpp:102:34:[m[K [01;36m[Knote: [m[K  candidate expects 3 arguments, 1 provided
  102 |   [01;36m[Kloader_.search_libraries.insert(INDUSTRIAL_CALIBRATION_PLUGIN_LIBRARIES)[m[K;
      |   [01;36m[K~~~~~~~~~~~~~~~~~~~~~~~~~~~~~~~^~~~~~~~~~~~~~~~~~~~~~~~~~~~~~~~~~~~~~~~~[m[K
In file included from [01m[K/usr/include/c++/13/vector:72[m[K:
[01m[K/usr/include/c++/13/bits/vector.tcc:133:5:[m[K [01;36m[Knote: [m[Kcandidate: ‘[01m[Kstd::vector<_Tp, _Alloc>::iterator std::vector<_Tp, _Alloc>::[01;32m[Kinsert[m[K(const_iterator, const value_type&) [35m[K[with _Tp = std::__cxx11::basic_string<char>; _Alloc = std::allocator<std::__cxx11::basic_string<char> >; iterator = std::vector<std::__cxx11::basic_string<char> >::iterator; const_iterator = std::vector<std::__cxx11::basic_string<char> >::const_iterator; value_type = std::__cxx11::basic_string<char>][m[K[m[K’
  133 |     [01;36m[Kvector<_Tp, _Alloc>[m[K::
      |     [01;36m[K^~~~~~~~~~~~~~~~~~~[m[K
[01m[K/usr/include/c++/13/bits/vector.tcc:133:5:[m[K [01;36m[Knote: [m[K  candidate expects 2 arguments, 1 provided
[01m[K/usr/include/c++/13/bits/stl_vector.h:1393:7:[m[K [01;36m[Knote: [m[Kcandidate: ‘[01m[Kstd::vector<_Tp, _Alloc>::iterator std::vector<_Tp, _Alloc>::[01;32m[Kinsert[m[K(const_iterator, value_type&&) [35m[K[with _Tp = std::__cxx11::basic_string<char>; _Alloc = std::allocator<std::__cxx11::basic_string<char> >; iterator = std::vector<std::__cxx11::basic_string<char> >::iterator; const_iterator = std::vector<std::__cxx11::basic_string<char> >::const_iterator; value_type = std::__cxx11::basic_string<char>][m[K[m[K’
 1393 |       [01;36m[Kinsert[m[K(const_iterator __position, value_type&& __x)
      |       [01;36m[K^~~~~~[m[K
[01m[K/usr/include/c++/13/bits/stl_vector.h:1393:7:[m[K [01;36m[Knote: [m[K  candidate expects 2 arguments, 1 provided
[01m[K/usr/include/c++/13/bits/stl_vector.h:1411:7:[m[K [01;36m[Knote: [m[Kcandidate: ‘[01m[Kstd::vector<_Tp, _Alloc>::iterator std::vector<_Tp, _Alloc>::[01;32m[Kinsert[m[K(const_iterator, std::initializer_list<_Tp>) [35m[K[with _Tp = std::__cxx11::basic_string<char>; _Alloc = std::allocator<std::__cxx11::basic_string<char> >; iterator = std::vector<std::__cxx11::basic_string<char> >::iterator; const_iterator = std::vector<std::__cxx11::basic_string<char> >::const_iterator][m[K[m[K’
 1411 |       [01;36m[Kinsert[m[K(const_iterator __position, initializer_list<value_type> __l)
      |       [01;36m[K^~~~~~[m[K
[01m[K/usr/include/c++/13/bits/stl_vector.h:1411:7:[m[K [01;36m[Knote: [m[K  candidate expects 2 arguments, 1 provided
[01m[K/usr/include/c++/13/bits/stl_vector.h:1437:7:[m[K [01;36m[Knote: [m[Kcandidate: ‘[01m[Kstd::vector<_Tp, _Alloc>::iterator std::vector<_Tp, _Alloc>::[01;32m[Kinsert[m[K(const_iterator, size_type, const value_type&) [35m[K[with _Tp = std::__cxx11::basic_string<char>; _Alloc = std::allocator<std::__cxx11::basic_string<char> >; iterator = std::vector<std::__cxx11::basic_string<char> >::iterator; const_iterator = std::vector<std::__cxx11::basic_string<char> >::const_iterator; size_type = long unsigned int; value_type = std::__cxx11::basic_string<char>][m[K[m[K’
 1437 |       [01;36m[Kinsert[m[K(const_iterator __position, size_type __n, const value_type& __x)
      |       [01;36m[K^~~~~~[m[K
[01m[K/usr/include/c++/13/bits/stl_vector.h:1437:7:[m[K [01;36m[Knote: [m[K  candidate expects 3 arguments, 1 provided
[ 76%] Built target industrial_calibration_kinematic_calibration
gmake[2]: *** [gui/CMakeFiles/industrial_calibration_gui.dir/build.make:219: gui/CMakeFiles/industrial_calibration_gui.dir/src/camera_calibration_data_manager_widget.cpp.o] Error 1
gmake[2]: *** Waiting for unfinished jobs....
gmake[1]: *** [CMakeFiles/Makefile2:360: gui/CMakeFiles/industrial_calibration_gui.dir/all] Error 2
gmake: *** [Makefile:136: all] Error 2
