[0.007s] Invoking command in '/home/tetripick/UR10_Pick_ws/ros2_ws/build/industrial_calibration': CMAKE_PREFIX_PATH=/home/tetripick/UR10_Pick_ws/ros2_ws/install/boost_plugin_loader:/home/tetripick/UR10_Pick_ws/ros2_ws/install/ros_industrial_cmake_boilerplate DEBUGINFOD_URLS=https://debuginfod.ubuntu.com LD_LIBRARY_PATH=/home/tetripick/UR10_Pick_ws/ros2_ws/install/boost_plugin_loader/lib PKG_CONFIG_PATH=/home/tetripick/UR10_Pick_ws/ros2_ws/install/boost_plugin_loader/lib/x86_64-linux-gnu/pkgconfig:/home/tetripick/UR10_Pick_ws/ros2_ws/install/boost_plugin_loader/lib/pkgconfig:/home/tetripick/UR10_Pick_ws/ros2_ws/install/ros_industrial_cmake_boilerplate/lib/x86_64-linux-gnu/pkgconfig:/home/tetripick/UR10_Pick_ws/ros2_ws/install/ros_industrial_cmake_boilerplate/lib/pkgconfig /usr/bin/cmake --build /home/tetripick/UR10_Pick_ws/ros2_ws/build/industrial_calibration -- -j8 -l8
[0.079s] [  7%] Built target industrial_calibration_core
[0.116s] [ 17%] Built target industrial_calibration_target_finders_opencv
[0.125s] [ 31%] Built target industrial_calibration_optimizations
[0.142s] [ 34%] Built target industrial_calibration_plugins_opencv
[0.153s] [ 44%] Built target industrial_calibration_analysis
[0.186s] [ 44%] Built target industrial_calibration_gui_autogen_timestamp_deps
[0.188s] [ 47%] Built target industrial_calibration_kinematic_calibration
[0.190s] [ 49%] [32mBuilding CXX object examples/CMakeFiles/industrial_calibration_noise_qualification_2d.dir/noise_qualification_2d.cpp.o[0m
[0.197s] [ 52%] [32mBuilding CXX object examples/CMakeFiles/industrial_calibration_pnp.dir/pnp.cpp.o[0m
[0.197s] [ 52%] [32mBuilding CXX object examples/CMakeFiles/industrial_calibration_camera_intrinsic.dir/camera_intrinsic.cpp.o[0m
[0.201s] [ 53%] [32mBuilding CXX object examples/CMakeFiles/industrial_calibration_extrinsic_hand_eye.dir/extrinsic_hand_eye.cpp.o[0m
[0.225s] [ 55%] [34m[1mAutomatic MOC and UIC for target industrial_calibration_gui[0m
[0.258s] [ 55%] Built target industrial_calibration_gui_autogen
[0.313s] [ 56%] [32mBuilding CXX object gui/CMakeFiles/industrial_calibration_gui.dir/src/camera_calibration_data_manager_widget.cpp.o[0m
[3.637s] [ 58%] [32m[1mLinking CXX executable industrial_calibration_camera_intrinsic[0m
[4.107s] [ 58%] Built target industrial_calibration_camera_intrinsic
[4.910s] [ 59%] [32m[1mLinking CXX shared library libindustrial_calibration_gui.so[0m
[5.075s] [ 61%] [32m[1mLinking CXX executable industrial_calibration_extrinsic_hand_eye[0m
[5.295s] [ 62%] [32m[1mLinking CXX executable industrial_calibration_noise_qualification_2d[0m
[5.532s] [ 83%] Built target industrial_calibration_gui
[5.546s] [ 83%] Built target industrial_calibration_camera_intrinsic_calibration_app_autogen_timestamp_deps
[5.551s] [ 83%] Built target industrial_calibration_extrinsic_hand_eye_calibration_app_autogen_timestamp_deps
[5.566s] [ 85%] [34m[1mAutomatic MOC and UIC for target industrial_calibration_camera_intrinsic_calibration_app[0m
[5.569s] [ 86%] [34m[1mAutomatic MOC and UIC for target industrial_calibration_extrinsic_hand_eye_calibration_app[0m
[5.598s] [ 86%] Built target industrial_calibration_extrinsic_hand_eye_calibration_app_autogen
[5.611s] [ 86%] Built target industrial_calibration_camera_intrinsic_calibration_app_autogen
[5.613s] [ 88%] [32mBuilding CXX object gui/CMakeFiles/industrial_calibration_extrinsic_hand_eye_calibration_app.dir/industrial_calibration_extrinsic_hand_eye_calibration_app_autogen/mocs_compilation.cpp.o[0m
[5.618s] [ 89%] [32mBuilding CXX object gui/CMakeFiles/industrial_calibration_extrinsic_hand_eye_calibration_app.dir/src/app/extrinsic_hand_eye_calibration_app.cpp.o[0m
[5.639s] [ 92%] [32mBuilding CXX object gui/CMakeFiles/industrial_calibration_camera_intrinsic_calibration_app.dir/src/app/camera_intrinsic_calibration_app.cpp.o[0m
[5.639s] [ 92%] [32mBuilding CXX object gui/CMakeFiles/industrial_calibration_camera_intrinsic_calibration_app.dir/industrial_calibration_camera_intrinsic_calibration_app_autogen/mocs_compilation.cpp.o[0m
[5.784s] [ 92%] Built target industrial_calibration_noise_qualification_2d
[5.871s] [ 92%] Built target industrial_calibration_extrinsic_hand_eye
[7.167s] [ 94%] [32m[1mLinking CXX executable industrial_calibration_pnp[0m
[7.390s] [ 95%] [32m[1mLinking CXX executable industrial_calibration_extrinsic_hand_eye_calibration_app[0m
[7.481s] [ 97%] [32m[1mLinking CXX executable industrial_calibration_camera_intrinsic_calibration_app[0m
[7.945s] [ 97%] Built target industrial_calibration_pnp
[8.077s] [ 98%] Built target industrial_calibration_extrinsic_hand_eye_calibration_app
[8.210s] [100%] Built target industrial_calibration_camera_intrinsic_calibration_app
[8.222s] Invoked command in '/home/tetripick/UR10_Pick_ws/ros2_ws/build/industrial_calibration' returned '0': CMAKE_PREFIX_PATH=/home/tetripick/UR10_Pick_ws/ros2_ws/install/boost_plugin_loader:/home/tetripick/UR10_Pick_ws/ros2_ws/install/ros_industrial_cmake_boilerplate DEBUGINFOD_URLS=https://debuginfod.ubuntu.com LD_LIBRARY_PATH=/home/tetripick/UR10_Pick_ws/ros2_ws/install/boost_plugin_loader/lib PKG_CONFIG_PATH=/home/tetripick/UR10_Pick_ws/ros2_ws/install/boost_plugin_loader/lib/x86_64-linux-gnu/pkgconfig:/home/tetripick/UR10_Pick_ws/ros2_ws/install/boost_plugin_loader/lib/pkgconfig:/home/tetripick/UR10_Pick_ws/ros2_ws/install/ros_industrial_cmake_boilerplate/lib/x86_64-linux-gnu/pkgconfig:/home/tetripick/UR10_Pick_ws/ros2_ws/install/ros_industrial_cmake_boilerplate/lib/pkgconfig /usr/bin/cmake --build /home/tetripick/UR10_Pick_ws/ros2_ws/build/industrial_calibration -- -j8 -l8
[8.223s] Invoking command in '/home/tetripick/UR10_Pick_ws/ros2_ws/build/industrial_calibration': CMAKE_PREFIX_PATH=/home/tetripick/UR10_Pick_ws/ros2_ws/install/boost_plugin_loader:/home/tetripick/UR10_Pick_ws/ros2_ws/install/ros_industrial_cmake_boilerplate DEBUGINFOD_URLS=https://debuginfod.ubuntu.com LD_LIBRARY_PATH=/home/tetripick/UR10_Pick_ws/ros2_ws/install/boost_plugin_loader/lib PKG_CONFIG_PATH=/home/tetripick/UR10_Pick_ws/ros2_ws/install/boost_plugin_loader/lib/x86_64-linux-gnu/pkgconfig:/home/tetripick/UR10_Pick_ws/ros2_ws/install/boost_plugin_loader/lib/pkgconfig:/home/tetripick/UR10_Pick_ws/ros2_ws/install/ros_industrial_cmake_boilerplate/lib/x86_64-linux-gnu/pkgconfig:/home/tetripick/UR10_Pick_ws/ros2_ws/install/ros_industrial_cmake_boilerplate/lib/pkgconfig /usr/bin/cmake --install /home/tetripick/UR10_Pick_ws/ros2_ws/build/industrial_calibration
[8.231s] -- Install configuration: ""
[8.231s] -- Installing: /home/tetripick/UR10_Pick_ws/ros2_ws/install/industrial_calibration/share/industrial_calibration/package.xml
[8.231s] -- Installing: /home/tetripick/UR10_Pick_ws/ros2_ws/install/industrial_calibration/lib/cmake/industrial_calibration/industrial_calibration-config.cmake
[8.231s] -- Installing: /home/tetripick/UR10_Pick_ws/ros2_ws/install/industrial_calibration/lib/cmake/industrial_calibration/industrial_calibration-config-version.cmake
[8.231s] -- Installing: /home/tetripick/UR10_Pick_ws/ros2_ws/install/industrial_calibration/share/ament_index/resource_index/packages/industrial_calibration
[8.231s] -- Installing: /home/tetripick/UR10_Pick_ws/ros2_ws/install/industrial_calibration/share/industrial_calibration/hook/ament_prefix_path.dsv
[8.231s] -- Installing: /home/tetripick/UR10_Pick_ws/ros2_ws/install/industrial_calibration/share/industrial_calibration/hook/ros_package_path.dsv
[8.231s] -- Installing: /home/tetripick/UR10_Pick_ws/ros2_ws/install/industrial_calibration/share/industrial_calibration/hook/python_path.dsv
[8.231s] -- Installing: /home/tetripick/UR10_Pick_ws/ros2_ws/install/industrial_calibration/include
[8.232s] -- Installing: /home/tetripick/UR10_Pick_ws/ros2_ws/install/industrial_calibration/include/industrial_calibration
[8.232s] -- Installing: /home/tetripick/UR10_Pick_ws/ros2_ws/install/industrial_calibration/include/industrial_calibration/core
[8.232s] -- Installing: /home/tetripick/UR10_Pick_ws/ros2_ws/install/industrial_calibration/include/industrial_calibration/core/exceptions.h
[8.232s] -- Installing: /home/tetripick/UR10_Pick_ws/ros2_ws/install/industrial_calibration/include/industrial_calibration/core/camera_intrinsics.h
[8.232s] -- Installing: /home/tetripick/UR10_Pick_ws/ros2_ws/install/industrial_calibration/include/industrial_calibration/core/target_finder.h
[8.232s] -- Installing: /home/tetripick/UR10_Pick_ws/ros2_ws/install/industrial_calibration/include/industrial_calibration/core/pose_6d.h
[8.232s] -- Installing: /home/tetripick/UR10_Pick_ws/ros2_ws/install/industrial_calibration/include/industrial_calibration/core/utils.h
[8.232s] -- Installing: /home/tetripick/UR10_Pick_ws/ros2_ws/install/industrial_calibration/include/industrial_calibration/core/serialization.h
[8.232s] -- Installing: /home/tetripick/UR10_Pick_ws/ros2_ws/install/industrial_calibration/include/industrial_calibration/core/dh_chain.h
[8.232s] -- Installing: /home/tetripick/UR10_Pick_ws/ros2_ws/install/industrial_calibration/include/industrial_calibration/core/types.h
[8.232s] -- Installing: /home/tetripick/UR10_Pick_ws/ros2_ws/install/industrial_calibration/lib/libindustrial_calibration_core.so
[8.234s] -- Installing: /home/tetripick/UR10_Pick_ws/ros2_ws/install/industrial_calibration/lib/cmake/industrial_calibration/core-targets.cmake
[8.234s] -- Installing: /home/tetripick/UR10_Pick_ws/ros2_ws/install/industrial_calibration/lib/cmake/industrial_calibration/core-targets-noconfig.cmake
[8.234s] -- Installing: /home/tetripick/UR10_Pick_ws/ros2_ws/install/industrial_calibration/lib/cmake/industrial_calibration/core-config.cmake
[8.234s] -- Up-to-date: /home/tetripick/UR10_Pick_ws/ros2_ws/install/industrial_calibration/include
[8.234s] -- Up-to-date: /home/tetripick/UR10_Pick_ws/ros2_ws/install/industrial_calibration/include/industrial_calibration
[8.234s] -- Installing: /home/tetripick/UR10_Pick_ws/ros2_ws/install/industrial_calibration/include/industrial_calibration/optimizations
[8.234s] -- Installing: /home/tetripick/UR10_Pick_ws/ros2_ws/install/industrial_calibration/include/industrial_calibration/optimizations/extrinsic_hand_eye.h
[8.234s] -- Installing: /home/tetripick/UR10_Pick_ws/ros2_ws/install/industrial_calibration/include/industrial_calibration/optimizations/covariance_analysis.h
[8.235s] -- Installing: /home/tetripick/UR10_Pick_ws/ros2_ws/install/industrial_calibration/include/industrial_calibration/optimizations/dh_chain_kinematic_calibration.h
[8.235s] -- Installing: /home/tetripick/UR10_Pick_ws/ros2_ws/install/industrial_calibration/include/industrial_calibration/optimizations/maximum_likelihood.h
[8.235s] -- Installing: /home/tetripick/UR10_Pick_ws/ros2_ws/install/industrial_calibration/include/industrial_calibration/optimizations/camera_intrinsic_cost.h
[8.235s] -- Installing: /home/tetripick/UR10_Pick_ws/ros2_ws/install/industrial_calibration/include/industrial_calibration/optimizations/pnp.h
[8.235s] -- Installing: /home/tetripick/UR10_Pick_ws/ros2_ws/install/industrial_calibration/include/industrial_calibration/optimizations/covariance_types.h
[8.235s] -- Installing: /home/tetripick/UR10_Pick_ws/ros2_ws/install/industrial_calibration/include/industrial_calibration/optimizations/extrinsic_hand_eye_cost.h
[8.235s] -- Installing: /home/tetripick/UR10_Pick_ws/ros2_ws/install/industrial_calibration/include/industrial_calibration/optimizations/multi_camera_pnp_cost.h
[8.235s] -- Installing: /home/tetripick/UR10_Pick_ws/ros2_ws/install/industrial_calibration/include/industrial_calibration/optimizations/dh_chain_kinematic_calibration_cost.h
[8.236s] -- Installing: /home/tetripick/UR10_Pick_ws/ros2_ws/install/industrial_calibration/include/industrial_calibration/optimizations/camera_intrinsic.h
[8.236s] -- Installing: /home/tetripick/UR10_Pick_ws/ros2_ws/install/industrial_calibration/include/industrial_calibration/optimizations/ceres_math_utilities.h
[8.236s] -- Installing: /home/tetripick/UR10_Pick_ws/ros2_ws/install/industrial_calibration/include/industrial_calibration/optimizations/extrinsic_multi_static_camera.h
[8.236s] -- Installing: /home/tetripick/UR10_Pick_ws/ros2_ws/install/industrial_calibration/include/industrial_calibration/optimizations/local_parameterization.h
[8.236s] -- Installing: /home/tetripick/UR10_Pick_ws/ros2_ws/install/industrial_calibration/include/industrial_calibration/optimizations/extrinsic_multi_static_camera_cost.h
[8.236s] -- Installing: /home/tetripick/UR10_Pick_ws/ros2_ws/install/industrial_calibration/include/industrial_calibration/optimizations/pnp_cost.h
[8.236s] -- Installing: /home/tetripick/UR10_Pick_ws/ros2_ws/install/industrial_calibration/include/industrial_calibration/optimizations/multi_camera_pnp.h
[8.236s] -- Installing: /home/tetripick/UR10_Pick_ws/ros2_ws/install/industrial_calibration/lib/libindustrial_calibration_optimizations.so
[8.240s] -- Set non-toolchain portion of runtime path of "/home/tetripick/UR10_Pick_ws/ros2_ws/install/industrial_calibration/lib/libindustrial_calibration_optimizations.so" to ""
[8.240s] -- Installing: /home/tetripick/UR10_Pick_ws/ros2_ws/install/industrial_calibration/lib/cmake/industrial_calibration/optimizations-targets.cmake
[8.240s] -- Installing: /home/tetripick/UR10_Pick_ws/ros2_ws/install/industrial_calibration/lib/cmake/industrial_calibration/optimizations-targets-noconfig.cmake
[8.241s] -- Installing: /home/tetripick/UR10_Pick_ws/ros2_ws/install/industrial_calibration/lib/cmake/industrial_calibration/optimizations-config.cmake
[8.241s] -- Up-to-date: /home/tetripick/UR10_Pick_ws/ros2_ws/install/industrial_calibration/include
[8.241s] -- Up-to-date: /home/tetripick/UR10_Pick_ws/ros2_ws/install/industrial_calibration/include/industrial_calibration
[8.241s] -- Installing: /home/tetripick/UR10_Pick_ws/ros2_ws/install/industrial_calibration/include/industrial_calibration/analysis
[8.241s] -- Installing: /home/tetripick/UR10_Pick_ws/ros2_ws/install/industrial_calibration/include/industrial_calibration/analysis/camera_intrinsic_calibration_analysis.h
[8.241s] -- Installing: /home/tetripick/UR10_Pick_ws/ros2_ws/install/industrial_calibration/include/industrial_calibration/analysis/projection.h
[8.241s] -- Installing: /home/tetripick/UR10_Pick_ws/ros2_ws/install/industrial_calibration/include/industrial_calibration/analysis/statistics.h
[8.241s] -- Installing: /home/tetripick/UR10_Pick_ws/ros2_ws/install/industrial_calibration/include/industrial_calibration/analysis/extrinsic_hand_eye_calibration_analysis.h
[8.242s] -- Installing: /home/tetripick/UR10_Pick_ws/ros2_ws/install/industrial_calibration/include/industrial_calibration/analysis/noise_qualification.h
[8.242s] -- Installing: /home/tetripick/UR10_Pick_ws/ros2_ws/install/industrial_calibration/include/industrial_calibration/analysis/homography_analysis.h
[8.242s] -- Installing: /home/tetripick/UR10_Pick_ws/ros2_ws/install/industrial_calibration/lib/libindustrial_calibration_analysis.so
[8.243s] -- Set non-toolchain portion of runtime path of "/home/tetripick/UR10_Pick_ws/ros2_ws/install/industrial_calibration/lib/libindustrial_calibration_analysis.so" to ""
[8.243s] -- Installing: /home/tetripick/UR10_Pick_ws/ros2_ws/install/industrial_calibration/lib/cmake/industrial_calibration/analysis-targets.cmake
[8.243s] -- Installing: /home/tetripick/UR10_Pick_ws/ros2_ws/install/industrial_calibration/lib/cmake/industrial_calibration/analysis-targets-noconfig.cmake
[8.243s] -- Installing: /home/tetripick/UR10_Pick_ws/ros2_ws/install/industrial_calibration/lib/cmake/industrial_calibration/analysis-config.cmake
[8.243s] -- Up-to-date: /home/tetripick/UR10_Pick_ws/ros2_ws/install/industrial_calibration/include
[8.244s] -- Up-to-date: /home/tetripick/UR10_Pick_ws/ros2_ws/install/industrial_calibration/include/industrial_calibration
[8.244s] -- Installing: /home/tetripick/UR10_Pick_ws/ros2_ws/install/industrial_calibration/include/industrial_calibration/target_finders
[8.244s] -- Installing: /home/tetripick/UR10_Pick_ws/ros2_ws/install/industrial_calibration/include/industrial_calibration/target_finders/opencv
[8.244s] -- Installing: /home/tetripick/UR10_Pick_ws/ros2_ws/install/industrial_calibration/include/industrial_calibration/target_finders/opencv/charuco_grid_target_finder.h
[8.244s] -- Installing: /home/tetripick/UR10_Pick_ws/ros2_ws/install/industrial_calibration/include/industrial_calibration/target_finders/opencv/target_finder.h
[8.244s] -- Installing: /home/tetripick/UR10_Pick_ws/ros2_ws/install/industrial_calibration/include/industrial_calibration/target_finders/opencv/modified_circle_grid_target_finder.h
[8.244s] -- Installing: /home/tetripick/UR10_Pick_ws/ros2_ws/install/industrial_calibration/include/industrial_calibration/target_finders/opencv/circle_detector.h
[8.244s] -- Installing: /home/tetripick/UR10_Pick_ws/ros2_ws/install/industrial_calibration/include/industrial_calibration/target_finders/opencv/aruco_grid_target_finder.h
[8.244s] -- Installing: /home/tetripick/UR10_Pick_ws/ros2_ws/install/industrial_calibration/include/industrial_calibration/target_finders/opencv/utils.h
[8.244s] -- Installing: /home/tetripick/UR10_Pick_ws/ros2_ws/install/industrial_calibration/bin/modified_circle_grid_target_generator.py
[8.245s] -- Installing: /home/tetripick/UR10_Pick_ws/ros2_ws/install/industrial_calibration/lib/libindustrial_calibration_target_finders_opencv.so
[8.245s] -- Set non-toolchain portion of runtime path of "/home/tetripick/UR10_Pick_ws/ros2_ws/install/industrial_calibration/lib/libindustrial_calibration_target_finders_opencv.so" to ""
[8.245s] -- Installing: /home/tetripick/UR10_Pick_ws/ros2_ws/install/industrial_calibration/lib/libindustrial_calibration_plugins_opencv.so
[8.245s] -- Set non-toolchain portion of runtime path of "/home/tetripick/UR10_Pick_ws/ros2_ws/install/industrial_calibration/lib/libindustrial_calibration_plugins_opencv.so" to ""
[8.245s] -- Installing: /home/tetripick/UR10_Pick_ws/ros2_ws/install/industrial_calibration/lib/cmake/industrial_calibration/target_finders_opencv-targets.cmake
[8.245s] -- Installing: /home/tetripick/UR10_Pick_ws/ros2_ws/install/industrial_calibration/lib/cmake/industrial_calibration/target_finders_opencv-targets-noconfig.cmake
[8.245s] -- Installing: /home/tetripick/UR10_Pick_ws/ros2_ws/install/industrial_calibration/lib/cmake/industrial_calibration/target_finders_opencv-config.cmake
[8.246s] -- Up-to-date: /home/tetripick/UR10_Pick_ws/ros2_ws/install/industrial_calibration/include
[8.246s] -- Up-to-date: /home/tetripick/UR10_Pick_ws/ros2_ws/install/industrial_calibration/include/industrial_calibration
[8.246s] -- Installing: /home/tetripick/UR10_Pick_ws/ros2_ws/install/industrial_calibration/include/industrial_calibration/gui
[8.246s] -- Installing: /home/tetripick/UR10_Pick_ws/ros2_ws/install/industrial_calibration/include/industrial_calibration/gui/camera_intrinsic_calibration_widget.h
[8.246s] -- Installing: /home/tetripick/UR10_Pick_ws/ros2_ws/install/industrial_calibration/include/industrial_calibration/gui/charuco_grid_target_finder.h
[8.246s] -- Installing: /home/tetripick/UR10_Pick_ws/ros2_ws/install/industrial_calibration/include/industrial_calibration/gui/camera_intrinsics.h
[8.246s] -- Installing: /home/tetripick/UR10_Pick_ws/ros2_ws/install/industrial_calibration/include/industrial_calibration/gui/target_finder.h
[8.246s] -- Installing: /home/tetripick/UR10_Pick_ws/ros2_ws/install/industrial_calibration/include/industrial_calibration/gui/extrinsic_hand_eye_calibration_widget.h
[8.246s] -- Installing: /home/tetripick/UR10_Pick_ws/ros2_ws/install/industrial_calibration/include/industrial_calibration/gui/modified_circle_grid_target_finder.h
[8.247s] -- Installing: /home/tetripick/UR10_Pick_ws/ros2_ws/install/industrial_calibration/include/industrial_calibration/gui/aruco_grid_target_finder.h
[8.247s] -- Installing: /home/tetripick/UR10_Pick_ws/ros2_ws/install/industrial_calibration/include/industrial_calibration/gui/aspect_ratio_pixmap_label.h
[8.247s] -- Installing: /home/tetripick/UR10_Pick_ws/ros2_ws/install/industrial_calibration/include/industrial_calibration/gui/configurable_widget.h
[8.247s] -- Installing: /home/tetripick/UR10_Pick_ws/ros2_ws/install/industrial_calibration/include/industrial_calibration/gui/camera_calibration_data_manager_widget.h
[8.247s] -- Installing: /home/tetripick/UR10_Pick_ws/ros2_ws/install/industrial_calibration/include/industrial_calibration/gui/transform_guess.h
[8.247s] -- Installing: /home/tetripick/UR10_Pick_ws/ros2_ws/install/industrial_calibration/lib/libindustrial_calibration_gui.so
[8.247s] -- Set non-toolchain portion of runtime path of "/home/tetripick/UR10_Pick_ws/ros2_ws/install/industrial_calibration/lib/libindustrial_calibration_gui.so" to ""
[8.247s] -- Installing: /home/tetripick/UR10_Pick_ws/ros2_ws/install/industrial_calibration/bin/industrial_calibration_extrinsic_hand_eye_calibration_app
[8.247s] -- Set non-toolchain portion of runtime path of "/home/tetripick/UR10_Pick_ws/ros2_ws/install/industrial_calibration/bin/industrial_calibration_extrinsic_hand_eye_calibration_app" to ""
[8.248s] -- Installing: /home/tetripick/UR10_Pick_ws/ros2_ws/install/industrial_calibration/bin/industrial_calibration_camera_intrinsic_calibration_app
[8.248s] -- Set non-toolchain portion of runtime path of "/home/tetripick/UR10_Pick_ws/ros2_ws/install/industrial_calibration/bin/industrial_calibration_camera_intrinsic_calibration_app" to ""
[8.248s] -- Installing: /home/tetripick/UR10_Pick_ws/ros2_ws/install/industrial_calibration/lib/cmake/industrial_calibration/gui-targets.cmake
[8.248s] -- Installing: /home/tetripick/UR10_Pick_ws/ros2_ws/install/industrial_calibration/lib/cmake/industrial_calibration/gui-targets-noconfig.cmake
[8.248s] -- Installing: /home/tetripick/UR10_Pick_ws/ros2_ws/install/industrial_calibration/lib/cmake/industrial_calibration/gui-config.cmake
[8.248s] -- Installing: /home/tetripick/UR10_Pick_ws/ros2_ws/install/industrial_calibration/lib/industrial_calibration/industrial_calibration_extrinsic_hand_eye_calibration_app
[8.248s] -- Set non-toolchain portion of runtime path of "/home/tetripick/UR10_Pick_ws/ros2_ws/install/industrial_calibration/lib/industrial_calibration/industrial_calibration_extrinsic_hand_eye_calibration_app" to ""
[8.248s] -- Installing: /home/tetripick/UR10_Pick_ws/ros2_ws/install/industrial_calibration/lib/industrial_calibration/industrial_calibration_camera_intrinsic_calibration_app
[8.249s] -- Set non-toolchain portion of runtime path of "/home/tetripick/UR10_Pick_ws/ros2_ws/install/industrial_calibration/lib/industrial_calibration/industrial_calibration_camera_intrinsic_calibration_app" to ""
[8.249s] -- Installing: /home/tetripick/UR10_Pick_ws/ros2_ws/install/industrial_calibration/share/industrial_calibration/data
[8.249s] -- Installing: /home/tetripick/UR10_Pick_ws/ros2_ws/install/industrial_calibration/share/industrial_calibration/data/test_set_10x10
[8.249s] -- Installing: /home/tetripick/UR10_Pick_ws/ros2_ws/install/industrial_calibration/share/industrial_calibration/data/test_set_10x10/poses
[8.249s] -- Installing: /home/tetripick/UR10_Pick_ws/ros2_ws/install/industrial_calibration/share/industrial_calibration/data/test_set_10x10/poses/8.yaml
[8.249s] -- Installing: /home/tetripick/UR10_Pick_ws/ros2_ws/install/industrial_calibration/share/industrial_calibration/data/test_set_10x10/poses/5.yaml
[8.249s] -- Installing: /home/tetripick/UR10_Pick_ws/ros2_ws/install/industrial_calibration/share/industrial_calibration/data/test_set_10x10/poses/3.yaml
[8.249s] -- Installing: /home/tetripick/UR10_Pick_ws/ros2_ws/install/industrial_calibration/share/industrial_calibration/data/test_set_10x10/poses/0.yaml
[8.250s] -- Installing: /home/tetripick/UR10_Pick_ws/ros2_ws/install/industrial_calibration/share/industrial_calibration/data/test_set_10x10/poses/12.yaml
[8.250s] -- Installing: /home/tetripick/UR10_Pick_ws/ros2_ws/install/industrial_calibration/share/industrial_calibration/data/test_set_10x10/poses/11.yaml
[8.250s] -- Installing: /home/tetripick/UR10_Pick_ws/ros2_ws/install/industrial_calibration/share/industrial_calibration/data/test_set_10x10/poses/13.yaml
[8.250s] -- Installing: /home/tetripick/UR10_Pick_ws/ros2_ws/install/industrial_calibration/share/industrial_calibration/data/test_set_10x10/poses/10.yaml
[8.250s] -- Installing: /home/tetripick/UR10_Pick_ws/ros2_ws/install/industrial_calibration/share/industrial_calibration/data/test_set_10x10/poses/7.yaml
[8.250s] -- Installing: /home/tetripick/UR10_Pick_ws/ros2_ws/install/industrial_calibration/share/industrial_calibration/data/test_set_10x10/poses/9.yaml
[8.250s] -- Installing: /home/tetripick/UR10_Pick_ws/ros2_ws/install/industrial_calibration/share/industrial_calibration/data/test_set_10x10/poses/4.yaml
[8.250s] -- Installing: /home/tetripick/UR10_Pick_ws/ros2_ws/install/industrial_calibration/share/industrial_calibration/data/test_set_10x10/poses/2.yaml
[8.250s] -- Installing: /home/tetripick/UR10_Pick_ws/ros2_ws/install/industrial_calibration/share/industrial_calibration/data/test_set_10x10/poses/6.yaml
[8.251s] -- Installing: /home/tetripick/UR10_Pick_ws/ros2_ws/install/industrial_calibration/share/industrial_calibration/data/test_set_10x10/poses/14.yaml
[8.251s] -- Installing: /home/tetripick/UR10_Pick_ws/ros2_ws/install/industrial_calibration/share/industrial_calibration/data/test_set_10x10/poses/1.yaml
[8.251s] -- Installing: /home/tetripick/UR10_Pick_ws/ros2_ws/install/industrial_calibration/share/industrial_calibration/data/test_set_10x10/images
[8.251s] -- Installing: /home/tetripick/UR10_Pick_ws/ros2_ws/install/industrial_calibration/share/industrial_calibration/data/test_set_10x10/images/14.png
[8.251s] -- Installing: /home/tetripick/UR10_Pick_ws/ros2_ws/install/industrial_calibration/share/industrial_calibration/data/test_set_10x10/images/7.png
[8.251s] -- Installing: /home/tetripick/UR10_Pick_ws/ros2_ws/install/industrial_calibration/share/industrial_calibration/data/test_set_10x10/images/13.png
[8.251s] -- Installing: /home/tetripick/UR10_Pick_ws/ros2_ws/install/industrial_calibration/share/industrial_calibration/data/test_set_10x10/images/12.png
[8.251s] -- Installing: /home/tetripick/UR10_Pick_ws/ros2_ws/install/industrial_calibration/share/industrial_calibration/data/test_set_10x10/images/11.png
[8.252s] -- Installing: /home/tetripick/UR10_Pick_ws/ros2_ws/install/industrial_calibration/share/industrial_calibration/data/test_set_10x10/images/2.png
[8.252s] -- Installing: /home/tetripick/UR10_Pick_ws/ros2_ws/install/industrial_calibration/share/industrial_calibration/data/test_set_10x10/images/4.png
[8.252s] -- Installing: /home/tetripick/UR10_Pick_ws/ros2_ws/install/industrial_calibration/share/industrial_calibration/data/test_set_10x10/images/10.png
[8.253s] -- Installing: /home/tetripick/UR10_Pick_ws/ros2_ws/install/industrial_calibration/share/industrial_calibration/data/test_set_10x10/images/6.png
[8.253s] -- Installing: /home/tetripick/UR10_Pick_ws/ros2_ws/install/industrial_calibration/share/industrial_calibration/data/test_set_10x10/images/9.png
[8.254s] -- Installing: /home/tetripick/UR10_Pick_ws/ros2_ws/install/industrial_calibration/share/industrial_calibration/data/test_set_10x10/images/1.png
[8.254s] -- Installing: /home/tetripick/UR10_Pick_ws/ros2_ws/install/industrial_calibration/share/industrial_calibration/data/test_set_10x10/images/5.png
[8.254s] -- Installing: /home/tetripick/UR10_Pick_ws/ros2_ws/install/industrial_calibration/share/industrial_calibration/data/test_set_10x10/images/0.png
[8.255s] -- Installing: /home/tetripick/UR10_Pick_ws/ros2_ws/install/industrial_calibration/share/industrial_calibration/data/test_set_10x10/images/8.png
[8.255s] -- Installing: /home/tetripick/UR10_Pick_ws/ros2_ws/install/industrial_calibration/share/industrial_calibration/data/test_set_10x10/images/3.png
[8.256s] -- Installing: /home/tetripick/UR10_Pick_ws/ros2_ws/install/industrial_calibration/share/industrial_calibration/data/test_set_10x10/cal_data.yaml
[8.256s] -- Installing: /home/tetripick/UR10_Pick_ws/ros2_ws/install/industrial_calibration/share/industrial_calibration/data/test_set_charuco
[8.256s] -- Installing: /home/tetripick/UR10_Pick_ws/ros2_ws/install/industrial_calibration/share/industrial_calibration/data/test_set_charuco/poses
[8.256s] -- Installing: /home/tetripick/UR10_Pick_ws/ros2_ws/install/industrial_calibration/share/industrial_calibration/data/test_set_charuco/poses/8.yaml
[8.256s] -- Installing: /home/tetripick/UR10_Pick_ws/ros2_ws/install/industrial_calibration/share/industrial_calibration/data/test_set_charuco/poses/5.yaml
[8.256s] -- Installing: /home/tetripick/UR10_Pick_ws/ros2_ws/install/industrial_calibration/share/industrial_calibration/data/test_set_charuco/poses/3.yaml
[8.257s] -- Installing: /home/tetripick/UR10_Pick_ws/ros2_ws/install/industrial_calibration/share/industrial_calibration/data/test_set_charuco/poses/0.yaml
[8.257s] -- Installing: /home/tetripick/UR10_Pick_ws/ros2_ws/install/industrial_calibration/share/industrial_calibration/data/test_set_charuco/poses/12.yaml
[8.257s] -- Installing: /home/tetripick/UR10_Pick_ws/ros2_ws/install/industrial_calibration/share/industrial_calibration/data/test_set_charuco/poses/11.yaml
[8.257s] -- Installing: /home/tetripick/UR10_Pick_ws/ros2_ws/install/industrial_calibration/share/industrial_calibration/data/test_set_charuco/poses/13.yaml
[8.257s] -- Installing: /home/tetripick/UR10_Pick_ws/ros2_ws/install/industrial_calibration/share/industrial_calibration/data/test_set_charuco/poses/10.yaml
[8.257s] -- Installing: /home/tetripick/UR10_Pick_ws/ros2_ws/install/industrial_calibration/share/industrial_calibration/data/test_set_charuco/poses/7.yaml
[8.257s] -- Installing: /home/tetripick/UR10_Pick_ws/ros2_ws/install/industrial_calibration/share/industrial_calibration/data/test_set_charuco/poses/9.yaml
[8.257s] -- Installing: /home/tetripick/UR10_Pick_ws/ros2_ws/install/industrial_calibration/share/industrial_calibration/data/test_set_charuco/poses/4.yaml
[8.257s] -- Installing: /home/tetripick/UR10_Pick_ws/ros2_ws/install/industrial_calibration/share/industrial_calibration/data/test_set_charuco/poses/15.yaml
[8.257s] -- Installing: /home/tetripick/UR10_Pick_ws/ros2_ws/install/industrial_calibration/share/industrial_calibration/data/test_set_charuco/poses/2.yaml
[8.258s] -- Installing: /home/tetripick/UR10_Pick_ws/ros2_ws/install/industrial_calibration/share/industrial_calibration/data/test_set_charuco/poses/6.yaml
[8.258s] -- Installing: /home/tetripick/UR10_Pick_ws/ros2_ws/install/industrial_calibration/share/industrial_calibration/data/test_set_charuco/poses/14.yaml
[8.258s] -- Installing: /home/tetripick/UR10_Pick_ws/ros2_ws/install/industrial_calibration/share/industrial_calibration/data/test_set_charuco/poses/1.yaml
[8.258s] -- Installing: /home/tetripick/UR10_Pick_ws/ros2_ws/install/industrial_calibration/share/industrial_calibration/data/test_set_charuco/images
[8.258s] -- Installing: /home/tetripick/UR10_Pick_ws/ros2_ws/install/industrial_calibration/share/industrial_calibration/data/test_set_charuco/images/14.png
[8.258s] -- Installing: /home/tetripick/UR10_Pick_ws/ros2_ws/install/industrial_calibration/share/industrial_calibration/data/test_set_charuco/images/7.png
[8.259s] -- Installing: /home/tetripick/UR10_Pick_ws/ros2_ws/install/industrial_calibration/share/industrial_calibration/data/test_set_charuco/images/13.png
[8.260s] -- Installing: /home/tetripick/UR10_Pick_ws/ros2_ws/install/industrial_calibration/share/industrial_calibration/data/test_set_charuco/images/12.png
[8.262s] -- Installing: /home/tetripick/UR10_Pick_ws/ros2_ws/install/industrial_calibration/share/industrial_calibration/data/test_set_charuco/images/15.png
[8.263s] -- Installing: /home/tetripick/UR10_Pick_ws/ros2_ws/install/industrial_calibration/share/industrial_calibration/data/test_set_charuco/images/11.png
[8.265s] -- Installing: /home/tetripick/UR10_Pick_ws/ros2_ws/install/industrial_calibration/share/industrial_calibration/data/test_set_charuco/images/2.png
[8.266s] -- Installing: /home/tetripick/UR10_Pick_ws/ros2_ws/install/industrial_calibration/share/industrial_calibration/data/test_set_charuco/images/4.png
[8.268s] -- Installing: /home/tetripick/UR10_Pick_ws/ros2_ws/install/industrial_calibration/share/industrial_calibration/data/test_set_charuco/images/10.png
[8.271s] -- Installing: /home/tetripick/UR10_Pick_ws/ros2_ws/install/industrial_calibration/share/industrial_calibration/data/test_set_charuco/images/6.png
[8.275s] -- Installing: /home/tetripick/UR10_Pick_ws/ros2_ws/install/industrial_calibration/share/industrial_calibration/data/test_set_charuco/images/9.png
[8.277s] -- Installing: /home/tetripick/UR10_Pick_ws/ros2_ws/install/industrial_calibration/share/industrial_calibration/data/test_set_charuco/images/1.png
[8.278s] -- Installing: /home/tetripick/UR10_Pick_ws/ros2_ws/install/industrial_calibration/share/industrial_calibration/data/test_set_charuco/images/5.png
[8.280s] -- Installing: /home/tetripick/UR10_Pick_ws/ros2_ws/install/industrial_calibration/share/industrial_calibration/data/test_set_charuco/images/0.png
[8.281s] -- Installing: /home/tetripick/UR10_Pick_ws/ros2_ws/install/industrial_calibration/share/industrial_calibration/data/test_set_charuco/images/8.png
[8.283s] -- Installing: /home/tetripick/UR10_Pick_ws/ros2_ws/install/industrial_calibration/share/industrial_calibration/data/test_set_charuco/images/3.png
[8.284s] -- Installing: /home/tetripick/UR10_Pick_ws/ros2_ws/install/industrial_calibration/share/industrial_calibration/data/test_set_charuco/cal_data.yaml
[8.284s] -- Installing: /home/tetripick/UR10_Pick_ws/ros2_ws/install/industrial_calibration/share/industrial_calibration/data/kinematic_calibration
[8.285s] -- Installing: /home/tetripick/UR10_Pick_ws/ros2_ws/install/industrial_calibration/share/industrial_calibration/data/kinematic_calibration/pose_initial_guesses.yaml
[8.285s] -- Installing: /home/tetripick/UR10_Pick_ws/ros2_ws/install/industrial_calibration/share/industrial_calibration/data/kinematic_calibration/measurements.yaml
[8.285s] -- Installing: /home/tetripick/UR10_Pick_ws/ros2_ws/install/industrial_calibration/share/industrial_calibration/data/noise_qualification
[8.285s] -- Installing: /home/tetripick/UR10_Pick_ws/ros2_ws/install/industrial_calibration/share/industrial_calibration/data/noise_qualification/images
[8.285s] -- Installing: /home/tetripick/UR10_Pick_ws/ros2_ws/install/industrial_calibration/share/industrial_calibration/data/noise_qualification/images/0.png
[8.285s] -- Installing: /home/tetripick/UR10_Pick_ws/ros2_ws/install/industrial_calibration/share/industrial_calibration/data/noise_qualification/cal_data.yaml
[8.285s] -- Installing: /home/tetripick/UR10_Pick_ws/ros2_ws/install/industrial_calibration/bin/industrial_calibration_camera_intrinsic
[8.286s] -- Set non-toolchain portion of runtime path of "/home/tetripick/UR10_Pick_ws/ros2_ws/install/industrial_calibration/bin/industrial_calibration_camera_intrinsic" to ""
[8.286s] -- Installing: /home/tetripick/UR10_Pick_ws/ros2_ws/install/industrial_calibration/bin/industrial_calibration_extrinsic_hand_eye
[8.287s] -- Set non-toolchain portion of runtime path of "/home/tetripick/UR10_Pick_ws/ros2_ws/install/industrial_calibration/bin/industrial_calibration_extrinsic_hand_eye" to ""
[8.287s] -- Installing: /home/tetripick/UR10_Pick_ws/ros2_ws/install/industrial_calibration/bin/industrial_calibration_kinematic_calibration
[8.288s] -- Set non-toolchain portion of runtime path of "/home/tetripick/UR10_Pick_ws/ros2_ws/install/industrial_calibration/bin/industrial_calibration_kinematic_calibration" to ""
[8.288s] -- Installing: /home/tetripick/UR10_Pick_ws/ros2_ws/install/industrial_calibration/bin/industrial_calibration_noise_qualification_2d
[8.289s] -- Set non-toolchain portion of runtime path of "/home/tetripick/UR10_Pick_ws/ros2_ws/install/industrial_calibration/bin/industrial_calibration_noise_qualification_2d" to ""
[8.289s] -- Installing: /home/tetripick/UR10_Pick_ws/ros2_ws/install/industrial_calibration/bin/industrial_calibration_pnp
[8.290s] -- Set non-toolchain portion of runtime path of "/home/tetripick/UR10_Pick_ws/ros2_ws/install/industrial_calibration/bin/industrial_calibration_pnp" to ""
[8.290s] -- Installing: /home/tetripick/UR10_Pick_ws/ros2_ws/install/industrial_calibration/lib/cmake/industrial_calibration/examples-targets.cmake
[8.290s] -- Installing: /home/tetripick/UR10_Pick_ws/ros2_ws/install/industrial_calibration/lib/cmake/industrial_calibration/examples-targets-noconfig.cmake
[8.290s] -- Installing: /home/tetripick/UR10_Pick_ws/ros2_ws/install/industrial_calibration/lib/cmake/industrial_calibration/examples-config.cmake
[8.290s] -- Installing: /home/tetripick/UR10_Pick_ws/ros2_ws/install/industrial_calibration/lib/industrial_calibration/industrial_calibration_camera_intrinsic
[8.291s] -- Set non-toolchain portion of runtime path of "/home/tetripick/UR10_Pick_ws/ros2_ws/install/industrial_calibration/lib/industrial_calibration/industrial_calibration_camera_intrinsic" to ""
[8.291s] -- Installing: /home/tetripick/UR10_Pick_ws/ros2_ws/install/industrial_calibration/lib/industrial_calibration/industrial_calibration_extrinsic_hand_eye
[8.292s] -- Set non-toolchain portion of runtime path of "/home/tetripick/UR10_Pick_ws/ros2_ws/install/industrial_calibration/lib/industrial_calibration/industrial_calibration_extrinsic_hand_eye" to ""
[8.292s] -- Installing: /home/tetripick/UR10_Pick_ws/ros2_ws/install/industrial_calibration/lib/industrial_calibration/industrial_calibration_kinematic_calibration
[8.293s] -- Set non-toolchain portion of runtime path of "/home/tetripick/UR10_Pick_ws/ros2_ws/install/industrial_calibration/lib/industrial_calibration/industrial_calibration_kinematic_calibration" to ""
[8.293s] -- Installing: /home/tetripick/UR10_Pick_ws/ros2_ws/install/industrial_calibration/lib/industrial_calibration/industrial_calibration_noise_qualification_2d
[8.294s] -- Set non-toolchain portion of runtime path of "/home/tetripick/UR10_Pick_ws/ros2_ws/install/industrial_calibration/lib/industrial_calibration/industrial_calibration_noise_qualification_2d" to ""
[8.294s] -- Installing: /home/tetripick/UR10_Pick_ws/ros2_ws/install/industrial_calibration/lib/industrial_calibration/industrial_calibration_pnp
[8.295s] -- Set non-toolchain portion of runtime path of "/home/tetripick/UR10_Pick_ws/ros2_ws/install/industrial_calibration/lib/industrial_calibration/industrial_calibration_pnp" to ""
[8.296s] Invoked command in '/home/tetripick/UR10_Pick_ws/ros2_ws/build/industrial_calibration' returned '0': CMAKE_PREFIX_PATH=/home/tetripick/UR10_Pick_ws/ros2_ws/install/boost_plugin_loader:/home/tetripick/UR10_Pick_ws/ros2_ws/install/ros_industrial_cmake_boilerplate DEBUGINFOD_URLS=https://debuginfod.ubuntu.com LD_LIBRARY_PATH=/home/tetripick/UR10_Pick_ws/ros2_ws/install/boost_plugin_loader/lib PKG_CONFIG_PATH=/home/tetripick/UR10_Pick_ws/ros2_ws/install/boost_plugin_loader/lib/x86_64-linux-gnu/pkgconfig:/home/tetripick/UR10_Pick_ws/ros2_ws/install/boost_plugin_loader/lib/pkgconfig:/home/tetripick/UR10_Pick_ws/ros2_ws/install/ros_industrial_cmake_boilerplate/lib/x86_64-linux-gnu/pkgconfig:/home/tetripick/UR10_Pick_ws/ros2_ws/install/ros_industrial_cmake_boilerplate/lib/pkgconfig /usr/bin/cmake --install /home/tetripick/UR10_Pick_ws/ros2_ws/build/industrial_calibration
