[0.008s] Invoking command in '/home/tetripick/UR10_Pick_ws/ros2_ws/build/ros_industrial_cmake_boilerplate': CMAKE_PREFIX_PATH=${CMAKE_PREFIX_PATH}:/opt/ros/jazzy DEBUGINFOD_URLS=https://debuginfod.ubuntu.com /usr/bin/cmake --build /home/tetripick/UR10_Pick_ws/ros2_ws/build/ros_industrial_cmake_boilerplate -- -j8 -l8
[0.048s] Invoked command in '/home/tetripick/UR10_Pick_ws/ros2_ws/build/ros_industrial_cmake_boilerplate' returned '0': CMAKE_PREFIX_PATH=${CMAKE_PREFIX_PATH}:/opt/ros/jazzy DEBUGINFOD_URLS=https://debuginfod.ubuntu.com /usr/bin/cmake --build /home/tetripick/UR10_Pick_ws/ros2_ws/build/ros_industrial_cmake_boilerplate -- -j8 -l8
[0.060s] Invoking command in '/home/tetripick/UR10_Pick_ws/ros2_ws/build/ros_industrial_cmake_boilerplate': CMAKE_PREFIX_PATH=${CMAKE_PREFIX_PATH}:/opt/ros/jazzy DEBUGINFOD_URLS=https://debuginfod.ubuntu.com /usr/bin/cmake --install /home/tetripick/UR10_Pick_ws/ros2_ws/build/ros_industrial_cmake_boilerplate
[0.069s] -- Install configuration: "Release"
[0.069s] -- Up-to-date: /home/tetripick/UR10_Pick_ws/ros2_ws/install/ros_industrial_cmake_boilerplate/lib/cmake/ros_industrial_cmake_boilerplate/create_debian_changelog.py
[0.069s] -- Up-to-date: /home/tetripick/UR10_Pick_ws/ros2_ws/install/ros_industrial_cmake_boilerplate/share/ros_industrial_cmake_boilerplate/package.xml
[0.069s] -- Up-to-date: /home/tetripick/UR10_Pick_ws/ros2_ws/install/ros_industrial_cmake_boilerplate/lib/cmake/ros_industrial_cmake_boilerplate/clang_tidy_tools.cmake
[0.069s] -- Up-to-date: /home/tetripick/UR10_Pick_ws/ros2_ws/install/ros_industrial_cmake_boilerplate/lib/cmake/ros_industrial_cmake_boilerplate/cmake_tools.cmake
[0.070s] -- Up-to-date: /home/tetripick/UR10_Pick_ws/ros2_ws/install/ros_industrial_cmake_boilerplate/lib/cmake/ros_industrial_cmake_boilerplate/code_coverage.cmake
[0.070s] -- Up-to-date: /home/tetripick/UR10_Pick_ws/ros2_ws/install/ros_industrial_cmake_boilerplate/lib/cmake/ros_industrial_cmake_boilerplate/cpack_tools.cmake
[0.070s] -- Up-to-date: /home/tetripick/UR10_Pick_ws/ros2_ws/install/ros_industrial_cmake_boilerplate/lib/cmake/ros_industrial_cmake_boilerplate/cppcheck_tools.cmake
[0.070s] -- Up-to-date: /home/tetripick/UR10_Pick_ws/ros2_ws/install/ros_industrial_cmake_boilerplate/lib/cmake/ros_industrial_cmake_boilerplate/extract_package_metadata.cmake
[0.071s] -- Up-to-date: /home/tetripick/UR10_Pick_ws/ros2_ws/install/ros_industrial_cmake_boilerplate/lib/cmake/ros_industrial_cmake_boilerplate/iwyu_tools.cmake
[0.071s] -- Up-to-date: /home/tetripick/UR10_Pick_ws/ros2_ws/install/ros_industrial_cmake_boilerplate/lib/cmake/ros_industrial_cmake_boilerplate/sanitizers.cmake
[0.071s] -- Up-to-date: /home/tetripick/UR10_Pick_ws/ros2_ws/install/ros_industrial_cmake_boilerplate/lib/cmake/ros_industrial_cmake_boilerplate/ros_industrial_cmake_boilerplate-config.cmake
[0.072s] -- Up-to-date: /home/tetripick/UR10_Pick_ws/ros2_ws/install/ros_industrial_cmake_boilerplate/lib/cmake/ros_industrial_cmake_boilerplate/ros_industrial_cmake_boilerplate-config-version.cmake
[0.072s] -- Up-to-date: /home/tetripick/UR10_Pick_ws/ros2_ws/install/ros_industrial_cmake_boilerplate/share/ament_index/resource_index/packages/ros_industrial_cmake_boilerplate
[0.073s] -- Up-to-date: /home/tetripick/UR10_Pick_ws/ros2_ws/install/ros_industrial_cmake_boilerplate/share/ros_industrial_cmake_boilerplate/hook/ament_prefix_path.dsv
[0.073s] -- Up-to-date: /home/tetripick/UR10_Pick_ws/ros2_ws/install/ros_industrial_cmake_boilerplate/share/ros_industrial_cmake_boilerplate/hook/ros_package_path.dsv
[0.073s] -- Up-to-date: /home/tetripick/UR10_Pick_ws/ros2_ws/install/ros_industrial_cmake_boilerplate/share/ros_industrial_cmake_boilerplate/hook/python_path.dsv
[0.074s] Invoked command in '/home/tetripick/UR10_Pick_ws/ros2_ws/build/ros_industrial_cmake_boilerplate' returned '0': CMAKE_PREFIX_PATH=${CMAKE_PREFIX_PATH}:/opt/ros/jazzy DEBUGINFOD_URLS=https://debuginfod.ubuntu.com /usr/bin/cmake --install /home/tetripick/UR10_Pick_ws/ros2_ws/build/ros_industrial_cmake_boilerplate
