[  7%] Built target industrial_calibration_core
[ 17%] Built target industrial_calibration_target_finders_opencv
[ 31%] Built target industrial_calibration_optimizations
[ 34%] Built target industrial_calibration_plugins_opencv
[ 44%] Built target industrial_calibration_analysis
[ 44%] Built target industrial_calibration_gui_autogen_timestamp_deps
[ 47%] Built target industrial_calibration_kinematic_calibration
[ 50%] Built target industrial_calibration_noise_qualification_2d
[ 53%] Built target industrial_calibration_pnp
[ 56%] Built target industrial_calibration_camera_intrinsic
[ 59%] Built target industrial_calibration_extrinsic_hand_eye
[ 61%] Built target industrial_calibration_gui_autogen
[ 85%] Built target industrial_calibration_gui
[ 85%] Built target industrial_calibration_extrinsic_hand_eye_calibration_app_autogen_timestamp_deps
[ 85%] Built target industrial_calibration_camera_intrinsic_calibration_app_autogen_timestamp_deps
[ 86%] Built target industrial_calibration_extrinsic_hand_eye_calibration_app_autogen
[ 88%] Built target industrial_calibration_camera_intrinsic_calibration_app_autogen
[ 94%] Built target industrial_calibration_extrinsic_hand_eye_calibration_app
[100%] Built target industrial_calibration_camera_intrinsic_calibration_app
-- Install configuration: "Release"
-- Up-to-date: /home/tetripick/UR10_Pick_ws/ros2_ws/install/industrial_calibration/share/industrial_calibration/package.xml
-- Up-to-date: /home/tetripick/UR10_Pick_ws/ros2_ws/install/industrial_calibration/lib/cmake/industrial_calibration/industrial_calibration-config.cmake
-- Up-to-date: /home/tetripick/UR10_Pick_ws/ros2_ws/install/industrial_calibration/lib/cmake/industrial_calibration/industrial_calibration-config-version.cmake
-- Up-to-date: /home/tetripick/UR10_Pick_ws/ros2_ws/install/industrial_calibration/share/ament_index/resource_index/packages/industrial_calibration
-- Up-to-date: /home/tetripick/UR10_Pick_ws/ros2_ws/install/industrial_calibration/share/industrial_calibration/hook/ament_prefix_path.dsv
-- Up-to-date: /home/tetripick/UR10_Pick_ws/ros2_ws/install/industrial_calibration/share/industrial_calibration/hook/ros_package_path.dsv
-- Up-to-date: /home/tetripick/UR10_Pick_ws/ros2_ws/install/industrial_calibration/share/industrial_calibration/hook/python_path.dsv
-- Up-to-date: /home/tetripick/UR10_Pick_ws/ros2_ws/install/industrial_calibration/include
-- Up-to-date: /home/tetripick/UR10_Pick_ws/ros2_ws/install/industrial_calibration/include/industrial_calibration
-- Up-to-date: /home/tetripick/UR10_Pick_ws/ros2_ws/install/industrial_calibration/include/industrial_calibration/core
-- Up-to-date: /home/tetripick/UR10_Pick_ws/ros2_ws/install/industrial_calibration/include/industrial_calibration/core/exceptions.h
-- Up-to-date: /home/tetripick/UR10_Pick_ws/ros2_ws/install/industrial_calibration/include/industrial_calibration/core/camera_intrinsics.h
-- Up-to-date: /home/tetripick/UR10_Pick_ws/ros2_ws/install/industrial_calibration/include/industrial_calibration/core/target_finder.h
-- Up-to-date: /home/tetripick/UR10_Pick_ws/ros2_ws/install/industrial_calibration/include/industrial_calibration/core/pose_6d.h
-- Up-to-date: /home/tetripick/UR10_Pick_ws/ros2_ws/install/industrial_calibration/include/industrial_calibration/core/utils.h
-- Up-to-date: /home/tetripick/UR10_Pick_ws/ros2_ws/install/industrial_calibration/include/industrial_calibration/core/serialization.h
-- Up-to-date: /home/tetripick/UR10_Pick_ws/ros2_ws/install/industrial_calibration/include/industrial_calibration/core/dh_chain.h
-- Up-to-date: /home/tetripick/UR10_Pick_ws/ros2_ws/install/industrial_calibration/include/industrial_calibration/core/types.h
-- Up-to-date: /home/tetripick/UR10_Pick_ws/ros2_ws/install/industrial_calibration/lib/libindustrial_calibration_core.so
-- Up-to-date: /home/tetripick/UR10_Pick_ws/ros2_ws/install/industrial_calibration/lib/cmake/industrial_calibration/core-targets.cmake
-- Up-to-date: /home/tetripick/UR10_Pick_ws/ros2_ws/install/industrial_calibration/lib/cmake/industrial_calibration/core-targets-release.cmake
-- Up-to-date: /home/tetripick/UR10_Pick_ws/ros2_ws/install/industrial_calibration/lib/cmake/industrial_calibration/core-config.cmake
-- Up-to-date: /home/tetripick/UR10_Pick_ws/ros2_ws/install/industrial_calibration/include
-- Up-to-date: /home/tetripick/UR10_Pick_ws/ros2_ws/install/industrial_calibration/include/industrial_calibration
-- Up-to-date: /home/tetripick/UR10_Pick_ws/ros2_ws/install/industrial_calibration/include/industrial_calibration/optimizations
-- Up-to-date: /home/tetripick/UR10_Pick_ws/ros2_ws/install/industrial_calibration/include/industrial_calibration/optimizations/extrinsic_hand_eye.h
-- Up-to-date: /home/tetripick/UR10_Pick_ws/ros2_ws/install/industrial_calibration/include/industrial_calibration/optimizations/covariance_analysis.h
-- Up-to-date: /home/tetripick/UR10_Pick_ws/ros2_ws/install/industrial_calibration/include/industrial_calibration/optimizations/dh_chain_kinematic_calibration.h
-- Up-to-date: /home/tetripick/UR10_Pick_ws/ros2_ws/install/industrial_calibration/include/industrial_calibration/optimizations/maximum_likelihood.h
-- Up-to-date: /home/tetripick/UR10_Pick_ws/ros2_ws/install/industrial_calibration/include/industrial_calibration/optimizations/camera_intrinsic_cost.h
-- Up-to-date: /home/tetripick/UR10_Pick_ws/ros2_ws/install/industrial_calibration/include/industrial_calibration/optimizations/pnp.h
-- Up-to-date: /home/tetripick/UR10_Pick_ws/ros2_ws/install/industrial_calibration/include/industrial_calibration/optimizations/covariance_types.h
-- Up-to-date: /home/tetripick/UR10_Pick_ws/ros2_ws/install/industrial_calibration/include/industrial_calibration/optimizations/extrinsic_hand_eye_cost.h
-- Up-to-date: /home/tetripick/UR10_Pick_ws/ros2_ws/install/industrial_calibration/include/industrial_calibration/optimizations/multi_camera_pnp_cost.h
-- Up-to-date: /home/tetripick/UR10_Pick_ws/ros2_ws/install/industrial_calibration/include/industrial_calibration/optimizations/dh_chain_kinematic_calibration_cost.h
-- Up-to-date: /home/tetripick/UR10_Pick_ws/ros2_ws/install/industrial_calibration/include/industrial_calibration/optimizations/camera_intrinsic.h
-- Up-to-date: /home/tetripick/UR10_Pick_ws/ros2_ws/install/industrial_calibration/include/industrial_calibration/optimizations/ceres_math_utilities.h
-- Up-to-date: /home/tetripick/UR10_Pick_ws/ros2_ws/install/industrial_calibration/include/industrial_calibration/optimizations/extrinsic_multi_static_camera.h
-- Up-to-date: /home/tetripick/UR10_Pick_ws/ros2_ws/install/industrial_calibration/include/industrial_calibration/optimizations/local_parameterization.h
-- Up-to-date: /home/tetripick/UR10_Pick_ws/ros2_ws/install/industrial_calibration/include/industrial_calibration/optimizations/extrinsic_multi_static_camera_cost.h
-- Up-to-date: /home/tetripick/UR10_Pick_ws/ros2_ws/install/industrial_calibration/include/industrial_calibration/optimizations/pnp_cost.h
-- Up-to-date: /home/tetripick/UR10_Pick_ws/ros2_ws/install/industrial_calibration/include/industrial_calibration/optimizations/multi_camera_pnp.h
-- Up-to-date: /home/tetripick/UR10_Pick_ws/ros2_ws/install/industrial_calibration/lib/libindustrial_calibration_optimizations.so
-- Up-to-date: /home/tetripick/UR10_Pick_ws/ros2_ws/install/industrial_calibration/lib/cmake/industrial_calibration/optimizations-targets.cmake
-- Up-to-date: /home/tetripick/UR10_Pick_ws/ros2_ws/install/industrial_calibration/lib/cmake/industrial_calibration/optimizations-targets-release.cmake
-- Up-to-date: /home/tetripick/UR10_Pick_ws/ros2_ws/install/industrial_calibration/lib/cmake/industrial_calibration/optimizations-config.cmake
-- Up-to-date: /home/tetripick/UR10_Pick_ws/ros2_ws/install/industrial_calibration/include
-- Up-to-date: /home/tetripick/UR10_Pick_ws/ros2_ws/install/industrial_calibration/include/industrial_calibration
-- Up-to-date: /home/tetripick/UR10_Pick_ws/ros2_ws/install/industrial_calibration/include/industrial_calibration/analysis
-- Up-to-date: /home/tetripick/UR10_Pick_ws/ros2_ws/install/industrial_calibration/include/industrial_calibration/analysis/camera_intrinsic_calibration_analysis.h
-- Up-to-date: /home/tetripick/UR10_Pick_ws/ros2_ws/install/industrial_calibration/include/industrial_calibration/analysis/projection.h
-- Up-to-date: /home/tetripick/UR10_Pick_ws/ros2_ws/install/industrial_calibration/include/industrial_calibration/analysis/statistics.h
-- Up-to-date: /home/tetripick/UR10_Pick_ws/ros2_ws/install/industrial_calibration/include/industrial_calibration/analysis/extrinsic_hand_eye_calibration_analysis.h
-- Up-to-date: /home/tetripick/UR10_Pick_ws/ros2_ws/install/industrial_calibration/include/industrial_calibration/analysis/noise_qualification.h
-- Up-to-date: /home/tetripick/UR10_Pick_ws/ros2_ws/install/industrial_calibration/include/industrial_calibration/analysis/homography_analysis.h
-- Up-to-date: /home/tetripick/UR10_Pick_ws/ros2_ws/install/industrial_calibration/lib/libindustrial_calibration_analysis.so
-- Up-to-date: /home/tetripick/UR10_Pick_ws/ros2_ws/install/industrial_calibration/lib/cmake/industrial_calibration/analysis-targets.cmake
-- Up-to-date: /home/tetripick/UR10_Pick_ws/ros2_ws/install/industrial_calibration/lib/cmake/industrial_calibration/analysis-targets-release.cmake
-- Up-to-date: /home/tetripick/UR10_Pick_ws/ros2_ws/install/industrial_calibration/lib/cmake/industrial_calibration/analysis-config.cmake
-- Up-to-date: /home/tetripick/UR10_Pick_ws/ros2_ws/install/industrial_calibration/include
-- Up-to-date: /home/tetripick/UR10_Pick_ws/ros2_ws/install/industrial_calibration/include/industrial_calibration
-- Up-to-date: /home/tetripick/UR10_Pick_ws/ros2_ws/install/industrial_calibration/include/industrial_calibration/target_finders
-- Up-to-date: /home/tetripick/UR10_Pick_ws/ros2_ws/install/industrial_calibration/include/industrial_calibration/target_finders/opencv
-- Up-to-date: /home/tetripick/UR10_Pick_ws/ros2_ws/install/industrial_calibration/include/industrial_calibration/target_finders/opencv/charuco_grid_target_finder.h
-- Up-to-date: /home/tetripick/UR10_Pick_ws/ros2_ws/install/industrial_calibration/include/industrial_calibration/target_finders/opencv/target_finder.h
-- Up-to-date: /home/tetripick/UR10_Pick_ws/ros2_ws/install/industrial_calibration/include/industrial_calibration/target_finders/opencv/modified_circle_grid_target_finder.h
-- Up-to-date: /home/tetripick/UR10_Pick_ws/ros2_ws/install/industrial_calibration/include/industrial_calibration/target_finders/opencv/circle_detector.h
-- Up-to-date: /home/tetripick/UR10_Pick_ws/ros2_ws/install/industrial_calibration/include/industrial_calibration/target_finders/opencv/aruco_grid_target_finder.h
-- Up-to-date: /home/tetripick/UR10_Pick_ws/ros2_ws/install/industrial_calibration/include/industrial_calibration/target_finders/opencv/utils.h
-- Up-to-date: /home/tetripick/UR10_Pick_ws/ros2_ws/install/industrial_calibration/bin/modified_circle_grid_target_generator.py
-- Up-to-date: /home/tetripick/UR10_Pick_ws/ros2_ws/install/industrial_calibration/lib/libindustrial_calibration_target_finders_opencv.so
-- Up-to-date: /home/tetripick/UR10_Pick_ws/ros2_ws/install/industrial_calibration/lib/libindustrial_calibration_plugins_opencv.so
-- Up-to-date: /home/tetripick/UR10_Pick_ws/ros2_ws/install/industrial_calibration/lib/cmake/industrial_calibration/target_finders_opencv-targets.cmake
-- Up-to-date: /home/tetripick/UR10_Pick_ws/ros2_ws/install/industrial_calibration/lib/cmake/industrial_calibration/target_finders_opencv-targets-release.cmake
-- Up-to-date: /home/tetripick/UR10_Pick_ws/ros2_ws/install/industrial_calibration/lib/cmake/industrial_calibration/target_finders_opencv-config.cmake
-- Up-to-date: /home/tetripick/UR10_Pick_ws/ros2_ws/install/industrial_calibration/include
-- Up-to-date: /home/tetripick/UR10_Pick_ws/ros2_ws/install/industrial_calibration/include/industrial_calibration
-- Up-to-date: /home/tetripick/UR10_Pick_ws/ros2_ws/install/industrial_calibration/include/industrial_calibration/gui
-- Up-to-date: /home/tetripick/UR10_Pick_ws/ros2_ws/install/industrial_calibration/include/industrial_calibration/gui/camera_intrinsic_calibration_widget.h
-- Up-to-date: /home/tetripick/UR10_Pick_ws/ros2_ws/install/industrial_calibration/include/industrial_calibration/gui/charuco_grid_target_finder.h
-- Up-to-date: /home/tetripick/UR10_Pick_ws/ros2_ws/install/industrial_calibration/include/industrial_calibration/gui/camera_intrinsics.h
-- Up-to-date: /home/tetripick/UR10_Pick_ws/ros2_ws/install/industrial_calibration/include/industrial_calibration/gui/target_finder.h
-- Up-to-date: /home/tetripick/UR10_Pick_ws/ros2_ws/install/industrial_calibration/include/industrial_calibration/gui/extrinsic_hand_eye_calibration_widget.h
-- Up-to-date: /home/tetripick/UR10_Pick_ws/ros2_ws/install/industrial_calibration/include/industrial_calibration/gui/modified_circle_grid_target_finder.h
-- Up-to-date: /home/tetripick/UR10_Pick_ws/ros2_ws/install/industrial_calibration/include/industrial_calibration/gui/aruco_grid_target_finder.h
-- Up-to-date: /home/tetripick/UR10_Pick_ws/ros2_ws/install/industrial_calibration/include/industrial_calibration/gui/aspect_ratio_pixmap_label.h
-- Up-to-date: /home/tetripick/UR10_Pick_ws/ros2_ws/install/industrial_calibration/include/industrial_calibration/gui/configurable_widget.h
-- Up-to-date: /home/tetripick/UR10_Pick_ws/ros2_ws/install/industrial_calibration/include/industrial_calibration/gui/camera_calibration_data_manager_widget.h
-- Up-to-date: /home/tetripick/UR10_Pick_ws/ros2_ws/install/industrial_calibration/include/industrial_calibration/gui/transform_guess.h
-- Up-to-date: /home/tetripick/UR10_Pick_ws/ros2_ws/install/industrial_calibration/lib/libindustrial_calibration_gui.so
-- Up-to-date: /home/tetripick/UR10_Pick_ws/ros2_ws/install/industrial_calibration/bin/industrial_calibration_extrinsic_hand_eye_calibration_app
-- Up-to-date: /home/tetripick/UR10_Pick_ws/ros2_ws/install/industrial_calibration/bin/industrial_calibration_camera_intrinsic_calibration_app
-- Up-to-date: /home/tetripick/UR10_Pick_ws/ros2_ws/install/industrial_calibration/lib/cmake/industrial_calibration/gui-targets.cmake
-- Up-to-date: /home/tetripick/UR10_Pick_ws/ros2_ws/install/industrial_calibration/lib/cmake/industrial_calibration/gui-targets-release.cmake
-- Up-to-date: /home/tetripick/UR10_Pick_ws/ros2_ws/install/industrial_calibration/lib/cmake/industrial_calibration/gui-config.cmake
-- Up-to-date: /home/tetripick/UR10_Pick_ws/ros2_ws/install/industrial_calibration/lib/industrial_calibration/industrial_calibration_extrinsic_hand_eye_calibration_app
-- Up-to-date: /home/tetripick/UR10_Pick_ws/ros2_ws/install/industrial_calibration/lib/industrial_calibration/industrial_calibration_camera_intrinsic_calibration_app
-- Up-to-date: /home/tetripick/UR10_Pick_ws/ros2_ws/install/industrial_calibration/share/industrial_calibration/data
-- Up-to-date: /home/tetripick/UR10_Pick_ws/ros2_ws/install/industrial_calibration/share/industrial_calibration/data/test_set_10x10
-- Up-to-date: /home/tetripick/UR10_Pick_ws/ros2_ws/install/industrial_calibration/share/industrial_calibration/data/test_set_10x10/poses
-- Up-to-date: /home/tetripick/UR10_Pick_ws/ros2_ws/install/industrial_calibration/share/industrial_calibration/data/test_set_10x10/poses/8.yaml
-- Up-to-date: /home/tetripick/UR10_Pick_ws/ros2_ws/install/industrial_calibration/share/industrial_calibration/data/test_set_10x10/poses/5.yaml
-- Up-to-date: /home/tetripick/UR10_Pick_ws/ros2_ws/install/industrial_calibration/share/industrial_calibration/data/test_set_10x10/poses/3.yaml
-- Up-to-date: /home/tetripick/UR10_Pick_ws/ros2_ws/install/industrial_calibration/share/industrial_calibration/data/test_set_10x10/poses/0.yaml
-- Up-to-date: /home/tetripick/UR10_Pick_ws/ros2_ws/install/industrial_calibration/share/industrial_calibration/data/test_set_10x10/poses/12.yaml
-- Up-to-date: /home/tetripick/UR10_Pick_ws/ros2_ws/install/industrial_calibration/share/industrial_calibration/data/test_set_10x10/poses/11.yaml
-- Up-to-date: /home/tetripick/UR10_Pick_ws/ros2_ws/install/industrial_calibration/share/industrial_calibration/data/test_set_10x10/poses/13.yaml
-- Up-to-date: /home/tetripick/UR10_Pick_ws/ros2_ws/install/industrial_calibration/share/industrial_calibration/data/test_set_10x10/poses/10.yaml
-- Up-to-date: /home/tetripick/UR10_Pick_ws/ros2_ws/install/industrial_calibration/share/industrial_calibration/data/test_set_10x10/poses/7.yaml
-- Up-to-date: /home/tetripick/UR10_Pick_ws/ros2_ws/install/industrial_calibration/share/industrial_calibration/data/test_set_10x10/poses/9.yaml
-- Up-to-date: /home/tetripick/UR10_Pick_ws/ros2_ws/install/industrial_calibration/share/industrial_calibration/data/test_set_10x10/poses/4.yaml
-- Up-to-date: /home/tetripick/UR10_Pick_ws/ros2_ws/install/industrial_calibration/share/industrial_calibration/data/test_set_10x10/poses/2.yaml
-- Up-to-date: /home/tetripick/UR10_Pick_ws/ros2_ws/install/industrial_calibration/share/industrial_calibration/data/test_set_10x10/poses/6.yaml
-- Up-to-date: /home/tetripick/UR10_Pick_ws/ros2_ws/install/industrial_calibration/share/industrial_calibration/data/test_set_10x10/poses/14.yaml
-- Up-to-date: /home/tetripick/UR10_Pick_ws/ros2_ws/install/industrial_calibration/share/industrial_calibration/data/test_set_10x10/poses/1.yaml
-- Up-to-date: /home/tetripick/UR10_Pick_ws/ros2_ws/install/industrial_calibration/share/industrial_calibration/data/test_set_10x10/images
-- Up-to-date: /home/tetripick/UR10_Pick_ws/ros2_ws/install/industrial_calibration/share/industrial_calibration/data/test_set_10x10/images/14.png
-- Up-to-date: /home/tetripick/UR10_Pick_ws/ros2_ws/install/industrial_calibration/share/industrial_calibration/data/test_set_10x10/images/7.png
-- Up-to-date: /home/tetripick/UR10_Pick_ws/ros2_ws/install/industrial_calibration/share/industrial_calibration/data/test_set_10x10/images/13.png
-- Up-to-date: /home/tetripick/UR10_Pick_ws/ros2_ws/install/industrial_calibration/share/industrial_calibration/data/test_set_10x10/images/12.png
-- Up-to-date: /home/tetripick/UR10_Pick_ws/ros2_ws/install/industrial_calibration/share/industrial_calibration/data/test_set_10x10/images/11.png
-- Up-to-date: /home/tetripick/UR10_Pick_ws/ros2_ws/install/industrial_calibration/share/industrial_calibration/data/test_set_10x10/images/2.png
-- Up-to-date: /home/tetripick/UR10_Pick_ws/ros2_ws/install/industrial_calibration/share/industrial_calibration/data/test_set_10x10/images/4.png
-- Up-to-date: /home/tetripick/UR10_Pick_ws/ros2_ws/install/industrial_calibration/share/industrial_calibration/data/test_set_10x10/images/10.png
-- Up-to-date: /home/tetripick/UR10_Pick_ws/ros2_ws/install/industrial_calibration/share/industrial_calibration/data/test_set_10x10/images/6.png
-- Up-to-date: /home/tetripick/UR10_Pick_ws/ros2_ws/install/industrial_calibration/share/industrial_calibration/data/test_set_10x10/images/9.png
-- Up-to-date: /home/tetripick/UR10_Pick_ws/ros2_ws/install/industrial_calibration/share/industrial_calibration/data/test_set_10x10/images/1.png
-- Up-to-date: /home/tetripick/UR10_Pick_ws/ros2_ws/install/industrial_calibration/share/industrial_calibration/data/test_set_10x10/images/5.png
-- Up-to-date: /home/tetripick/UR10_Pick_ws/ros2_ws/install/industrial_calibration/share/industrial_calibration/data/test_set_10x10/images/0.png
-- Up-to-date: /home/tetripick/UR10_Pick_ws/ros2_ws/install/industrial_calibration/share/industrial_calibration/data/test_set_10x10/images/8.png
-- Up-to-date: /home/tetripick/UR10_Pick_ws/ros2_ws/install/industrial_calibration/share/industrial_calibration/data/test_set_10x10/images/3.png
-- Up-to-date: /home/tetripick/UR10_Pick_ws/ros2_ws/install/industrial_calibration/share/industrial_calibration/data/test_set_10x10/cal_data.yaml
-- Up-to-date: /home/tetripick/UR10_Pick_ws/ros2_ws/install/industrial_calibration/share/industrial_calibration/data/test_set_charuco
-- Up-to-date: /home/tetripick/UR10_Pick_ws/ros2_ws/install/industrial_calibration/share/industrial_calibration/data/test_set_charuco/poses
-- Up-to-date: /home/tetripick/UR10_Pick_ws/ros2_ws/install/industrial_calibration/share/industrial_calibration/data/test_set_charuco/poses/8.yaml
-- Up-to-date: /home/tetripick/UR10_Pick_ws/ros2_ws/install/industrial_calibration/share/industrial_calibration/data/test_set_charuco/poses/5.yaml
-- Up-to-date: /home/tetripick/UR10_Pick_ws/ros2_ws/install/industrial_calibration/share/industrial_calibration/data/test_set_charuco/poses/3.yaml
-- Up-to-date: /home/tetripick/UR10_Pick_ws/ros2_ws/install/industrial_calibration/share/industrial_calibration/data/test_set_charuco/poses/0.yaml
-- Up-to-date: /home/tetripick/UR10_Pick_ws/ros2_ws/install/industrial_calibration/share/industrial_calibration/data/test_set_charuco/poses/12.yaml
-- Up-to-date: /home/tetripick/UR10_Pick_ws/ros2_ws/install/industrial_calibration/share/industrial_calibration/data/test_set_charuco/poses/11.yaml
-- Up-to-date: /home/tetripick/UR10_Pick_ws/ros2_ws/install/industrial_calibration/share/industrial_calibration/data/test_set_charuco/poses/13.yaml
-- Up-to-date: /home/tetripick/UR10_Pick_ws/ros2_ws/install/industrial_calibration/share/industrial_calibration/data/test_set_charuco/poses/10.yaml
-- Up-to-date: /home/tetripick/UR10_Pick_ws/ros2_ws/install/industrial_calibration/share/industrial_calibration/data/test_set_charuco/poses/7.yaml
-- Up-to-date: /home/tetripick/UR10_Pick_ws/ros2_ws/install/industrial_calibration/share/industrial_calibration/data/test_set_charuco/poses/9.yaml
-- Up-to-date: /home/tetripick/UR10_Pick_ws/ros2_ws/install/industrial_calibration/share/industrial_calibration/data/test_set_charuco/poses/4.yaml
-- Up-to-date: /home/tetripick/UR10_Pick_ws/ros2_ws/install/industrial_calibration/share/industrial_calibration/data/test_set_charuco/poses/15.yaml
-- Up-to-date: /home/tetripick/UR10_Pick_ws/ros2_ws/install/industrial_calibration/share/industrial_calibration/data/test_set_charuco/poses/2.yaml
-- Up-to-date: /home/tetripick/UR10_Pick_ws/ros2_ws/install/industrial_calibration/share/industrial_calibration/data/test_set_charuco/poses/6.yaml
-- Up-to-date: /home/tetripick/UR10_Pick_ws/ros2_ws/install/industrial_calibration/share/industrial_calibration/data/test_set_charuco/poses/14.yaml
-- Up-to-date: /home/tetripick/UR10_Pick_ws/ros2_ws/install/industrial_calibration/share/industrial_calibration/data/test_set_charuco/poses/1.yaml
-- Up-to-date: /home/tetripick/UR10_Pick_ws/ros2_ws/install/industrial_calibration/share/industrial_calibration/data/test_set_charuco/images
-- Up-to-date: /home/tetripick/UR10_Pick_ws/ros2_ws/install/industrial_calibration/share/industrial_calibration/data/test_set_charuco/images/14.png
-- Up-to-date: /home/tetripick/UR10_Pick_ws/ros2_ws/install/industrial_calibration/share/industrial_calibration/data/test_set_charuco/images/7.png
-- Up-to-date: /home/tetripick/UR10_Pick_ws/ros2_ws/install/industrial_calibration/share/industrial_calibration/data/test_set_charuco/images/13.png
-- Up-to-date: /home/tetripick/UR10_Pick_ws/ros2_ws/install/industrial_calibration/share/industrial_calibration/data/test_set_charuco/images/12.png
-- Up-to-date: /home/tetripick/UR10_Pick_ws/ros2_ws/install/industrial_calibration/share/industrial_calibration/data/test_set_charuco/images/15.png
-- Up-to-date: /home/tetripick/UR10_Pick_ws/ros2_ws/install/industrial_calibration/share/industrial_calibration/data/test_set_charuco/images/11.png
-- Up-to-date: /home/tetripick/UR10_Pick_ws/ros2_ws/install/industrial_calibration/share/industrial_calibration/data/test_set_charuco/images/2.png
-- Up-to-date: /home/tetripick/UR10_Pick_ws/ros2_ws/install/industrial_calibration/share/industrial_calibration/data/test_set_charuco/images/4.png
-- Up-to-date: /home/tetripick/UR10_Pick_ws/ros2_ws/install/industrial_calibration/share/industrial_calibration/data/test_set_charuco/images/10.png
-- Up-to-date: /home/tetripick/UR10_Pick_ws/ros2_ws/install/industrial_calibration/share/industrial_calibration/data/test_set_charuco/images/6.png
-- Up-to-date: /home/tetripick/UR10_Pick_ws/ros2_ws/install/industrial_calibration/share/industrial_calibration/data/test_set_charuco/images/9.png
-- Up-to-date: /home/tetripick/UR10_Pick_ws/ros2_ws/install/industrial_calibration/share/industrial_calibration/data/test_set_charuco/images/1.png
-- Up-to-date: /home/tetripick/UR10_Pick_ws/ros2_ws/install/industrial_calibration/share/industrial_calibration/data/test_set_charuco/images/5.png
-- Up-to-date: /home/tetripick/UR10_Pick_ws/ros2_ws/install/industrial_calibration/share/industrial_calibration/data/test_set_charuco/images/0.png
-- Up-to-date: /home/tetripick/UR10_Pick_ws/ros2_ws/install/industrial_calibration/share/industrial_calibration/data/test_set_charuco/images/8.png
-- Up-to-date: /home/tetripick/UR10_Pick_ws/ros2_ws/install/industrial_calibration/share/industrial_calibration/data/test_set_charuco/images/3.png
-- Up-to-date: /home/tetripick/UR10_Pick_ws/ros2_ws/install/industrial_calibration/share/industrial_calibration/data/test_set_charuco/cal_data.yaml
-- Up-to-date: /home/tetripick/UR10_Pick_ws/ros2_ws/install/industrial_calibration/share/industrial_calibration/data/kinematic_calibration
-- Up-to-date: /home/tetripick/UR10_Pick_ws/ros2_ws/install/industrial_calibration/share/industrial_calibration/data/kinematic_calibration/pose_initial_guesses.yaml
-- Up-to-date: /home/tetripick/UR10_Pick_ws/ros2_ws/install/industrial_calibration/share/industrial_calibration/data/kinematic_calibration/measurements.yaml
-- Up-to-date: /home/tetripick/UR10_Pick_ws/ros2_ws/install/industrial_calibration/share/industrial_calibration/data/noise_qualification
-- Up-to-date: /home/tetripick/UR10_Pick_ws/ros2_ws/install/industrial_calibration/share/industrial_calibration/data/noise_qualification/images
-- Up-to-date: /home/tetripick/UR10_Pick_ws/ros2_ws/install/industrial_calibration/share/industrial_calibration/data/noise_qualification/images/0.png
-- Up-to-date: /home/tetripick/UR10_Pick_ws/ros2_ws/install/industrial_calibration/share/industrial_calibration/data/noise_qualification/cal_data.yaml
-- Up-to-date: /home/tetripick/UR10_Pick_ws/ros2_ws/install/industrial_calibration/bin/industrial_calibration_camera_intrinsic
-- Up-to-date: /home/tetripick/UR10_Pick_ws/ros2_ws/install/industrial_calibration/bin/industrial_calibration_extrinsic_hand_eye
-- Up-to-date: /home/tetripick/UR10_Pick_ws/ros2_ws/install/industrial_calibration/bin/industrial_calibration_kinematic_calibration
-- Up-to-date: /home/tetripick/UR10_Pick_ws/ros2_ws/install/industrial_calibration/bin/industrial_calibration_noise_qualification_2d
-- Up-to-date: /home/tetripick/UR10_Pick_ws/ros2_ws/install/industrial_calibration/bin/industrial_calibration_pnp
-- Up-to-date: /home/tetripick/UR10_Pick_ws/ros2_ws/install/industrial_calibration/lib/cmake/industrial_calibration/examples-targets.cmake
-- Up-to-date: /home/tetripick/UR10_Pick_ws/ros2_ws/install/industrial_calibration/lib/cmake/industrial_calibration/examples-targets-release.cmake
-- Up-to-date: /home/tetripick/UR10_Pick_ws/ros2_ws/install/industrial_calibration/lib/cmake/industrial_calibration/examples-config.cmake
-- Up-to-date: /home/tetripick/UR10_Pick_ws/ros2_ws/install/industrial_calibration/lib/industrial_calibration/industrial_calibration_camera_intrinsic
-- Up-to-date: /home/tetripick/UR10_Pick_ws/ros2_ws/install/industrial_calibration/lib/industrial_calibration/industrial_calibration_extrinsic_hand_eye
-- Up-to-date: /home/tetripick/UR10_Pick_ws/ros2_ws/install/industrial_calibration/lib/industrial_calibration/industrial_calibration_kinematic_calibration
-- Up-to-date: /home/tetripick/UR10_Pick_ws/ros2_ws/install/industrial_calibration/lib/industrial_calibration/industrial_calibration_noise_qualification_2d
-- Up-to-date: /home/tetripick/UR10_Pick_ws/ros2_ws/install/industrial_calibration/lib/industrial_calibration/industrial_calibration_pnp
