[ 18%] Built target boost_plugin_loader
[ 36%] Built target boost_plugin_loader_example_plugin
[ 54%] Built target boost_plugin_loader_example
[100%] Built target boost_plugin_loader_example_plugin_impl
-- Install configuration: "Release"
-- Up-to-date: /home/tetripick/UR10_Pick_ws/ros2_ws/install/boost_plugin_loader/include/boost_plugin_loader
-- Up-to-date: /home/tetripick/UR10_Pick_ws/ros2_ws/install/boost_plugin_loader/include/boost_plugin_loader/plugin_loader.h
-- Up-to-date: /home/tetripick/UR10_Pick_ws/ros2_ws/install/boost_plugin_loader/include/boost_plugin_loader/fwd.h
-- Up-to-date: /home/tetripick/UR10_Pick_ws/ros2_ws/install/boost_plugin_loader/include/boost_plugin_loader/utils.h
-- Up-to-date: /home/tetripick/UR10_Pick_ws/ros2_ws/install/boost_plugin_loader/include/boost_plugin_loader/macros.h
-- Up-to-date: /home/tetripick/UR10_Pick_ws/ros2_ws/install/boost_plugin_loader/include/boost_plugin_loader/plugin_loader.hpp
-- Up-to-date: /home/tetripick/UR10_Pick_ws/ros2_ws/install/boost_plugin_loader/share/boost_plugin_loader/package.xml
-- Up-to-date: /home/tetripick/UR10_Pick_ws/ros2_ws/install/boost_plugin_loader/lib/libboost_plugin_loader.so
-- Up-to-date: /home/tetripick/UR10_Pick_ws/ros2_ws/install/boost_plugin_loader/lib/cmake/boost_plugin_loader/boost_plugin_loader-targets.cmake
-- Up-to-date: /home/tetripick/UR10_Pick_ws/ros2_ws/install/boost_plugin_loader/lib/cmake/boost_plugin_loader/boost_plugin_loader-targets-release.cmake
-- Up-to-date: /home/tetripick/UR10_Pick_ws/ros2_ws/install/boost_plugin_loader/lib/cmake/boost_plugin_loader/boost_plugin_loader-config.cmake
-- Up-to-date: /home/tetripick/UR10_Pick_ws/ros2_ws/install/boost_plugin_loader/lib/cmake/boost_plugin_loader/boost_plugin_loader-config-version.cmake
-- Up-to-date: /home/tetripick/UR10_Pick_ws/ros2_ws/install/boost_plugin_loader/share/ament_index/resource_index/packages/boost_plugin_loader
-- Up-to-date: /home/tetripick/UR10_Pick_ws/ros2_ws/install/boost_plugin_loader/share/boost_plugin_loader/hook/ament_prefix_path.dsv
-- Up-to-date: /home/tetripick/UR10_Pick_ws/ros2_ws/install/boost_plugin_loader/share/boost_plugin_loader/hook/ros_package_path.dsv
-- Up-to-date: /home/tetripick/UR10_Pick_ws/ros2_ws/install/boost_plugin_loader/share/boost_plugin_loader/hook/python_path.dsv
-- Up-to-date: /home/tetripick/UR10_Pick_ws/ros2_ws/install/boost_plugin_loader/lib/libboost_plugin_loader_example_plugin.so
-- Up-to-date: /home/tetripick/UR10_Pick_ws/ros2_ws/install/boost_plugin_loader/lib/libboost_plugin_loader_example_plugin_impl.so
-- Up-to-date: /home/tetripick/UR10_Pick_ws/ros2_ws/install/boost_plugin_loader/lib/boost_plugin_loader/boost_plugin_loader_example
