[0.067s] DEBUG:colcon:Command line arguments: ['/usr/bin/colcon', 'build', '--symlink-install', '--cmake-args', '-DCMAKE_BUILD_TYPE=Release']
[0.067s] DEBUG:colcon:Parsed command line arguments: Namespace(log_base=None, log_level=None, verb_name='build', build_base='build', install_base='install', merge_install=False, symlink_install=True, test_result_base=None, continue_on_error=False, executor='parallel', parallel_workers=8, event_handlers=None, ignore_user_meta=False, metas=['./colcon.meta'], base_paths=['.'], packages_ignore=None, packages_ignore_regex=None, paths=None, packages_up_to=None, packages_up_to_regex=None, packages_above=None, packages_above_and_dependencies=None, packages_above_depth=None, packages_select_by_dep=None, packages_skip_by_dep=None, packages_skip_up_to=None, packages_select_build_failed=False, packages_skip_build_finished=False, packages_select_test_failures=False, packages_skip_test_passed=False, packages_select=None, packages_skip=None, packages_select_regex=None, packages_skip_regex=None, packages_start=None, packages_end=None, allow_overriding=[], cmake_args=['-DCMAKE_BUILD_TYPE=Release'], cmake_target=None, cmake_target_skip_unavailable=False, cmake_clean_cache=False, cmake_clean_first=False, cmake_force_configure=False, ament_cmake_args=None, catkin_cmake_args=None, catkin_skip_building_tests=False, verb_parser=<colcon_defaults.argument_parser.defaults.DefaultArgumentsDecorator object at 0x764f8718d6a0>, verb_extension=<colcon_core.verb.build.BuildVerb object at 0x764f872a1fa0>, main=<bound method BuildVerb.main of <colcon_core.verb.build.BuildVerb object at 0x764f872a1fa0>>)
[0.094s] Level 1:colcon.colcon_core.package_discovery:discover_packages(colcon_meta) check parameters
[0.094s] Level 1:colcon.colcon_core.package_discovery:discover_packages(recursive) check parameters
[0.094s] Level 1:colcon.colcon_core.package_discovery:discover_packages(ignore) check parameters
[0.094s] Level 1:colcon.colcon_core.package_discovery:discover_packages(path) check parameters
[0.094s] Level 1:colcon.colcon_core.package_discovery:discover_packages(colcon_meta) discover
[0.094s] Level 1:colcon.colcon_core.package_discovery:discover_packages(recursive) discover
[0.094s] INFO:colcon.colcon_core.package_discovery:Crawling recursively for packages in '/home/tetripick/UR10_Pick_ws/ros2_ws'
[0.094s] Level 1:colcon.colcon_core.package_identification:_identify(.) by extensions ['ignore', 'ignore_ament_install']
[0.094s] Level 1:colcon.colcon_core.package_identification:_identify(.) by extension 'ignore'
[0.094s] Level 1:colcon.colcon_core.package_identification:_identify(.) by extension 'ignore_ament_install'
[0.094s] Level 1:colcon.colcon_core.package_identification:_identify(.) by extensions ['colcon_pkg']
[0.094s] Level 1:colcon.colcon_core.package_identification:_identify(.) by extension 'colcon_pkg'
[0.094s] Level 1:colcon.colcon_core.package_identification:_identify(.) by extensions ['colcon_meta']
[0.094s] Level 1:colcon.colcon_core.package_identification:_identify(.) by extension 'colcon_meta'
[0.094s] Level 1:colcon.colcon_core.package_identification:_identify(.) by extensions ['ros']
[0.094s] Level 1:colcon.colcon_core.package_identification:_identify(.) by extension 'ros'
[0.113s] Level 1:colcon.colcon_core.package_identification:_identify(.) by extensions ['cmake', 'python']
[0.113s] Level 1:colcon.colcon_core.package_identification:_identify(.) by extension 'cmake'
[0.113s] Level 1:colcon.colcon_core.package_identification:_identify(.) by extension 'python'
[0.113s] Level 1:colcon.colcon_core.package_identification:_identify(.) by extensions ['python_setup_py']
[0.113s] Level 1:colcon.colcon_core.package_identification:_identify(.) by extension 'python_setup_py'
[0.113s] Level 1:colcon.colcon_core.package_identification:_identify(build) by extensions ['ignore', 'ignore_ament_install']
[0.113s] Level 1:colcon.colcon_core.package_identification:_identify(build) by extension 'ignore'
[0.113s] Level 1:colcon.colcon_core.package_identification:_identify(build) ignored
[0.113s] Level 1:colcon.colcon_core.package_identification:_identify(install) by extensions ['ignore', 'ignore_ament_install']
[0.113s] Level 1:colcon.colcon_core.package_identification:_identify(install) by extension 'ignore'
[0.113s] Level 1:colcon.colcon_core.package_identification:_identify(install) ignored
[0.113s] Level 1:colcon.colcon_core.package_identification:_identify(log) by extensions ['ignore', 'ignore_ament_install']
[0.113s] Level 1:colcon.colcon_core.package_identification:_identify(log) by extension 'ignore'
[0.113s] Level 1:colcon.colcon_core.package_identification:_identify(log) ignored
[0.113s] Level 1:colcon.colcon_core.package_identification:_identify(src) by extensions ['ignore', 'ignore_ament_install']
[0.113s] Level 1:colcon.colcon_core.package_identification:_identify(src) by extension 'ignore'
[0.113s] Level 1:colcon.colcon_core.package_identification:_identify(src) by extension 'ignore_ament_install'
[0.113s] Level 1:colcon.colcon_core.package_identification:_identify(src) by extensions ['colcon_pkg']
[0.114s] Level 1:colcon.colcon_core.package_identification:_identify(src) by extension 'colcon_pkg'
[0.114s] Level 1:colcon.colcon_core.package_identification:_identify(src) by extensions ['colcon_meta']
[0.114s] Level 1:colcon.colcon_core.package_identification:_identify(src) by extension 'colcon_meta'
[0.114s] Level 1:colcon.colcon_core.package_identification:_identify(src) by extensions ['ros']
[0.114s] Level 1:colcon.colcon_core.package_identification:_identify(src) by extension 'ros'
[0.114s] Level 1:colcon.colcon_core.package_identification:_identify(src) by extensions ['cmake', 'python']
[0.114s] Level 1:colcon.colcon_core.package_identification:_identify(src) by extension 'cmake'
[0.114s] Level 1:colcon.colcon_core.package_identification:_identify(src) by extension 'python'
[0.114s] Level 1:colcon.colcon_core.package_identification:_identify(src) by extensions ['python_setup_py']
[0.114s] Level 1:colcon.colcon_core.package_identification:_identify(src) by extension 'python_setup_py'
[0.114s] Level 1:colcon.colcon_core.package_identification:_identify(src/boost_plugin_loader) by extensions ['ignore', 'ignore_ament_install']
[0.114s] Level 1:colcon.colcon_core.package_identification:_identify(src/boost_plugin_loader) by extension 'ignore'
[0.114s] Level 1:colcon.colcon_core.package_identification:_identify(src/boost_plugin_loader) by extension 'ignore_ament_install'
[0.114s] Level 1:colcon.colcon_core.package_identification:_identify(src/boost_plugin_loader) by extensions ['colcon_pkg']
[0.114s] Level 1:colcon.colcon_core.package_identification:_identify(src/boost_plugin_loader) by extension 'colcon_pkg'
[0.114s] Level 1:colcon.colcon_core.package_identification:_identify(src/boost_plugin_loader) by extensions ['colcon_meta']
[0.114s] Level 1:colcon.colcon_core.package_identification:_identify(src/boost_plugin_loader) by extension 'colcon_meta'
[0.114s] Level 1:colcon.colcon_core.package_identification:_identify(src/boost_plugin_loader) by extensions ['ros']
[0.114s] Level 1:colcon.colcon_core.package_identification:_identify(src/boost_plugin_loader) by extension 'ros'
[0.116s] DEBUG:colcon.colcon_core.package_identification:Package 'src/boost_plugin_loader' with type 'ros.cmake' and name 'boost_plugin_loader'
[0.116s] Level 1:colcon.colcon_core.package_identification:_identify(src/images) by extensions ['ignore', 'ignore_ament_install']
[0.117s] Level 1:colcon.colcon_core.package_identification:_identify(src/images) by extension 'ignore'
[0.117s] Level 1:colcon.colcon_core.package_identification:_identify(src/images) by extension 'ignore_ament_install'
[0.117s] Level 1:colcon.colcon_core.package_identification:_identify(src/images) by extensions ['colcon_pkg']
[0.117s] Level 1:colcon.colcon_core.package_identification:_identify(src/images) by extension 'colcon_pkg'
[0.117s] Level 1:colcon.colcon_core.package_identification:_identify(src/images) by extensions ['colcon_meta']
[0.117s] Level 1:colcon.colcon_core.package_identification:_identify(src/images) by extension 'colcon_meta'
[0.117s] Level 1:colcon.colcon_core.package_identification:_identify(src/images) by extensions ['ros']
[0.117s] Level 1:colcon.colcon_core.package_identification:_identify(src/images) by extension 'ros'
[0.117s] Level 1:colcon.colcon_core.package_identification:_identify(src/images) by extensions ['cmake', 'python']
[0.117s] Level 1:colcon.colcon_core.package_identification:_identify(src/images) by extension 'cmake'
[0.117s] Level 1:colcon.colcon_core.package_identification:_identify(src/images) by extension 'python'
[0.117s] Level 1:colcon.colcon_core.package_identification:_identify(src/images) by extensions ['python_setup_py']
[0.117s] Level 1:colcon.colcon_core.package_identification:_identify(src/images) by extension 'python_setup_py'
[0.117s] Level 1:colcon.colcon_core.package_identification:_identify(src/industrial_calibration) by extensions ['ignore', 'ignore_ament_install']
[0.117s] Level 1:colcon.colcon_core.package_identification:_identify(src/industrial_calibration) by extension 'ignore'
[0.117s] Level 1:colcon.colcon_core.package_identification:_identify(src/industrial_calibration) by extension 'ignore_ament_install'
[0.117s] Level 1:colcon.colcon_core.package_identification:_identify(src/industrial_calibration) by extensions ['colcon_pkg']
[0.117s] Level 1:colcon.colcon_core.package_identification:_identify(src/industrial_calibration) by extension 'colcon_pkg'
[0.117s] Level 1:colcon.colcon_core.package_identification:_identify(src/industrial_calibration) by extensions ['colcon_meta']
[0.117s] Level 1:colcon.colcon_core.package_identification:_identify(src/industrial_calibration) by extension 'colcon_meta'
[0.118s] Level 1:colcon.colcon_core.package_identification:_identify(src/industrial_calibration) by extensions ['ros']
[0.118s] Level 1:colcon.colcon_core.package_identification:_identify(src/industrial_calibration) by extension 'ros'
[0.118s] DEBUG:colcon.colcon_core.package_identification:Package 'src/industrial_calibration' with type 'ros.cmake' and name 'industrial_calibration'
[0.118s] Level 1:colcon.colcon_core.package_identification:_identify(src/industrial_calibration_ros2) by extensions ['ignore', 'ignore_ament_install']
[0.118s] Level 1:colcon.colcon_core.package_identification:_identify(src/industrial_calibration_ros2) by extension 'ignore'
[0.118s] Level 1:colcon.colcon_core.package_identification:_identify(src/industrial_calibration_ros2) by extension 'ignore_ament_install'
[0.118s] Level 1:colcon.colcon_core.package_identification:_identify(src/industrial_calibration_ros2) by extensions ['colcon_pkg']
[0.118s] Level 1:colcon.colcon_core.package_identification:_identify(src/industrial_calibration_ros2) by extension 'colcon_pkg'
[0.118s] Level 1:colcon.colcon_core.package_identification:_identify(src/industrial_calibration_ros2) by extensions ['colcon_meta']
[0.118s] Level 1:colcon.colcon_core.package_identification:_identify(src/industrial_calibration_ros2) by extension 'colcon_meta'
[0.118s] Level 1:colcon.colcon_core.package_identification:_identify(src/industrial_calibration_ros2) by extensions ['ros']
[0.118s] Level 1:colcon.colcon_core.package_identification:_identify(src/industrial_calibration_ros2) by extension 'ros'
[0.119s] DEBUG:colcon.colcon_core.package_identification:Package 'src/industrial_calibration_ros2' with type 'ros.ament_cmake' and name 'industrial_calibration_ros'
[0.119s] Level 1:colcon.colcon_core.package_identification:_identify(src/poses) by extensions ['ignore', 'ignore_ament_install']
[0.119s] Level 1:colcon.colcon_core.package_identification:_identify(src/poses) by extension 'ignore'
[0.119s] Level 1:colcon.colcon_core.package_identification:_identify(src/poses) by extension 'ignore_ament_install'
[0.119s] Level 1:colcon.colcon_core.package_identification:_identify(src/poses) by extensions ['colcon_pkg']
[0.119s] Level 1:colcon.colcon_core.package_identification:_identify(src/poses) by extension 'colcon_pkg'
[0.119s] Level 1:colcon.colcon_core.package_identification:_identify(src/poses) by extensions ['colcon_meta']
[0.119s] Level 1:colcon.colcon_core.package_identification:_identify(src/poses) by extension 'colcon_meta'
[0.119s] Level 1:colcon.colcon_core.package_identification:_identify(src/poses) by extensions ['ros']
[0.119s] Level 1:colcon.colcon_core.package_identification:_identify(src/poses) by extension 'ros'
[0.119s] Level 1:colcon.colcon_core.package_identification:_identify(src/poses) by extensions ['cmake', 'python']
[0.119s] Level 1:colcon.colcon_core.package_identification:_identify(src/poses) by extension 'cmake'
[0.120s] Level 1:colcon.colcon_core.package_identification:_identify(src/poses) by extension 'python'
[0.120s] Level 1:colcon.colcon_core.package_identification:_identify(src/poses) by extensions ['python_setup_py']
[0.120s] Level 1:colcon.colcon_core.package_identification:_identify(src/poses) by extension 'python_setup_py'
[0.120s] Level 1:colcon.colcon_core.package_identification:_identify(src/ros_industrial_cmake_boilerplate) by extensions ['ignore', 'ignore_ament_install']
[0.120s] Level 1:colcon.colcon_core.package_identification:_identify(src/ros_industrial_cmake_boilerplate) by extension 'ignore'
[0.120s] Level 1:colcon.colcon_core.package_identification:_identify(src/ros_industrial_cmake_boilerplate) by extension 'ignore_ament_install'
[0.120s] Level 1:colcon.colcon_core.package_identification:_identify(src/ros_industrial_cmake_boilerplate) by extensions ['colcon_pkg']
[0.120s] Level 1:colcon.colcon_core.package_identification:_identify(src/ros_industrial_cmake_boilerplate) by extension 'colcon_pkg'
[0.120s] Level 1:colcon.colcon_core.package_identification:_identify(src/ros_industrial_cmake_boilerplate) by extensions ['colcon_meta']
[0.120s] Level 1:colcon.colcon_core.package_identification:_identify(src/ros_industrial_cmake_boilerplate) by extension 'colcon_meta'
[0.120s] Level 1:colcon.colcon_core.package_identification:_identify(src/ros_industrial_cmake_boilerplate) by extensions ['ros']
[0.120s] Level 1:colcon.colcon_core.package_identification:_identify(src/ros_industrial_cmake_boilerplate) by extension 'ros'
[0.120s] DEBUG:colcon.colcon_core.package_identification:Package 'src/ros_industrial_cmake_boilerplate' with type 'ros.cmake' and name 'ros_industrial_cmake_boilerplate'
[0.120s] Level 1:colcon.colcon_core.package_discovery:discover_packages(recursive) using defaults
[0.120s] Level 1:colcon.colcon_core.package_discovery:discover_packages(ignore) discover
[0.120s] Level 1:colcon.colcon_core.package_discovery:discover_packages(ignore) using defaults
[0.120s] Level 1:colcon.colcon_core.package_discovery:discover_packages(path) discover
[0.120s] Level 1:colcon.colcon_core.package_discovery:discover_packages(path) using defaults
[0.133s] INFO:colcon.colcon_metadata.metadata.colcon_pkg:Updating descriptor of package 'src/boost_plugin_loader' from colcon.pkg: {'hooks': ['share/boost_plugin_loader/hook/ament_prefix_path.dsv', 'share/boost_plugin_loader/hook/ros_package_path.dsv']}
[0.133s] INFO:colcon.colcon_metadata.metadata.colcon_pkg:Updating descriptor of package 'src/industrial_calibration' from colcon.pkg: {'hooks': ['share/industrial_calibration/hook/ament_prefix_path.dsv', 'share/industrial_calibration/hook/ros_package_path.dsv', 'share/industrial_calibration/hook/python_path.dsv']}
[0.133s] INFO:colcon.colcon_metadata.metadata.colcon_pkg:Updating descriptor of package 'src/ros_industrial_cmake_boilerplate' from colcon.pkg: {'hooks': ['share/ros_industrial_cmake_boilerplate/hook/ament_prefix_path.dsv', 'share/ros_industrial_cmake_boilerplate/hook/ros_package_path.dsv']}
[0.134s] Level 1:colcon.colcon_core.package_discovery:discover_packages(prefix_path) check parameters
[0.134s] Level 1:colcon.colcon_core.package_discovery:discover_packages(prefix_path) discover
[0.136s] DEBUG:colcon.colcon_installed_package_information.package_discovery:Found 340 installed packages in /opt/ros/jazzy
[0.136s] Level 1:colcon.colcon_core.package_discovery:discover_packages(prefix_path) using defaults
[0.164s] Level 5:colcon.colcon_core.verb:set package 'ros_industrial_cmake_boilerplate' build argument 'cmake_args' from command line to '['-DCMAKE_BUILD_TYPE=Release']'
[0.164s] Level 5:colcon.colcon_core.verb:set package 'ros_industrial_cmake_boilerplate' build argument 'cmake_target' from command line to 'None'
[0.164s] Level 5:colcon.colcon_core.verb:set package 'ros_industrial_cmake_boilerplate' build argument 'cmake_target_skip_unavailable' from command line to 'False'
[0.164s] Level 5:colcon.colcon_core.verb:set package 'ros_industrial_cmake_boilerplate' build argument 'cmake_clean_cache' from command line to 'False'
[0.164s] Level 5:colcon.colcon_core.verb:set package 'ros_industrial_cmake_boilerplate' build argument 'cmake_clean_first' from command line to 'False'
[0.164s] Level 5:colcon.colcon_core.verb:set package 'ros_industrial_cmake_boilerplate' build argument 'cmake_force_configure' from command line to 'False'
[0.164s] Level 5:colcon.colcon_core.verb:set package 'ros_industrial_cmake_boilerplate' build argument 'ament_cmake_args' from command line to 'None'
[0.164s] Level 5:colcon.colcon_core.verb:set package 'ros_industrial_cmake_boilerplate' build argument 'catkin_cmake_args' from command line to 'None'
[0.164s] Level 5:colcon.colcon_core.verb:set package 'ros_industrial_cmake_boilerplate' build argument 'catkin_skip_building_tests' from command line to 'False'
[0.165s] DEBUG:colcon.colcon_core.verb:Building package 'ros_industrial_cmake_boilerplate' with the following arguments: {'ament_cmake_args': None, 'build_base': '/home/tetripick/UR10_Pick_ws/ros2_ws/build/ros_industrial_cmake_boilerplate', 'catkin_cmake_args': None, 'catkin_skip_building_tests': False, 'cmake_args': ['-DCMAKE_BUILD_TYPE=Release'], 'cmake_clean_cache': False, 'cmake_clean_first': False, 'cmake_force_configure': False, 'cmake_target': None, 'cmake_target_skip_unavailable': False, 'install_base': '/home/tetripick/UR10_Pick_ws/ros2_ws/install/ros_industrial_cmake_boilerplate', 'merge_install': False, 'path': '/home/tetripick/UR10_Pick_ws/ros2_ws/src/ros_industrial_cmake_boilerplate', 'symlink_install': True, 'test_result_base': None}
[0.165s] Level 5:colcon.colcon_core.verb:set package 'boost_plugin_loader' build argument 'cmake_args' from command line to '['-DCMAKE_BUILD_TYPE=Release']'
[0.165s] Level 5:colcon.colcon_core.verb:set package 'boost_plugin_loader' build argument 'cmake_target' from command line to 'None'
[0.165s] Level 5:colcon.colcon_core.verb:set package 'boost_plugin_loader' build argument 'cmake_target_skip_unavailable' from command line to 'False'
[0.165s] Level 5:colcon.colcon_core.verb:set package 'boost_plugin_loader' build argument 'cmake_clean_cache' from command line to 'False'
[0.165s] Level 5:colcon.colcon_core.verb:set package 'boost_plugin_loader' build argument 'cmake_clean_first' from command line to 'False'
[0.165s] Level 5:colcon.colcon_core.verb:set package 'boost_plugin_loader' build argument 'cmake_force_configure' from command line to 'False'
[0.165s] Level 5:colcon.colcon_core.verb:set package 'boost_plugin_loader' build argument 'ament_cmake_args' from command line to 'None'
[0.165s] Level 5:colcon.colcon_core.verb:set package 'boost_plugin_loader' build argument 'catkin_cmake_args' from command line to 'None'
[0.165s] Level 5:colcon.colcon_core.verb:set package 'boost_plugin_loader' build argument 'catkin_skip_building_tests' from command line to 'False'
[0.165s] DEBUG:colcon.colcon_core.verb:Building package 'boost_plugin_loader' with the following arguments: {'ament_cmake_args': None, 'build_base': '/home/tetripick/UR10_Pick_ws/ros2_ws/build/boost_plugin_loader', 'catkin_cmake_args': None, 'catkin_skip_building_tests': False, 'cmake_args': ['-DCMAKE_BUILD_TYPE=Release'], 'cmake_clean_cache': False, 'cmake_clean_first': False, 'cmake_force_configure': False, 'cmake_target': None, 'cmake_target_skip_unavailable': False, 'install_base': '/home/tetripick/UR10_Pick_ws/ros2_ws/install/boost_plugin_loader', 'merge_install': False, 'path': '/home/tetripick/UR10_Pick_ws/ros2_ws/src/boost_plugin_loader', 'symlink_install': True, 'test_result_base': None}
[0.165s] Level 5:colcon.colcon_core.verb:set package 'industrial_calibration' build argument 'cmake_args' from command line to '['-DCMAKE_BUILD_TYPE=Release']'
[0.165s] Level 5:colcon.colcon_core.verb:set package 'industrial_calibration' build argument 'cmake_target' from command line to 'None'
[0.165s] Level 5:colcon.colcon_core.verb:set package 'industrial_calibration' build argument 'cmake_target_skip_unavailable' from command line to 'False'
[0.165s] Level 5:colcon.colcon_core.verb:set package 'industrial_calibration' build argument 'cmake_clean_cache' from command line to 'False'
[0.165s] Level 5:colcon.colcon_core.verb:set package 'industrial_calibration' build argument 'cmake_clean_first' from command line to 'False'
[0.165s] Level 5:colcon.colcon_core.verb:set package 'industrial_calibration' build argument 'cmake_force_configure' from command line to 'False'
[0.165s] Level 5:colcon.colcon_core.verb:set package 'industrial_calibration' build argument 'ament_cmake_args' from command line to 'None'
[0.165s] Level 5:colcon.colcon_core.verb:set package 'industrial_calibration' build argument 'catkin_cmake_args' from command line to 'None'
[0.165s] Level 5:colcon.colcon_core.verb:set package 'industrial_calibration' build argument 'catkin_skip_building_tests' from command line to 'False'
[0.165s] DEBUG:colcon.colcon_core.verb:Building package 'industrial_calibration' with the following arguments: {'ament_cmake_args': None, 'build_base': '/home/tetripick/UR10_Pick_ws/ros2_ws/build/industrial_calibration', 'catkin_cmake_args': None, 'catkin_skip_building_tests': False, 'cmake_args': ['-DCMAKE_BUILD_TYPE=Release'], 'cmake_clean_cache': False, 'cmake_clean_first': False, 'cmake_force_configure': False, 'cmake_target': None, 'cmake_target_skip_unavailable': False, 'install_base': '/home/tetripick/UR10_Pick_ws/ros2_ws/install/industrial_calibration', 'merge_install': False, 'path': '/home/tetripick/UR10_Pick_ws/ros2_ws/src/industrial_calibration', 'symlink_install': True, 'test_result_base': None}
[0.165s] Level 5:colcon.colcon_core.verb:set package 'industrial_calibration_ros' build argument 'cmake_args' from command line to '['-DCMAKE_BUILD_TYPE=Release']'
[0.165s] Level 5:colcon.colcon_core.verb:set package 'industrial_calibration_ros' build argument 'cmake_target' from command line to 'None'
[0.165s] Level 5:colcon.colcon_core.verb:set package 'industrial_calibration_ros' build argument 'cmake_target_skip_unavailable' from command line to 'False'
[0.165s] Level 5:colcon.colcon_core.verb:set package 'industrial_calibration_ros' build argument 'cmake_clean_cache' from command line to 'False'
[0.165s] Level 5:colcon.colcon_core.verb:set package 'industrial_calibration_ros' build argument 'cmake_clean_first' from command line to 'False'
[0.165s] Level 5:colcon.colcon_core.verb:set package 'industrial_calibration_ros' build argument 'cmake_force_configure' from command line to 'False'
[0.165s] Level 5:colcon.colcon_core.verb:set package 'industrial_calibration_ros' build argument 'ament_cmake_args' from command line to 'None'
[0.165s] Level 5:colcon.colcon_core.verb:set package 'industrial_calibration_ros' build argument 'catkin_cmake_args' from command line to 'None'
[0.165s] Level 5:colcon.colcon_core.verb:set package 'industrial_calibration_ros' build argument 'catkin_skip_building_tests' from command line to 'False'
[0.165s] DEBUG:colcon.colcon_core.verb:Building package 'industrial_calibration_ros' with the following arguments: {'ament_cmake_args': None, 'build_base': '/home/tetripick/UR10_Pick_ws/ros2_ws/build/industrial_calibration_ros', 'catkin_cmake_args': None, 'catkin_skip_building_tests': False, 'cmake_args': ['-DCMAKE_BUILD_TYPE=Release'], 'cmake_clean_cache': False, 'cmake_clean_first': False, 'cmake_force_configure': False, 'cmake_target': None, 'cmake_target_skip_unavailable': False, 'install_base': '/home/tetripick/UR10_Pick_ws/ros2_ws/install/industrial_calibration_ros', 'merge_install': False, 'path': '/home/tetripick/UR10_Pick_ws/ros2_ws/src/industrial_calibration_ros2', 'symlink_install': True, 'test_result_base': None}
[0.165s] INFO:colcon.colcon_core.executor:Executing jobs using 'parallel' executor
[0.166s] DEBUG:colcon.colcon_parallel_executor.executor.parallel:run_until_complete
[0.166s] INFO:colcon.colcon_ros.task.cmake.build:Building ROS package in '/home/tetripick/UR10_Pick_ws/ros2_ws/src/ros_industrial_cmake_boilerplate' with build type 'cmake'
[0.166s] INFO:colcon.colcon_cmake.task.cmake.build:Building CMake package in '/home/tetripick/UR10_Pick_ws/ros2_ws/src/ros_industrial_cmake_boilerplate'
[0.168s] INFO:colcon.colcon_core.plugin_system:Skipping extension 'colcon_core.shell.bat': Not used on non-Windows systems
[0.168s] INFO:colcon.colcon_core.shell:Skip shell extension 'powershell' for command environment: Not usable outside of PowerShell
[0.168s] DEBUG:colcon.colcon_core.shell:Skip shell extension 'dsv' for command environment
[0.176s] DEBUG:colcon.colcon_core.event_handler.log_command:Invoking command in '/home/tetripick/UR10_Pick_ws/ros2_ws/build/ros_industrial_cmake_boilerplate': CMAKE_PREFIX_PATH=${CMAKE_PREFIX_PATH}:/opt/ros/jazzy DEBUGINFOD_URLS=https://debuginfod.ubuntu.com /usr/bin/cmake /home/tetripick/UR10_Pick_ws/ros2_ws/src/ros_industrial_cmake_boilerplate -DCMAKE_BUILD_TYPE=Release -DCMAKE_INSTALL_PREFIX=/home/tetripick/UR10_Pick_ws/ros2_ws/install/ros_industrial_cmake_boilerplate
[0.190s] DEBUG:colcon.colcon_core.event_handler.log_command:Invoked command in '/home/tetripick/UR10_Pick_ws/ros2_ws/build/ros_industrial_cmake_boilerplate' returned '0': CMAKE_PREFIX_PATH=${CMAKE_PREFIX_PATH}:/opt/ros/jazzy DEBUGINFOD_URLS=https://debuginfod.ubuntu.com /usr/bin/cmake /home/tetripick/UR10_Pick_ws/ros2_ws/src/ros_industrial_cmake_boilerplate -DCMAKE_BUILD_TYPE=Release -DCMAKE_INSTALL_PREFIX=/home/tetripick/UR10_Pick_ws/ros2_ws/install/ros_industrial_cmake_boilerplate
[0.191s] DEBUG:colcon.colcon_core.event_handler.log_command:Invoking command in '/home/tetripick/UR10_Pick_ws/ros2_ws/build/ros_industrial_cmake_boilerplate': CMAKE_PREFIX_PATH=${CMAKE_PREFIX_PATH}:/opt/ros/jazzy DEBUGINFOD_URLS=https://debuginfod.ubuntu.com /usr/bin/cmake --build /home/tetripick/UR10_Pick_ws/ros2_ws/build/ros_industrial_cmake_boilerplate -- -j8 -l8
[0.243s] DEBUG:colcon.colcon_core.event_handler.log_command:Invoked command in '/home/tetripick/UR10_Pick_ws/ros2_ws/build/ros_industrial_cmake_boilerplate' returned '0': CMAKE_PREFIX_PATH=${CMAKE_PREFIX_PATH}:/opt/ros/jazzy DEBUGINFOD_URLS=https://debuginfod.ubuntu.com /usr/bin/cmake --build /home/tetripick/UR10_Pick_ws/ros2_ws/build/ros_industrial_cmake_boilerplate -- -j8 -l8
[0.257s] DEBUG:colcon.colcon_core.event_handler.log_command:Invoking command in '/home/tetripick/UR10_Pick_ws/ros2_ws/build/ros_industrial_cmake_boilerplate': CMAKE_PREFIX_PATH=${CMAKE_PREFIX_PATH}:/opt/ros/jazzy DEBUGINFOD_URLS=https://debuginfod.ubuntu.com /usr/bin/cmake --install /home/tetripick/UR10_Pick_ws/ros2_ws/build/ros_industrial_cmake_boilerplate
[0.272s] Level 1:colcon.colcon_core.shell:create_environment_hook('ros_industrial_cmake_boilerplate', 'pkg_config_path')
[0.273s] INFO:colcon.colcon_core.shell:Creating environment hook '/home/tetripick/UR10_Pick_ws/ros2_ws/install/ros_industrial_cmake_boilerplate/share/ros_industrial_cmake_boilerplate/hook/pkg_config_path.ps1'
[0.274s] DEBUG:colcon.colcon_core.event_handler.log_command:Invoked command in '/home/tetripick/UR10_Pick_ws/ros2_ws/build/ros_industrial_cmake_boilerplate' returned '0': CMAKE_PREFIX_PATH=${CMAKE_PREFIX_PATH}:/opt/ros/jazzy DEBUGINFOD_URLS=https://debuginfod.ubuntu.com /usr/bin/cmake --install /home/tetripick/UR10_Pick_ws/ros2_ws/build/ros_industrial_cmake_boilerplate
[0.274s] INFO:colcon.colcon_core.shell:Creating environment descriptor '/home/tetripick/UR10_Pick_ws/ros2_ws/install/ros_industrial_cmake_boilerplate/share/ros_industrial_cmake_boilerplate/hook/pkg_config_path.dsv'
[0.274s] INFO:colcon.colcon_core.shell:Creating environment hook '/home/tetripick/UR10_Pick_ws/ros2_ws/install/ros_industrial_cmake_boilerplate/share/ros_industrial_cmake_boilerplate/hook/pkg_config_path.sh'
[0.277s] Level 1:colcon.colcon_core.shell:create_environment_hook('ros_industrial_cmake_boilerplate', 'pkg_config_path_multiarch')
[0.277s] INFO:colcon.colcon_core.shell:Creating environment hook '/home/tetripick/UR10_Pick_ws/ros2_ws/install/ros_industrial_cmake_boilerplate/share/ros_industrial_cmake_boilerplate/hook/pkg_config_path_multiarch.ps1'
[0.279s] INFO:colcon.colcon_core.shell:Creating environment descriptor '/home/tetripick/UR10_Pick_ws/ros2_ws/install/ros_industrial_cmake_boilerplate/share/ros_industrial_cmake_boilerplate/hook/pkg_config_path_multiarch.dsv'
[0.279s] INFO:colcon.colcon_core.shell:Creating environment hook '/home/tetripick/UR10_Pick_ws/ros2_ws/install/ros_industrial_cmake_boilerplate/share/ros_industrial_cmake_boilerplate/hook/pkg_config_path_multiarch.sh'
[0.280s] Level 1:colcon.colcon_core.environment:create_environment_scripts_only(ros_industrial_cmake_boilerplate)
[0.284s] Level 1:colcon.colcon_core.environment:checking '/home/tetripick/UR10_Pick_ws/ros2_ws/install/ros_industrial_cmake_boilerplate' for CMake module files
[0.285s] Level 1:colcon.colcon_core.environment:checking '/home/tetripick/UR10_Pick_ws/ros2_ws/install/ros_industrial_cmake_boilerplate' for CMake config files
[0.285s] Level 1:colcon.colcon_core.shell:create_environment_hook('ros_industrial_cmake_boilerplate', 'cmake_prefix_path')
[0.285s] INFO:colcon.colcon_core.shell:Creating environment hook '/home/tetripick/UR10_Pick_ws/ros2_ws/install/ros_industrial_cmake_boilerplate/share/ros_industrial_cmake_boilerplate/hook/cmake_prefix_path.ps1'
[0.286s] INFO:colcon.colcon_core.shell:Creating environment descriptor '/home/tetripick/UR10_Pick_ws/ros2_ws/install/ros_industrial_cmake_boilerplate/share/ros_industrial_cmake_boilerplate/hook/cmake_prefix_path.dsv'
[0.286s] INFO:colcon.colcon_core.shell:Creating environment hook '/home/tetripick/UR10_Pick_ws/ros2_ws/install/ros_industrial_cmake_boilerplate/share/ros_industrial_cmake_boilerplate/hook/cmake_prefix_path.sh'
[0.287s] Level 1:colcon.colcon_core.environment:checking '/home/tetripick/UR10_Pick_ws/ros2_ws/install/ros_industrial_cmake_boilerplate/lib'
[0.287s] Level 1:colcon.colcon_core.environment:checking '/home/tetripick/UR10_Pick_ws/ros2_ws/install/ros_industrial_cmake_boilerplate/bin'
[0.287s] Level 1:colcon.colcon_core.environment:checking '/home/tetripick/UR10_Pick_ws/ros2_ws/install/ros_industrial_cmake_boilerplate/lib/pkgconfig/ros_industrial_cmake_boilerplate.pc'
[0.288s] Level 1:colcon.colcon_core.environment:checking '/home/tetripick/UR10_Pick_ws/ros2_ws/install/ros_industrial_cmake_boilerplate/lib/python3.12/site-packages'
[0.288s] Level 1:colcon.colcon_core.environment:checking '/home/tetripick/UR10_Pick_ws/ros2_ws/install/ros_industrial_cmake_boilerplate/bin'
[0.288s] INFO:colcon.colcon_core.shell:Creating package script '/home/tetripick/UR10_Pick_ws/ros2_ws/install/ros_industrial_cmake_boilerplate/share/ros_industrial_cmake_boilerplate/package.ps1'
[0.289s] INFO:colcon.colcon_core.shell:Creating package descriptor '/home/tetripick/UR10_Pick_ws/ros2_ws/install/ros_industrial_cmake_boilerplate/share/ros_industrial_cmake_boilerplate/package.dsv'
[0.290s] INFO:colcon.colcon_core.shell:Creating package script '/home/tetripick/UR10_Pick_ws/ros2_ws/install/ros_industrial_cmake_boilerplate/share/ros_industrial_cmake_boilerplate/package.sh'
[0.290s] INFO:colcon.colcon_core.shell:Creating package script '/home/tetripick/UR10_Pick_ws/ros2_ws/install/ros_industrial_cmake_boilerplate/share/ros_industrial_cmake_boilerplate/package.bash'
[0.291s] INFO:colcon.colcon_core.shell:Creating package script '/home/tetripick/UR10_Pick_ws/ros2_ws/install/ros_industrial_cmake_boilerplate/share/ros_industrial_cmake_boilerplate/package.zsh'
[0.291s] Level 1:colcon.colcon_core.environment:create_file_with_runtime_dependencies(/home/tetripick/UR10_Pick_ws/ros2_ws/install/ros_industrial_cmake_boilerplate/share/colcon-core/packages/ros_industrial_cmake_boilerplate)
[0.291s] INFO:colcon.colcon_ros.task.cmake.build:Building ROS package in '/home/tetripick/UR10_Pick_ws/ros2_ws/src/boost_plugin_loader' with build type 'cmake'
[0.291s] INFO:colcon.colcon_cmake.task.cmake.build:Building CMake package in '/home/tetripick/UR10_Pick_ws/ros2_ws/src/boost_plugin_loader'
[0.292s] INFO:colcon.colcon_core.shell:Skip shell extension 'powershell' for command environment: Not usable outside of PowerShell
[0.292s] DEBUG:colcon.colcon_core.shell:Skip shell extension 'dsv' for command environment
[0.300s] DEBUG:colcon.colcon_core.event_handler.log_command:Invoking command in '/home/tetripick/UR10_Pick_ws/ros2_ws/build/boost_plugin_loader': CMAKE_PREFIX_PATH=/home/tetripick/UR10_Pick_ws/ros2_ws/install/ros_industrial_cmake_boilerplate:/opt/ros/jazzy/opt/gz_math_vendor:/opt/ros/jazzy/opt/gz_utils_vendor:/opt/ros/jazzy/opt/gz_cmake_vendor:/opt/ros/jazzy DEBUGINFOD_URLS=https://debuginfod.ubuntu.com PKG_CONFIG_PATH=/home/tetripick/UR10_Pick_ws/ros2_ws/install/ros_industrial_cmake_boilerplate/lib/x86_64-linux-gnu/pkgconfig:/home/tetripick/UR10_Pick_ws/ros2_ws/install/ros_industrial_cmake_boilerplate/lib/pkgconfig /usr/bin/cmake /home/tetripick/UR10_Pick_ws/ros2_ws/src/boost_plugin_loader -DCMAKE_BUILD_TYPE=Release -DCMAKE_INSTALL_PREFIX=/home/tetripick/UR10_Pick_ws/ros2_ws/install/boost_plugin_loader
[0.330s] DEBUG:colcon.colcon_core.event_handler.log_command:Invoked command in '/home/tetripick/UR10_Pick_ws/ros2_ws/build/boost_plugin_loader' returned '0': CMAKE_PREFIX_PATH=/home/tetripick/UR10_Pick_ws/ros2_ws/install/ros_industrial_cmake_boilerplate:/opt/ros/jazzy/opt/gz_math_vendor:/opt/ros/jazzy/opt/gz_utils_vendor:/opt/ros/jazzy/opt/gz_cmake_vendor:/opt/ros/jazzy DEBUGINFOD_URLS=https://debuginfod.ubuntu.com PKG_CONFIG_PATH=/home/tetripick/UR10_Pick_ws/ros2_ws/install/ros_industrial_cmake_boilerplate/lib/x86_64-linux-gnu/pkgconfig:/home/tetripick/UR10_Pick_ws/ros2_ws/install/ros_industrial_cmake_boilerplate/lib/pkgconfig /usr/bin/cmake /home/tetripick/UR10_Pick_ws/ros2_ws/src/boost_plugin_loader -DCMAKE_BUILD_TYPE=Release -DCMAKE_INSTALL_PREFIX=/home/tetripick/UR10_Pick_ws/ros2_ws/install/boost_plugin_loader
[0.331s] DEBUG:colcon.colcon_core.event_handler.log_command:Invoking command in '/home/tetripick/UR10_Pick_ws/ros2_ws/build/boost_plugin_loader': CMAKE_PREFIX_PATH=/home/tetripick/UR10_Pick_ws/ros2_ws/install/ros_industrial_cmake_boilerplate:/opt/ros/jazzy/opt/gz_math_vendor:/opt/ros/jazzy/opt/gz_utils_vendor:/opt/ros/jazzy/opt/gz_cmake_vendor:/opt/ros/jazzy DEBUGINFOD_URLS=https://debuginfod.ubuntu.com PKG_CONFIG_PATH=/home/tetripick/UR10_Pick_ws/ros2_ws/install/ros_industrial_cmake_boilerplate/lib/x86_64-linux-gnu/pkgconfig:/home/tetripick/UR10_Pick_ws/ros2_ws/install/ros_industrial_cmake_boilerplate/lib/pkgconfig /usr/bin/cmake --build /home/tetripick/UR10_Pick_ws/ros2_ws/build/boost_plugin_loader -- -j8 -l8
[5.760s] DEBUG:colcon.colcon_core.event_handler.log_command:Invoked command in '/home/tetripick/UR10_Pick_ws/ros2_ws/build/boost_plugin_loader' returned '0': CMAKE_PREFIX_PATH=/home/tetripick/UR10_Pick_ws/ros2_ws/install/ros_industrial_cmake_boilerplate:/opt/ros/jazzy/opt/gz_math_vendor:/opt/ros/jazzy/opt/gz_utils_vendor:/opt/ros/jazzy/opt/gz_cmake_vendor:/opt/ros/jazzy DEBUGINFOD_URLS=https://debuginfod.ubuntu.com PKG_CONFIG_PATH=/home/tetripick/UR10_Pick_ws/ros2_ws/install/ros_industrial_cmake_boilerplate/lib/x86_64-linux-gnu/pkgconfig:/home/tetripick/UR10_Pick_ws/ros2_ws/install/ros_industrial_cmake_boilerplate/lib/pkgconfig /usr/bin/cmake --build /home/tetripick/UR10_Pick_ws/ros2_ws/build/boost_plugin_loader -- -j8 -l8
[5.761s] DEBUG:colcon.colcon_core.event_handler.log_command:Invoking command in '/home/tetripick/UR10_Pick_ws/ros2_ws/build/boost_plugin_loader': CMAKE_PREFIX_PATH=/home/tetripick/UR10_Pick_ws/ros2_ws/install/ros_industrial_cmake_boilerplate:/opt/ros/jazzy/opt/gz_math_vendor:/opt/ros/jazzy/opt/gz_utils_vendor:/opt/ros/jazzy/opt/gz_cmake_vendor:/opt/ros/jazzy DEBUGINFOD_URLS=https://debuginfod.ubuntu.com PKG_CONFIG_PATH=/home/tetripick/UR10_Pick_ws/ros2_ws/install/ros_industrial_cmake_boilerplate/lib/x86_64-linux-gnu/pkgconfig:/home/tetripick/UR10_Pick_ws/ros2_ws/install/ros_industrial_cmake_boilerplate/lib/pkgconfig /usr/bin/cmake --install /home/tetripick/UR10_Pick_ws/ros2_ws/build/boost_plugin_loader
[5.771s] DEBUG:colcon.colcon_core.event_handler.log_command:Invoked command in '/home/tetripick/UR10_Pick_ws/ros2_ws/build/boost_plugin_loader' returned '0': CMAKE_PREFIX_PATH=/home/tetripick/UR10_Pick_ws/ros2_ws/install/ros_industrial_cmake_boilerplate:/opt/ros/jazzy/opt/gz_math_vendor:/opt/ros/jazzy/opt/gz_utils_vendor:/opt/ros/jazzy/opt/gz_cmake_vendor:/opt/ros/jazzy DEBUGINFOD_URLS=https://debuginfod.ubuntu.com PKG_CONFIG_PATH=/home/tetripick/UR10_Pick_ws/ros2_ws/install/ros_industrial_cmake_boilerplate/lib/x86_64-linux-gnu/pkgconfig:/home/tetripick/UR10_Pick_ws/ros2_ws/install/ros_industrial_cmake_boilerplate/lib/pkgconfig /usr/bin/cmake --install /home/tetripick/UR10_Pick_ws/ros2_ws/build/boost_plugin_loader
[5.771s] Level 1:colcon.colcon_core.shell:create_environment_hook('boost_plugin_loader', 'pkg_config_path')
[5.772s] INFO:colcon.colcon_core.shell:Creating environment hook '/home/tetripick/UR10_Pick_ws/ros2_ws/install/boost_plugin_loader/share/boost_plugin_loader/hook/pkg_config_path.ps1'
[5.772s] INFO:colcon.colcon_core.shell:Creating environment descriptor '/home/tetripick/UR10_Pick_ws/ros2_ws/install/boost_plugin_loader/share/boost_plugin_loader/hook/pkg_config_path.dsv'
[5.773s] INFO:colcon.colcon_core.shell:Creating environment hook '/home/tetripick/UR10_Pick_ws/ros2_ws/install/boost_plugin_loader/share/boost_plugin_loader/hook/pkg_config_path.sh'
[5.773s] Level 1:colcon.colcon_core.shell:create_environment_hook('boost_plugin_loader', 'pkg_config_path_multiarch')
[5.773s] INFO:colcon.colcon_core.shell:Creating environment hook '/home/tetripick/UR10_Pick_ws/ros2_ws/install/boost_plugin_loader/share/boost_plugin_loader/hook/pkg_config_path_multiarch.ps1'
[5.774s] INFO:colcon.colcon_core.shell:Creating environment descriptor '/home/tetripick/UR10_Pick_ws/ros2_ws/install/boost_plugin_loader/share/boost_plugin_loader/hook/pkg_config_path_multiarch.dsv'
[5.774s] INFO:colcon.colcon_core.shell:Creating environment hook '/home/tetripick/UR10_Pick_ws/ros2_ws/install/boost_plugin_loader/share/boost_plugin_loader/hook/pkg_config_path_multiarch.sh'
[5.775s] Level 1:colcon.colcon_core.environment:create_environment_scripts_only(boost_plugin_loader)
[5.775s] Level 1:colcon.colcon_core.environment:checking '/home/tetripick/UR10_Pick_ws/ros2_ws/install/boost_plugin_loader' for CMake module files
[5.776s] Level 1:colcon.colcon_core.environment:checking '/home/tetripick/UR10_Pick_ws/ros2_ws/install/boost_plugin_loader' for CMake config files
[5.776s] Level 1:colcon.colcon_core.shell:create_environment_hook('boost_plugin_loader', 'cmake_prefix_path')
[5.776s] INFO:colcon.colcon_core.shell:Creating environment hook '/home/tetripick/UR10_Pick_ws/ros2_ws/install/boost_plugin_loader/share/boost_plugin_loader/hook/cmake_prefix_path.ps1'
[5.776s] INFO:colcon.colcon_core.shell:Creating environment descriptor '/home/tetripick/UR10_Pick_ws/ros2_ws/install/boost_plugin_loader/share/boost_plugin_loader/hook/cmake_prefix_path.dsv'
[5.777s] INFO:colcon.colcon_core.shell:Creating environment hook '/home/tetripick/UR10_Pick_ws/ros2_ws/install/boost_plugin_loader/share/boost_plugin_loader/hook/cmake_prefix_path.sh'
[5.777s] Level 1:colcon.colcon_core.environment:checking '/home/tetripick/UR10_Pick_ws/ros2_ws/install/boost_plugin_loader/lib'
[5.777s] Level 1:colcon.colcon_core.shell:create_environment_hook('boost_plugin_loader', 'ld_library_path_lib')
[5.778s] INFO:colcon.colcon_core.shell:Creating environment hook '/home/tetripick/UR10_Pick_ws/ros2_ws/install/boost_plugin_loader/share/boost_plugin_loader/hook/ld_library_path_lib.ps1'
[5.778s] INFO:colcon.colcon_core.shell:Creating environment descriptor '/home/tetripick/UR10_Pick_ws/ros2_ws/install/boost_plugin_loader/share/boost_plugin_loader/hook/ld_library_path_lib.dsv'
[5.778s] INFO:colcon.colcon_core.shell:Creating environment hook '/home/tetripick/UR10_Pick_ws/ros2_ws/install/boost_plugin_loader/share/boost_plugin_loader/hook/ld_library_path_lib.sh'
[5.778s] Level 1:colcon.colcon_core.environment:checking '/home/tetripick/UR10_Pick_ws/ros2_ws/install/boost_plugin_loader/bin'
[5.778s] Level 1:colcon.colcon_core.environment:checking '/home/tetripick/UR10_Pick_ws/ros2_ws/install/boost_plugin_loader/lib/pkgconfig/boost_plugin_loader.pc'
[5.778s] Level 1:colcon.colcon_core.environment:checking '/home/tetripick/UR10_Pick_ws/ros2_ws/install/boost_plugin_loader/lib/python3.12/site-packages'
[5.779s] Level 1:colcon.colcon_core.environment:checking '/home/tetripick/UR10_Pick_ws/ros2_ws/install/boost_plugin_loader/bin'
[5.779s] INFO:colcon.colcon_core.shell:Creating package script '/home/tetripick/UR10_Pick_ws/ros2_ws/install/boost_plugin_loader/share/boost_plugin_loader/package.ps1'
[5.779s] INFO:colcon.colcon_core.shell:Creating package descriptor '/home/tetripick/UR10_Pick_ws/ros2_ws/install/boost_plugin_loader/share/boost_plugin_loader/package.dsv'
[5.780s] INFO:colcon.colcon_core.shell:Creating package script '/home/tetripick/UR10_Pick_ws/ros2_ws/install/boost_plugin_loader/share/boost_plugin_loader/package.sh'
[5.780s] INFO:colcon.colcon_core.shell:Creating package script '/home/tetripick/UR10_Pick_ws/ros2_ws/install/boost_plugin_loader/share/boost_plugin_loader/package.bash'
[5.780s] INFO:colcon.colcon_core.shell:Creating package script '/home/tetripick/UR10_Pick_ws/ros2_ws/install/boost_plugin_loader/share/boost_plugin_loader/package.zsh'
[5.780s] Level 1:colcon.colcon_core.environment:create_file_with_runtime_dependencies(/home/tetripick/UR10_Pick_ws/ros2_ws/install/boost_plugin_loader/share/colcon-core/packages/boost_plugin_loader)
[5.780s] INFO:colcon.colcon_ros.task.cmake.build:Building ROS package in '/home/tetripick/UR10_Pick_ws/ros2_ws/src/industrial_calibration' with build type 'cmake'
[5.781s] INFO:colcon.colcon_cmake.task.cmake.build:Building CMake package in '/home/tetripick/UR10_Pick_ws/ros2_ws/src/industrial_calibration'
[5.781s] INFO:colcon.colcon_core.shell:Skip shell extension 'powershell' for command environment: Not usable outside of PowerShell
[5.781s] DEBUG:colcon.colcon_core.shell:Skip shell extension 'dsv' for command environment
[5.791s] DEBUG:colcon.colcon_core.event_handler.log_command:Invoking command in '/home/tetripick/UR10_Pick_ws/ros2_ws/build/industrial_calibration': CMAKE_PREFIX_PATH=/home/tetripick/UR10_Pick_ws/ros2_ws/install/boost_plugin_loader:/home/tetripick/UR10_Pick_ws/ros2_ws/install/ros_industrial_cmake_boilerplate:/opt/ros/jazzy/opt/gz_math_vendor:/opt/ros/jazzy/opt/gz_utils_vendor:/opt/ros/jazzy/opt/gz_cmake_vendor:/opt/ros/jazzy DEBUGINFOD_URLS=https://debuginfod.ubuntu.com LD_LIBRARY_PATH=/home/tetripick/UR10_Pick_ws/ros2_ws/install/boost_plugin_loader/lib:${LD_LIBRARY_PATH} PKG_CONFIG_PATH=/home/tetripick/UR10_Pick_ws/ros2_ws/install/boost_plugin_loader/lib/x86_64-linux-gnu/pkgconfig:/home/tetripick/UR10_Pick_ws/ros2_ws/install/boost_plugin_loader/lib/pkgconfig:/home/tetripick/UR10_Pick_ws/ros2_ws/install/ros_industrial_cmake_boilerplate/lib/x86_64-linux-gnu/pkgconfig:/home/tetripick/UR10_Pick_ws/ros2_ws/install/ros_industrial_cmake_boilerplate/lib/pkgconfig /usr/bin/cmake /home/tetripick/UR10_Pick_ws/ros2_ws/src/industrial_calibration -DCMAKE_BUILD_TYPE=Release -DCMAKE_INSTALL_PREFIX=/home/tetripick/UR10_Pick_ws/ros2_ws/install/industrial_calibration
[6.021s] DEBUG:colcon.colcon_core.event_handler.log_command:Invoked command in '/home/tetripick/UR10_Pick_ws/ros2_ws/build/industrial_calibration' returned '0': CMAKE_PREFIX_PATH=/home/tetripick/UR10_Pick_ws/ros2_ws/install/boost_plugin_loader:/home/tetripick/UR10_Pick_ws/ros2_ws/install/ros_industrial_cmake_boilerplate:/opt/ros/jazzy/opt/gz_math_vendor:/opt/ros/jazzy/opt/gz_utils_vendor:/opt/ros/jazzy/opt/gz_cmake_vendor:/opt/ros/jazzy DEBUGINFOD_URLS=https://debuginfod.ubuntu.com LD_LIBRARY_PATH=/home/tetripick/UR10_Pick_ws/ros2_ws/install/boost_plugin_loader/lib:${LD_LIBRARY_PATH} PKG_CONFIG_PATH=/home/tetripick/UR10_Pick_ws/ros2_ws/install/boost_plugin_loader/lib/x86_64-linux-gnu/pkgconfig:/home/tetripick/UR10_Pick_ws/ros2_ws/install/boost_plugin_loader/lib/pkgconfig:/home/tetripick/UR10_Pick_ws/ros2_ws/install/ros_industrial_cmake_boilerplate/lib/x86_64-linux-gnu/pkgconfig:/home/tetripick/UR10_Pick_ws/ros2_ws/install/ros_industrial_cmake_boilerplate/lib/pkgconfig /usr/bin/cmake /home/tetripick/UR10_Pick_ws/ros2_ws/src/industrial_calibration -DCMAKE_BUILD_TYPE=Release -DCMAKE_INSTALL_PREFIX=/home/tetripick/UR10_Pick_ws/ros2_ws/install/industrial_calibration
[6.022s] DEBUG:colcon.colcon_core.event_handler.log_command:Invoking command in '/home/tetripick/UR10_Pick_ws/ros2_ws/build/industrial_calibration': CMAKE_PREFIX_PATH=/home/tetripick/UR10_Pick_ws/ros2_ws/install/boost_plugin_loader:/home/tetripick/UR10_Pick_ws/ros2_ws/install/ros_industrial_cmake_boilerplate:/opt/ros/jazzy/opt/gz_math_vendor:/opt/ros/jazzy/opt/gz_utils_vendor:/opt/ros/jazzy/opt/gz_cmake_vendor:/opt/ros/jazzy DEBUGINFOD_URLS=https://debuginfod.ubuntu.com LD_LIBRARY_PATH=/home/tetripick/UR10_Pick_ws/ros2_ws/install/boost_plugin_loader/lib:${LD_LIBRARY_PATH} PKG_CONFIG_PATH=/home/tetripick/UR10_Pick_ws/ros2_ws/install/boost_plugin_loader/lib/x86_64-linux-gnu/pkgconfig:/home/tetripick/UR10_Pick_ws/ros2_ws/install/boost_plugin_loader/lib/pkgconfig:/home/tetripick/UR10_Pick_ws/ros2_ws/install/ros_industrial_cmake_boilerplate/lib/x86_64-linux-gnu/pkgconfig:/home/tetripick/UR10_Pick_ws/ros2_ws/install/ros_industrial_cmake_boilerplate/lib/pkgconfig /usr/bin/cmake --build /home/tetripick/UR10_Pick_ws/ros2_ws/build/industrial_calibration -- -j8 -l8
[44.390s] DEBUG:colcon.colcon_core.event_handler.log_command:Invoked command in '/home/tetripick/UR10_Pick_ws/ros2_ws/build/industrial_calibration' returned '0': CMAKE_PREFIX_PATH=/home/tetripick/UR10_Pick_ws/ros2_ws/install/boost_plugin_loader:/home/tetripick/UR10_Pick_ws/ros2_ws/install/ros_industrial_cmake_boilerplate:/opt/ros/jazzy/opt/gz_math_vendor:/opt/ros/jazzy/opt/gz_utils_vendor:/opt/ros/jazzy/opt/gz_cmake_vendor:/opt/ros/jazzy DEBUGINFOD_URLS=https://debuginfod.ubuntu.com LD_LIBRARY_PATH=/home/tetripick/UR10_Pick_ws/ros2_ws/install/boost_plugin_loader/lib:${LD_LIBRARY_PATH} PKG_CONFIG_PATH=/home/tetripick/UR10_Pick_ws/ros2_ws/install/boost_plugin_loader/lib/x86_64-linux-gnu/pkgconfig:/home/tetripick/UR10_Pick_ws/ros2_ws/install/boost_plugin_loader/lib/pkgconfig:/home/tetripick/UR10_Pick_ws/ros2_ws/install/ros_industrial_cmake_boilerplate/lib/x86_64-linux-gnu/pkgconfig:/home/tetripick/UR10_Pick_ws/ros2_ws/install/ros_industrial_cmake_boilerplate/lib/pkgconfig /usr/bin/cmake --build /home/tetripick/UR10_Pick_ws/ros2_ws/build/industrial_calibration -- -j8 -l8
[44.391s] DEBUG:colcon.colcon_core.event_handler.log_command:Invoking command in '/home/tetripick/UR10_Pick_ws/ros2_ws/build/industrial_calibration': CMAKE_PREFIX_PATH=/home/tetripick/UR10_Pick_ws/ros2_ws/install/boost_plugin_loader:/home/tetripick/UR10_Pick_ws/ros2_ws/install/ros_industrial_cmake_boilerplate:/opt/ros/jazzy/opt/gz_math_vendor:/opt/ros/jazzy/opt/gz_utils_vendor:/opt/ros/jazzy/opt/gz_cmake_vendor:/opt/ros/jazzy DEBUGINFOD_URLS=https://debuginfod.ubuntu.com LD_LIBRARY_PATH=/home/tetripick/UR10_Pick_ws/ros2_ws/install/boost_plugin_loader/lib:${LD_LIBRARY_PATH} PKG_CONFIG_PATH=/home/tetripick/UR10_Pick_ws/ros2_ws/install/boost_plugin_loader/lib/x86_64-linux-gnu/pkgconfig:/home/tetripick/UR10_Pick_ws/ros2_ws/install/boost_plugin_loader/lib/pkgconfig:/home/tetripick/UR10_Pick_ws/ros2_ws/install/ros_industrial_cmake_boilerplate/lib/x86_64-linux-gnu/pkgconfig:/home/tetripick/UR10_Pick_ws/ros2_ws/install/ros_industrial_cmake_boilerplate/lib/pkgconfig /usr/bin/cmake --install /home/tetripick/UR10_Pick_ws/ros2_ws/build/industrial_calibration
[44.426s] Level 1:colcon.colcon_core.shell:create_environment_hook('industrial_calibration', 'pkg_config_path')
[44.426s] INFO:colcon.colcon_core.shell:Creating environment hook '/home/tetripick/UR10_Pick_ws/ros2_ws/install/industrial_calibration/share/industrial_calibration/hook/pkg_config_path.ps1'
[44.427s] DEBUG:colcon.colcon_core.event_handler.log_command:Invoked command in '/home/tetripick/UR10_Pick_ws/ros2_ws/build/industrial_calibration' returned '0': CMAKE_PREFIX_PATH=/home/tetripick/UR10_Pick_ws/ros2_ws/install/boost_plugin_loader:/home/tetripick/UR10_Pick_ws/ros2_ws/install/ros_industrial_cmake_boilerplate:/opt/ros/jazzy/opt/gz_math_vendor:/opt/ros/jazzy/opt/gz_utils_vendor:/opt/ros/jazzy/opt/gz_cmake_vendor:/opt/ros/jazzy DEBUGINFOD_URLS=https://debuginfod.ubuntu.com LD_LIBRARY_PATH=/home/tetripick/UR10_Pick_ws/ros2_ws/install/boost_plugin_loader/lib:${LD_LIBRARY_PATH} PKG_CONFIG_PATH=/home/tetripick/UR10_Pick_ws/ros2_ws/install/boost_plugin_loader/lib/x86_64-linux-gnu/pkgconfig:/home/tetripick/UR10_Pick_ws/ros2_ws/install/boost_plugin_loader/lib/pkgconfig:/home/tetripick/UR10_Pick_ws/ros2_ws/install/ros_industrial_cmake_boilerplate/lib/x86_64-linux-gnu/pkgconfig:/home/tetripick/UR10_Pick_ws/ros2_ws/install/ros_industrial_cmake_boilerplate/lib/pkgconfig /usr/bin/cmake --install /home/tetripick/UR10_Pick_ws/ros2_ws/build/industrial_calibration
[44.427s] INFO:colcon.colcon_core.shell:Creating environment descriptor '/home/tetripick/UR10_Pick_ws/ros2_ws/install/industrial_calibration/share/industrial_calibration/hook/pkg_config_path.dsv'
[44.428s] INFO:colcon.colcon_core.shell:Creating environment hook '/home/tetripick/UR10_Pick_ws/ros2_ws/install/industrial_calibration/share/industrial_calibration/hook/pkg_config_path.sh'
[44.428s] Level 1:colcon.colcon_core.shell:create_environment_hook('industrial_calibration', 'pkg_config_path_multiarch')
[44.428s] INFO:colcon.colcon_core.shell:Creating environment hook '/home/tetripick/UR10_Pick_ws/ros2_ws/install/industrial_calibration/share/industrial_calibration/hook/pkg_config_path_multiarch.ps1'
[44.429s] INFO:colcon.colcon_core.shell:Creating environment descriptor '/home/tetripick/UR10_Pick_ws/ros2_ws/install/industrial_calibration/share/industrial_calibration/hook/pkg_config_path_multiarch.dsv'
[44.429s] INFO:colcon.colcon_core.shell:Creating environment hook '/home/tetripick/UR10_Pick_ws/ros2_ws/install/industrial_calibration/share/industrial_calibration/hook/pkg_config_path_multiarch.sh'
[44.430s] Level 1:colcon.colcon_core.environment:create_environment_scripts_only(industrial_calibration)
[44.430s] Level 1:colcon.colcon_core.environment:checking '/home/tetripick/UR10_Pick_ws/ros2_ws/install/industrial_calibration' for CMake module files
[44.431s] Level 1:colcon.colcon_core.environment:checking '/home/tetripick/UR10_Pick_ws/ros2_ws/install/industrial_calibration' for CMake config files
[44.431s] Level 1:colcon.colcon_core.shell:create_environment_hook('industrial_calibration', 'cmake_prefix_path')
[44.431s] INFO:colcon.colcon_core.shell:Creating environment hook '/home/tetripick/UR10_Pick_ws/ros2_ws/install/industrial_calibration/share/industrial_calibration/hook/cmake_prefix_path.ps1'
[44.432s] INFO:colcon.colcon_core.shell:Creating environment descriptor '/home/tetripick/UR10_Pick_ws/ros2_ws/install/industrial_calibration/share/industrial_calibration/hook/cmake_prefix_path.dsv'
[44.432s] INFO:colcon.colcon_core.shell:Creating environment hook '/home/tetripick/UR10_Pick_ws/ros2_ws/install/industrial_calibration/share/industrial_calibration/hook/cmake_prefix_path.sh'
[44.432s] Level 1:colcon.colcon_core.environment:checking '/home/tetripick/UR10_Pick_ws/ros2_ws/install/industrial_calibration/lib'
[44.432s] Level 1:colcon.colcon_core.shell:create_environment_hook('industrial_calibration', 'ld_library_path_lib')
[44.432s] INFO:colcon.colcon_core.shell:Creating environment hook '/home/tetripick/UR10_Pick_ws/ros2_ws/install/industrial_calibration/share/industrial_calibration/hook/ld_library_path_lib.ps1'
[44.433s] INFO:colcon.colcon_core.shell:Creating environment descriptor '/home/tetripick/UR10_Pick_ws/ros2_ws/install/industrial_calibration/share/industrial_calibration/hook/ld_library_path_lib.dsv'
[44.433s] INFO:colcon.colcon_core.shell:Creating environment hook '/home/tetripick/UR10_Pick_ws/ros2_ws/install/industrial_calibration/share/industrial_calibration/hook/ld_library_path_lib.sh'
[44.433s] Level 1:colcon.colcon_core.environment:checking '/home/tetripick/UR10_Pick_ws/ros2_ws/install/industrial_calibration/bin'
[44.433s] Level 1:colcon.colcon_core.shell:create_environment_hook('industrial_calibration', 'path')
[44.433s] INFO:colcon.colcon_core.shell:Creating environment hook '/home/tetripick/UR10_Pick_ws/ros2_ws/install/industrial_calibration/share/industrial_calibration/hook/path.ps1'
[44.433s] INFO:colcon.colcon_core.shell:Creating environment descriptor '/home/tetripick/UR10_Pick_ws/ros2_ws/install/industrial_calibration/share/industrial_calibration/hook/path.dsv'
[44.434s] INFO:colcon.colcon_core.shell:Creating environment hook '/home/tetripick/UR10_Pick_ws/ros2_ws/install/industrial_calibration/share/industrial_calibration/hook/path.sh'
[44.434s] Level 1:colcon.colcon_core.environment:checking '/home/tetripick/UR10_Pick_ws/ros2_ws/install/industrial_calibration/lib/pkgconfig/industrial_calibration.pc'
[44.434s] Level 1:colcon.colcon_core.environment:checking '/home/tetripick/UR10_Pick_ws/ros2_ws/install/industrial_calibration/lib/python3.12/site-packages'
[44.434s] Level 1:colcon.colcon_core.environment:checking '/home/tetripick/UR10_Pick_ws/ros2_ws/install/industrial_calibration/bin'
[44.434s] Level 1:colcon.colcon_core.shell:create_environment_hook('industrial_calibration', 'pythonscriptspath')
[44.434s] INFO:colcon.colcon_core.shell:Creating environment hook '/home/tetripick/UR10_Pick_ws/ros2_ws/install/industrial_calibration/share/industrial_calibration/hook/pythonscriptspath.ps1'
[44.435s] INFO:colcon.colcon_core.shell:Creating environment descriptor '/home/tetripick/UR10_Pick_ws/ros2_ws/install/industrial_calibration/share/industrial_calibration/hook/pythonscriptspath.dsv'
[44.435s] INFO:colcon.colcon_core.shell:Creating environment hook '/home/tetripick/UR10_Pick_ws/ros2_ws/install/industrial_calibration/share/industrial_calibration/hook/pythonscriptspath.sh'
[44.435s] INFO:colcon.colcon_core.shell:Creating package script '/home/tetripick/UR10_Pick_ws/ros2_ws/install/industrial_calibration/share/industrial_calibration/package.ps1'
[44.436s] INFO:colcon.colcon_core.shell:Creating package descriptor '/home/tetripick/UR10_Pick_ws/ros2_ws/install/industrial_calibration/share/industrial_calibration/package.dsv'
[44.436s] INFO:colcon.colcon_core.shell:Creating package script '/home/tetripick/UR10_Pick_ws/ros2_ws/install/industrial_calibration/share/industrial_calibration/package.sh'
[44.436s] INFO:colcon.colcon_core.shell:Creating package script '/home/tetripick/UR10_Pick_ws/ros2_ws/install/industrial_calibration/share/industrial_calibration/package.bash'
[44.437s] INFO:colcon.colcon_core.shell:Creating package script '/home/tetripick/UR10_Pick_ws/ros2_ws/install/industrial_calibration/share/industrial_calibration/package.zsh'
[44.437s] Level 1:colcon.colcon_core.environment:create_file_with_runtime_dependencies(/home/tetripick/UR10_Pick_ws/ros2_ws/install/industrial_calibration/share/colcon-core/packages/industrial_calibration)
[44.437s] INFO:colcon.colcon_ros.task.ament_cmake.build:Building ROS package in '/home/tetripick/UR10_Pick_ws/ros2_ws/src/industrial_calibration_ros2' with build type 'ament_cmake'
[44.437s] INFO:colcon.colcon_cmake.task.cmake.build:Building CMake package in '/home/tetripick/UR10_Pick_ws/ros2_ws/src/industrial_calibration_ros2'
[44.437s] INFO:colcon.colcon_core.shell:Skip shell extension 'powershell' for command environment: Not usable outside of PowerShell
[44.437s] DEBUG:colcon.colcon_core.shell:Skip shell extension 'dsv' for command environment
[44.451s] DEBUG:colcon.colcon_core.event_handler.log_command:Invoking command in '/home/tetripick/UR10_Pick_ws/ros2_ws/build/industrial_calibration_ros': CMAKE_PREFIX_PATH=/home/tetripick/UR10_Pick_ws/ros2_ws/install/industrial_calibration:/home/tetripick/UR10_Pick_ws/ros2_ws/install/boost_plugin_loader:/home/tetripick/UR10_Pick_ws/ros2_ws/install/ros_industrial_cmake_boilerplate:/opt/ros/jazzy/opt/gz_math_vendor:/opt/ros/jazzy/opt/gz_utils_vendor:/opt/ros/jazzy/opt/gz_cmake_vendor:/opt/ros/jazzy DEBUGINFOD_URLS=https://debuginfod.ubuntu.com LD_LIBRARY_PATH=/home/tetripick/UR10_Pick_ws/ros2_ws/install/industrial_calibration/lib:/home/tetripick/UR10_Pick_ws/ros2_ws/install/boost_plugin_loader/lib:${LD_LIBRARY_PATH} PATH=/home/tetripick/UR10_Pick_ws/ros2_ws/install/industrial_calibration/bin:${PATH} PKG_CONFIG_PATH=/home/tetripick/UR10_Pick_ws/ros2_ws/install/industrial_calibration/lib/x86_64-linux-gnu/pkgconfig:/home/tetripick/UR10_Pick_ws/ros2_ws/install/industrial_calibration/lib/pkgconfig:/home/tetripick/UR10_Pick_ws/ros2_ws/install/boost_plugin_loader/lib/x86_64-linux-gnu/pkgconfig:/home/tetripick/UR10_Pick_ws/ros2_ws/install/boost_plugin_loader/lib/pkgconfig:/home/tetripick/UR10_Pick_ws/ros2_ws/install/ros_industrial_cmake_boilerplate/lib/x86_64-linux-gnu/pkgconfig:/home/tetripick/UR10_Pick_ws/ros2_ws/install/ros_industrial_cmake_boilerplate/lib/pkgconfig /usr/bin/cmake /home/tetripick/UR10_Pick_ws/ros2_ws/src/industrial_calibration_ros2 -DCMAKE_BUILD_TYPE=Release -DAMENT_CMAKE_SYMLINK_INSTALL=1 -DCMAKE_INSTALL_PREFIX=/home/tetripick/UR10_Pick_ws/ros2_ws/install/industrial_calibration_ros
[46.882s] DEBUG:colcon.colcon_core.event_handler.log_command:Invoked command in '/home/tetripick/UR10_Pick_ws/ros2_ws/build/industrial_calibration_ros' returned '0': CMAKE_PREFIX_PATH=/home/tetripick/UR10_Pick_ws/ros2_ws/install/industrial_calibration:/home/tetripick/UR10_Pick_ws/ros2_ws/install/boost_plugin_loader:/home/tetripick/UR10_Pick_ws/ros2_ws/install/ros_industrial_cmake_boilerplate:/opt/ros/jazzy/opt/gz_math_vendor:/opt/ros/jazzy/opt/gz_utils_vendor:/opt/ros/jazzy/opt/gz_cmake_vendor:/opt/ros/jazzy DEBUGINFOD_URLS=https://debuginfod.ubuntu.com LD_LIBRARY_PATH=/home/tetripick/UR10_Pick_ws/ros2_ws/install/industrial_calibration/lib:/home/tetripick/UR10_Pick_ws/ros2_ws/install/boost_plugin_loader/lib:${LD_LIBRARY_PATH} PATH=/home/tetripick/UR10_Pick_ws/ros2_ws/install/industrial_calibration/bin:${PATH} PKG_CONFIG_PATH=/home/tetripick/UR10_Pick_ws/ros2_ws/install/industrial_calibration/lib/x86_64-linux-gnu/pkgconfig:/home/tetripick/UR10_Pick_ws/ros2_ws/install/industrial_calibration/lib/pkgconfig:/home/tetripick/UR10_Pick_ws/ros2_ws/install/boost_plugin_loader/lib/x86_64-linux-gnu/pkgconfig:/home/tetripick/UR10_Pick_ws/ros2_ws/install/boost_plugin_loader/lib/pkgconfig:/home/tetripick/UR10_Pick_ws/ros2_ws/install/ros_industrial_cmake_boilerplate/lib/x86_64-linux-gnu/pkgconfig:/home/tetripick/UR10_Pick_ws/ros2_ws/install/ros_industrial_cmake_boilerplate/lib/pkgconfig /usr/bin/cmake /home/tetripick/UR10_Pick_ws/ros2_ws/src/industrial_calibration_ros2 -DCMAKE_BUILD_TYPE=Release -DAMENT_CMAKE_SYMLINK_INSTALL=1 -DCMAKE_INSTALL_PREFIX=/home/tetripick/UR10_Pick_ws/ros2_ws/install/industrial_calibration_ros
[46.883s] DEBUG:colcon.colcon_core.event_handler.log_command:Invoking command in '/home/tetripick/UR10_Pick_ws/ros2_ws/build/industrial_calibration_ros': CMAKE_PREFIX_PATH=/home/tetripick/UR10_Pick_ws/ros2_ws/install/industrial_calibration:/home/tetripick/UR10_Pick_ws/ros2_ws/install/boost_plugin_loader:/home/tetripick/UR10_Pick_ws/ros2_ws/install/ros_industrial_cmake_boilerplate:/opt/ros/jazzy/opt/gz_math_vendor:/opt/ros/jazzy/opt/gz_utils_vendor:/opt/ros/jazzy/opt/gz_cmake_vendor:/opt/ros/jazzy DEBUGINFOD_URLS=https://debuginfod.ubuntu.com LD_LIBRARY_PATH=/home/tetripick/UR10_Pick_ws/ros2_ws/install/industrial_calibration/lib:/home/tetripick/UR10_Pick_ws/ros2_ws/install/boost_plugin_loader/lib:${LD_LIBRARY_PATH} PATH=/home/tetripick/UR10_Pick_ws/ros2_ws/install/industrial_calibration/bin:${PATH} PKG_CONFIG_PATH=/home/tetripick/UR10_Pick_ws/ros2_ws/install/industrial_calibration/lib/x86_64-linux-gnu/pkgconfig:/home/tetripick/UR10_Pick_ws/ros2_ws/install/industrial_calibration/lib/pkgconfig:/home/tetripick/UR10_Pick_ws/ros2_ws/install/boost_plugin_loader/lib/x86_64-linux-gnu/pkgconfig:/home/tetripick/UR10_Pick_ws/ros2_ws/install/boost_plugin_loader/lib/pkgconfig:/home/tetripick/UR10_Pick_ws/ros2_ws/install/ros_industrial_cmake_boilerplate/lib/x86_64-linux-gnu/pkgconfig:/home/tetripick/UR10_Pick_ws/ros2_ws/install/ros_industrial_cmake_boilerplate/lib/pkgconfig /usr/bin/cmake --build /home/tetripick/UR10_Pick_ws/ros2_ws/build/industrial_calibration_ros -- -j8 -l8
[60.472s] DEBUG:colcon.colcon_core.event_handler.log_command:Invoked command in '/home/tetripick/UR10_Pick_ws/ros2_ws/build/industrial_calibration_ros' returned '2': CMAKE_PREFIX_PATH=/home/tetripick/UR10_Pick_ws/ros2_ws/install/industrial_calibration:/home/tetripick/UR10_Pick_ws/ros2_ws/install/boost_plugin_loader:/home/tetripick/UR10_Pick_ws/ros2_ws/install/ros_industrial_cmake_boilerplate:/opt/ros/jazzy/opt/gz_math_vendor:/opt/ros/jazzy/opt/gz_utils_vendor:/opt/ros/jazzy/opt/gz_cmake_vendor:/opt/ros/jazzy DEBUGINFOD_URLS=https://debuginfod.ubuntu.com LD_LIBRARY_PATH=/home/tetripick/UR10_Pick_ws/ros2_ws/install/industrial_calibration/lib:/home/tetripick/UR10_Pick_ws/ros2_ws/install/boost_plugin_loader/lib:${LD_LIBRARY_PATH} PATH=/home/tetripick/UR10_Pick_ws/ros2_ws/install/industrial_calibration/bin:${PATH} PKG_CONFIG_PATH=/home/tetripick/UR10_Pick_ws/ros2_ws/install/industrial_calibration/lib/x86_64-linux-gnu/pkgconfig:/home/tetripick/UR10_Pick_ws/ros2_ws/install/industrial_calibration/lib/pkgconfig:/home/tetripick/UR10_Pick_ws/ros2_ws/install/boost_plugin_loader/lib/x86_64-linux-gnu/pkgconfig:/home/tetripick/UR10_Pick_ws/ros2_ws/install/boost_plugin_loader/lib/pkgconfig:/home/tetripick/UR10_Pick_ws/ros2_ws/install/ros_industrial_cmake_boilerplate/lib/x86_64-linux-gnu/pkgconfig:/home/tetripick/UR10_Pick_ws/ros2_ws/install/ros_industrial_cmake_boilerplate/lib/pkgconfig /usr/bin/cmake --build /home/tetripick/UR10_Pick_ws/ros2_ws/build/industrial_calibration_ros -- -j8 -l8
[60.472s] Level 1:colcon.colcon_core.environment:create_environment_scripts_only(industrial_calibration_ros)
[60.473s] Level 1:colcon.colcon_core.environment:checking '/home/tetripick/UR10_Pick_ws/ros2_ws/install/industrial_calibration_ros' for CMake module files
[60.473s] Level 1:colcon.colcon_core.environment:checking '/home/tetripick/UR10_Pick_ws/ros2_ws/install/industrial_calibration_ros' for CMake config files
[60.474s] Level 1:colcon.colcon_core.environment:checking '/home/tetripick/UR10_Pick_ws/ros2_ws/install/industrial_calibration_ros/bin'
[60.474s] Level 1:colcon.colcon_core.environment:checking '/home/tetripick/UR10_Pick_ws/ros2_ws/install/industrial_calibration_ros/lib/pkgconfig/industrial_calibration_ros.pc'
[60.474s] Level 1:colcon.colcon_core.environment:checking '/home/tetripick/UR10_Pick_ws/ros2_ws/install/industrial_calibration_ros/lib/python3.12/site-packages'
[60.475s] Level 1:colcon.colcon_core.environment:checking '/home/tetripick/UR10_Pick_ws/ros2_ws/install/industrial_calibration_ros/bin'
[60.475s] INFO:colcon.colcon_core.shell:Creating package script '/home/tetripick/UR10_Pick_ws/ros2_ws/install/industrial_calibration_ros/share/industrial_calibration_ros/package.ps1'
[60.475s] INFO:colcon.colcon_core.shell:Creating package descriptor '/home/tetripick/UR10_Pick_ws/ros2_ws/install/industrial_calibration_ros/share/industrial_calibration_ros/package.dsv'
[60.475s] INFO:colcon.colcon_core.shell:Creating package script '/home/tetripick/UR10_Pick_ws/ros2_ws/install/industrial_calibration_ros/share/industrial_calibration_ros/package.sh'
[60.476s] INFO:colcon.colcon_core.shell:Creating package script '/home/tetripick/UR10_Pick_ws/ros2_ws/install/industrial_calibration_ros/share/industrial_calibration_ros/package.bash'
[60.476s] INFO:colcon.colcon_core.shell:Creating package script '/home/tetripick/UR10_Pick_ws/ros2_ws/install/industrial_calibration_ros/share/industrial_calibration_ros/package.zsh'
[60.476s] Level 1:colcon.colcon_core.environment:create_file_with_runtime_dependencies(/home/tetripick/UR10_Pick_ws/ros2_ws/install/industrial_calibration_ros/share/colcon-core/packages/industrial_calibration_ros)
[60.487s] DEBUG:colcon.colcon_parallel_executor.executor.parallel:closing loop
[60.487s] DEBUG:colcon.colcon_parallel_executor.executor.parallel:loop closed
[60.487s] DEBUG:colcon.colcon_parallel_executor.executor.parallel:run_until_complete finished with '2'
[60.487s] DEBUG:colcon.colcon_core.event_reactor:joining thread
[60.495s] INFO:colcon.colcon_core.plugin_system:Skipping extension 'colcon_notification.desktop_notification.terminal_notifier': Not used on non-Darwin systems
[60.495s] INFO:colcon.colcon_core.plugin_system:Skipping extension 'colcon_notification.desktop_notification.win32': Not used on non-Windows systems
[60.495s] INFO:colcon.colcon_notification.desktop_notification:Sending desktop notification using 'notify2'
[60.516s] DEBUG:colcon.colcon_core.event_reactor:joined thread
[60.517s] INFO:colcon.colcon_core.shell:Creating prefix script '/home/tetripick/UR10_Pick_ws/ros2_ws/install/local_setup.ps1'
[60.518s] INFO:colcon.colcon_core.shell:Creating prefix util module '/home/tetripick/UR10_Pick_ws/ros2_ws/install/_local_setup_util_ps1.py'
[60.519s] INFO:colcon.colcon_core.shell:Creating prefix chain script '/home/tetripick/UR10_Pick_ws/ros2_ws/install/setup.ps1'
[60.520s] INFO:colcon.colcon_core.shell:Creating prefix script '/home/tetripick/UR10_Pick_ws/ros2_ws/install/local_setup.sh'
[60.521s] INFO:colcon.colcon_core.shell:Creating prefix util module '/home/tetripick/UR10_Pick_ws/ros2_ws/install/_local_setup_util_sh.py'
[60.522s] INFO:colcon.colcon_core.shell:Creating prefix chain script '/home/tetripick/UR10_Pick_ws/ros2_ws/install/setup.sh'
[60.522s] INFO:colcon.colcon_core.shell:Creating prefix script '/home/tetripick/UR10_Pick_ws/ros2_ws/install/local_setup.bash'
[60.523s] INFO:colcon.colcon_core.shell:Creating prefix chain script '/home/tetripick/UR10_Pick_ws/ros2_ws/install/setup.bash'
[60.524s] INFO:colcon.colcon_core.shell:Creating prefix script '/home/tetripick/UR10_Pick_ws/ros2_ws/install/local_setup.zsh'
[60.524s] INFO:colcon.colcon_core.shell:Creating prefix chain script '/home/tetripick/UR10_Pick_ws/ros2_ws/install/setup.zsh'
