[01m[K/home/tetripick/UR10_Pick_ws/ros2_ws/src/industrial_calibration_ros2/src/pnp_validation_node.cpp:[m[K In constructor ‘[01m[KPnPValidator::[01;32m[KPnPValidator[m[K(rclcpp::Node::SharedPtr)[m[K’:
[01m[K/home/tetripick/UR10_Pick_ws/ros2_ws/src/industrial_calibration_ros2/src/pnp_validation_node.cpp:37:36:[m[K [01;31m[Kerror: [m[Kno matching function for call to ‘[01m[Kstd::vector<std::__cxx11::basic_string<char> >::insert(const char [38])[m[K’
   37 |     [01;31m[Kloader_.search_libraries.insert(INDUSTRIAL_CALIBRATION_PLUGIN_LIBRARIES)[m[K;
      |     [01;31m[K~~~~~~~~~~~~~~~~~~~~~~~~~~~~~~~^~~~~~~~~~~~~~~~~~~~~~~~~~~~~~~~~~~~~~~~~[m[K
In file included from [01m[K/usr/include/c++/13/vector:66[m[K,
                 from [01m[K/usr/include/opencv4/opencv2/core/types.hpp:53[m[K,
                 from [01m[K/usr/include/opencv4/opencv2/core.hpp:57[m[K,
                 from [01m[K/home/tetripick/UR10_Pick_ws/ros2_ws/src/industrial_calibration_ros2/src/utils.h:3[m[K,
                 from [01m[K/home/tetripick/UR10_Pick_ws/ros2_ws/src/industrial_calibration_ros2/src/pnp_validation_node.cpp:1[m[K:
[01m[K/usr/include/c++/13/bits/stl_vector.h:1482:9:[m[K [01;36m[Knote: [m[Kcandidate: ‘[01m[Ktemplate<class _InputIterator, class> std::vector<_Tp, _Alloc>::iterator std::vector<_Tp, _Alloc>::[01;32m[Kinsert[m[K(const_iterator, _InputIterator, _InputIterator) [35m[K[with <template-parameter-2-2> = _InputIterator; _Tp = std::__cxx11::basic_string<char>; _Alloc = std::allocator<std::__cxx11::basic_string<char> >][m[K[m[K’
 1482 |         [01;36m[Kinsert[m[K(const_iterator __position, _InputIterator __first,
      |         [01;36m[K^~~~~~[m[K
[01m[K/usr/include/c++/13/bits/stl_vector.h:1482:9:[m[K [01;36m[Knote: [m[K  template argument deduction/substitution failed:
[01m[K/home/tetripick/UR10_Pick_ws/ros2_ws/src/industrial_calibration_ros2/src/pnp_validation_node.cpp:37:36:[m[K [01;36m[Knote: [m[K  candidate expects 3 arguments, 1 provided
   37 |     [01;36m[Kloader_.search_libraries.insert(INDUSTRIAL_CALIBRATION_PLUGIN_LIBRARIES)[m[K;
      |     [01;36m[K~~~~~~~~~~~~~~~~~~~~~~~~~~~~~~~^~~~~~~~~~~~~~~~~~~~~~~~~~~~~~~~~~~~~~~~~[m[K
In file included from [01m[K/usr/include/c++/13/vector:72[m[K:
[01m[K/usr/include/c++/13/bits/vector.tcc:133:5:[m[K [01;36m[Knote: [m[Kcandidate: ‘[01m[Kstd::vector<_Tp, _Alloc>::iterator std::vector<_Tp, _Alloc>::[01;32m[Kinsert[m[K(const_iterator, const value_type&) [35m[K[with _Tp = std::__cxx11::basic_string<char>; _Alloc = std::allocator<std::__cxx11::basic_string<char> >; iterator = std::vector<std::__cxx11::basic_string<char> >::iterator; const_iterator = std::vector<std::__cxx11::basic_string<char> >::const_iterator; value_type = std::__cxx11::basic_string<char>][m[K[m[K’
  133 |     [01;36m[Kvector<_Tp, _Alloc>[m[K::
      |     [01;36m[K^~~~~~~~~~~~~~~~~~~[m[K
[01m[K/usr/include/c++/13/bits/vector.tcc:133:5:[m[K [01;36m[Knote: [m[K  candidate expects 2 arguments, 1 provided
[01m[K/usr/include/c++/13/bits/stl_vector.h:1393:7:[m[K [01;36m[Knote: [m[Kcandidate: ‘[01m[Kstd::vector<_Tp, _Alloc>::iterator std::vector<_Tp, _Alloc>::[01;32m[Kinsert[m[K(const_iterator, value_type&&) [35m[K[with _Tp = std::__cxx11::basic_string<char>; _Alloc = std::allocator<std::__cxx11::basic_string<char> >; iterator = std::vector<std::__cxx11::basic_string<char> >::iterator; const_iterator = std::vector<std::__cxx11::basic_string<char> >::const_iterator; value_type = std::__cxx11::basic_string<char>][m[K[m[K’
 1393 |       [01;36m[Kinsert[m[K(const_iterator __position, value_type&& __x)
      |       [01;36m[K^~~~~~[m[K
[01m[K/usr/include/c++/13/bits/stl_vector.h:1393:7:[m[K [01;36m[Knote: [m[K  candidate expects 2 arguments, 1 provided
[01m[K/usr/include/c++/13/bits/stl_vector.h:1411:7:[m[K [01;36m[Knote: [m[Kcandidate: ‘[01m[Kstd::vector<_Tp, _Alloc>::iterator std::vector<_Tp, _Alloc>::[01;32m[Kinsert[m[K(const_iterator, std::initializer_list<_Tp>) [35m[K[with _Tp = std::__cxx11::basic_string<char>; _Alloc = std::allocator<std::__cxx11::basic_string<char> >; iterator = std::vector<std::__cxx11::basic_string<char> >::iterator; const_iterator = std::vector<std::__cxx11::basic_string<char> >::const_iterator][m[K[m[K’
 1411 |       [01;36m[Kinsert[m[K(const_iterator __position, initializer_list<value_type> __l)
      |       [01;36m[K^~~~~~[m[K
[01m[K/usr/include/c++/13/bits/stl_vector.h:1411:7:[m[K [01;36m[Knote: [m[K  candidate expects 2 arguments, 1 provided
[01m[K/usr/include/c++/13/bits/stl_vector.h:1437:7:[m[K [01;36m[Knote: [m[Kcandidate: ‘[01m[Kstd::vector<_Tp, _Alloc>::iterator std::vector<_Tp, _Alloc>::[01;32m[Kinsert[m[K(const_iterator, size_type, const value_type&) [35m[K[with _Tp = std::__cxx11::basic_string<char>; _Alloc = std::allocator<std::__cxx11::basic_string<char> >; iterator = std::vector<std::__cxx11::basic_string<char> >::iterator; const_iterator = std::vector<std::__cxx11::basic_string<char> >::const_iterator; size_type = long unsigned int; value_type = std::__cxx11::basic_string<char>][m[K[m[K’
 1437 |       [01;36m[Kinsert[m[K(const_iterator __position, size_type __n, const value_type& __x)
      |       [01;36m[K^~~~~~[m[K
[01m[K/usr/include/c++/13/bits/stl_vector.h:1437:7:[m[K [01;36m[Knote: [m[K  candidate expects 3 arguments, 1 provided
[01m[K/home/tetripick/UR10_Pick_ws/ros2_ws/src/industrial_calibration_ros2/src/target_detector.cpp:[m[K In constructor ‘[01m[KTargetDetector::[01;32m[KTargetDetector[m[K(std::shared_ptr<rclcpp::Node>)[m[K’:
[01m[K/home/tetripick/UR10_Pick_ws/ros2_ws/src/industrial_calibration_ros2/src/target_detector.cpp:25:36:[m[K [01;31m[Kerror: [m[Kno matching function for call to ‘[01m[Kstd::vector<std::__cxx11::basic_string<char> >::insert(const char [38])[m[K’
   25 |     [01;31m[Kloader_.search_libraries.insert(INDUSTRIAL_CALIBRATION_PLUGIN_LIBRARIES)[m[K;
      |     [01;31m[K~~~~~~~~~~~~~~~~~~~~~~~~~~~~~~~^~~~~~~~~~~~~~~~~~~~~~~~~~~~~~~~~~~~~~~~~[m[K
In file included from [01m[K/usr/include/c++/13/vector:66[m[K,
                 from [01m[K/usr/include/opencv4/opencv2/core/types.hpp:53[m[K,
                 from [01m[K/usr/include/opencv4/opencv2/core.hpp:57[m[K,
                 from [01m[K/home/tetripick/UR10_Pick_ws/ros2_ws/src/industrial_calibration_ros2/src/utils.h:3[m[K,
                 from [01m[K/home/tetripick/UR10_Pick_ws/ros2_ws/src/industrial_calibration_ros2/src/target_detector.cpp:1[m[K:
[01m[K/usr/include/c++/13/bits/stl_vector.h:1482:9:[m[K [01;36m[Knote: [m[Kcandidate: ‘[01m[Ktemplate<class _InputIterator, class> std::vector<_Tp, _Alloc>::iterator std::vector<_Tp, _Alloc>::[01;32m[Kinsert[m[K(const_iterator, _InputIterator, _InputIterator) [35m[K[with <template-parameter-2-2> = _InputIterator; _Tp = std::__cxx11::basic_string<char>; _Alloc = std::allocator<std::__cxx11::basic_string<char> >][m[K[m[K’
 1482 |         [01;36m[Kinsert[m[K(const_iterator __position, _InputIterator __first,
      |         [01;36m[K^~~~~~[m[K
[01m[K/usr/include/c++/13/bits/stl_vector.h:1482:9:[m[K [01;36m[Knote: [m[K  template argument deduction/substitution failed:
[01m[K/home/tetripick/UR10_Pick_ws/ros2_ws/src/industrial_calibration_ros2/src/target_detector.cpp:25:36:[m[K [01;36m[Knote: [m[K  candidate expects 3 arguments, 1 provided
   25 |     [01;36m[Kloader_.search_libraries.insert(INDUSTRIAL_CALIBRATION_PLUGIN_LIBRARIES)[m[K;
      |     [01;36m[K~~~~~~~~~~~~~~~~~~~~~~~~~~~~~~~^~~~~~~~~~~~~~~~~~~~~~~~~~~~~~~~~~~~~~~~~[m[K
In file included from [01m[K/usr/include/c++/13/vector:72[m[K:
[01m[K/usr/include/c++/13/bits/vector.tcc:133:5:[m[K [01;36m[Knote: [m[Kcandidate: ‘[01m[Kstd::vector<_Tp, _Alloc>::iterator std::vector<_Tp, _Alloc>::[01;32m[Kinsert[m[K(const_iterator, const value_type&) [35m[K[with _Tp = std::__cxx11::basic_string<char>; _Alloc = std::allocator<std::__cxx11::basic_string<char> >; iterator = std::vector<std::__cxx11::basic_string<char> >::iterator; const_iterator = std::vector<std::__cxx11::basic_string<char> >::const_iterator; value_type = std::__cxx11::basic_string<char>][m[K[m[K’
  133 |     [01;36m[Kvector<_Tp, _Alloc>[m[K::
      |     [01;36m[K^~~~~~~~~~~~~~~~~~~[m[K
[01m[K/usr/include/c++/13/bits/vector.tcc:133:5:[m[K [01;36m[Knote: [m[K  candidate expects 2 arguments, 1 provided
[01m[K/usr/include/c++/13/bits/stl_vector.h:1393:7:[m[K [01;36m[Knote: [m[Kcandidate: ‘[01m[Kstd::vector<_Tp, _Alloc>::iterator std::vector<_Tp, _Alloc>::[01;32m[Kinsert[m[K(const_iterator, value_type&&) [35m[K[with _Tp = std::__cxx11::basic_string<char>; _Alloc = std::allocator<std::__cxx11::basic_string<char> >; iterator = std::vector<std::__cxx11::basic_string<char> >::iterator; const_iterator = std::vector<std::__cxx11::basic_string<char> >::const_iterator; value_type = std::__cxx11::basic_string<char>][m[K[m[K’
 1393 |       [01;36m[Kinsert[m[K(const_iterator __position, value_type&& __x)
      |       [01;36m[K^~~~~~[m[K
[01m[K/usr/include/c++/13/bits/stl_vector.h:1393:7:[m[K [01;36m[Knote: [m[K  candidate expects 2 arguments, 1 provided
[01m[K/usr/include/c++/13/bits/stl_vector.h:1411:7:[m[K [01;36m[Knote: [m[Kcandidate: ‘[01m[Kstd::vector<_Tp, _Alloc>::iterator std::vector<_Tp, _Alloc>::[01;32m[Kinsert[m[K(const_iterator, std::initializer_list<_Tp>) [35m[K[with _Tp = std::__cxx11::basic_string<char>; _Alloc = std::allocator<std::__cxx11::basic_string<char> >; iterator = std::vector<std::__cxx11::basic_string<char> >::iterator; const_iterator = std::vector<std::__cxx11::basic_string<char> >::const_iterator][m[K[m[K’
 1411 |       [01;36m[Kinsert[m[K(const_iterator __position, initializer_list<value_type> __l)
      |       [01;36m[K^~~~~~[m[K
[01m[K/usr/include/c++/13/bits/stl_vector.h:1411:7:[m[K [01;36m[Knote: [m[K  candidate expects 2 arguments, 1 provided
[01m[K/usr/include/c++/13/bits/stl_vector.h:1437:7:[m[K [01;36m[Knote: [m[Kcandidate: ‘[01m[Kstd::vector<_Tp, _Alloc>::iterator std::vector<_Tp, _Alloc>::[01;32m[Kinsert[m[K(const_iterator, size_type, const value_type&) [35m[K[with _Tp = std::__cxx11::basic_string<char>; _Alloc = std::allocator<std::__cxx11::basic_string<char> >; iterator = std::vector<std::__cxx11::basic_string<char> >::iterator; const_iterator = std::vector<std::__cxx11::basic_string<char> >::const_iterator; size_type = long unsigned int; value_type = std::__cxx11::basic_string<char>][m[K[m[K’
 1437 |       [01;36m[Kinsert[m[K(const_iterator __position, size_type __n, const value_type& __x)
      |       [01;36m[K^~~~~~[m[K
[01m[K/usr/include/c++/13/bits/stl_vector.h:1437:7:[m[K [01;36m[Knote: [m[K  candidate expects 3 arguments, 1 provided
gmake[2]: *** [CMakeFiles/industrial_calibration_ros_pnp_validation_node.dir/build.make:76: CMakeFiles/industrial_calibration_ros_pnp_validation_node.dir/src/pnp_validation_node.cpp.o] Error 1
gmake[1]: *** [CMakeFiles/Makefile2:167: CMakeFiles/industrial_calibration_ros_pnp_validation_node.dir/all] Error 2
gmake[1]: *** Waiting for unfinished jobs....
gmake[2]: *** [CMakeFiles/industrial_calibration_ros_target_detector.dir/build.make:76: CMakeFiles/industrial_calibration_ros_target_detector.dir/src/target_detector.cpp.o] Error 1
gmake[1]: *** [CMakeFiles/Makefile2:141: CMakeFiles/industrial_calibration_ros_target_detector.dir/all] Error 2
gmake: *** [Makefile:146: all] Error 2
