-- Found ament_cmake: 2.5.4 (/opt/ros/jazzy/share/ament_cmake/cmake)
-- Found Python3: /usr/bin/python3 (found version "3.12.3") found components: Interpreter 
-- Override CMake install command with custom implementation using symlinks instead of copying resources
-- Found rclcpp: 28.1.13 (/opt/ros/jazzy/share/rclcpp/cmake)
-- Found rosidl_generator_c: 4.6.6 (/opt/ros/jazzy/share/rosidl_generator_c/cmake)
-- Found rosidl_generator_cpp: 4.6.6 (/opt/ros/jazzy/share/rosidl_generator_cpp/cmake)
-- Using all available rosidl_typesupport_c: rosidl_typesupport_fastrtps_c;rosidl_typesupport_introspection_c
-- Using all available rosidl_typesupport_cpp: rosidl_typesupport_fastrtps_cpp;rosidl_typesupport_introspection_cpp
-- Found rmw_implementation_cmake: 7.3.2 (/opt/ros/jazzy/share/rmw_implementation_cmake/cmake)
-- Found rmw_fastrtps_cpp: 8.4.3 (/opt/ros/jazzy/share/rmw_fastrtps_cpp/cmake)
-- Found OpenSSL: /usr/lib/x86_64-linux-gnu/libcrypto.so (found version "3.0.13")  
-- Found FastRTPS: /opt/ros/jazzy/include (Required is at least version "2.13") 
-- Using RMW implementation 'rmw_fastrtps_cpp' as default
-- Found image_transport: 5.1.7 (/opt/ros/jazzy/share/image_transport/cmake)
-- Found cv_bridge: 4.1.0 (/opt/ros/jazzy/share/cv_bridge/cmake)
-- Found std_srvs: 5.3.6 (/opt/ros/jazzy/share/std_srvs/cmake)
-- Found Boost: /usr/lib/x86_64-linux-gnu/cmake/Boost-1.83.0/BoostConfig.cmake (found version "1.83.0") found components: filesystem 
-- Performing Test CMAKE_HAVE_LIBC_PTHREAD
-- Performing Test CMAKE_HAVE_LIBC_PTHREAD - Success
-- Found Threads: TRUE  
-- Found AMD headers in: /usr/include/suitesparse
-- Found AMD library: /usr/lib/x86_64-linux-gnu/libamd.so
-- Found CAMD headers in: /usr/include/suitesparse
-- Found CAMD library: /usr/lib/x86_64-linux-gnu/libcamd.so
-- Found CCOLAMD headers in: /usr/include/suitesparse
-- Found CCOLAMD library: /usr/lib/x86_64-linux-gnu/libccolamd.so
-- Found CHOLMOD headers in: /usr/include/suitesparse
-- Found CHOLMOD library: /usr/lib/x86_64-linux-gnu/libcholmod.so
-- Found COLAMD headers in: /usr/include/suitesparse
-- Found COLAMD library: /usr/lib/x86_64-linux-gnu/libcolamd.so
-- Found SPQR headers in: /usr/include/suitesparse
-- Found SPQR library: /usr/lib/x86_64-linux-gnu/libspqr.so
-- Found Config headers in: /usr/include/suitesparse
-- Found Config library: /usr/lib/x86_64-linux-gnu/libsuitesparseconfig.so
-- Found Intel Thread Building Blocks (TBB) library (2021.11 / ) include location: . Assuming SuiteSparseQR was compiled with TBB.
-- Looking for shm_open in rt
-- Looking for shm_open in rt - found
-- Adding librt to SuiteSparse_config libraries (required on Linux & Unix [not OSX] if SuiteSparse is compiled with timing).
-- Could NOT find METIS (missing: METIS_INCLUDE_DIR METIS_LIBRARY) 
-- Found SuiteSparse: /usr/include/suitesparse (found suitable version "7.6.1", minimum required is "7.6.1") found components: AMD CAMD CCOLAMD CHOLMOD COLAMD SPQR Config 
-- Found required Ceres dependency: Eigen version 3.4.0 in /usr/share/eigen3/cmake
-- Found required Ceres dependency: glog
-- Found required Ceres dependency: gflags
-- Found Ceres version: 2.2.0 installed in: /usr with components: [EigenSparse, SparseLinearAlgebraLibrary, LAPACK, SuiteSparse, SchurSpecializations]
-- Found OpenCV: /usr (found version "4.6.0") 
-- Found rviz_common: 14.1.17 (/opt/ros/jazzy/share/rviz_common/cmake)
-- Setting OGRE_DIR to: '/opt/ros/jazzy/share/rviz_ogre_vendor/cmake/../../../opt/rviz_ogre_vendor/lib/OGRE/cmake'
-- Found OGRE
--   static     : OFF
--   components : MeshLodGenerator;Overlay;Paging;Property;RTShaderSystem;Terrain;Volume
--   plugins    : Plugin_BSPSceneManager;Plugin_OctreeSceneManager;Plugin_PCZSceneManager;Plugin_ParticleFX;RenderSystem_GL;RenderSystem_GL3Plus;Codec_STBI
--   media      : /opt/ros/jazzy/opt/rviz_ogre_vendor/share/OGRE/Media
-- OGRE_LIBRARIES: OgreMeshLodGenerator;OgreOverlay;OgrePaging;OgreProperty;OgreRTShaderSystem;OgreTerrain;OgreVolume;OgreMain
-- OGRE_LIBRARY_DIRS: /opt/ros/jazzy/opt/rviz_ogre_vendor/lib
-- OGRE_PLUGINS: Plugin_BSPSceneManager;Plugin_OctreeSceneManager;Plugin_PCZSceneManager;Plugin_ParticleFX;RenderSystem_GL;RenderSystem_GL3Plus;Codec_STBI
-- OGRE_PLUGIN_DIR: /opt/ros/jazzy/opt/rviz_ogre_vendor/lib/OGRE
-- rviz_ogre_vendor::OgreOverlay for IMPORTED_LOCATION_RELEASE: /opt/ros/jazzy/opt/rviz_ogre_vendor/lib/libOgreOverlay.so
-- rviz_ogre_vendor::OgreOverlay for IMPORTED_LOCATION_DEBUG: /opt/ros/jazzy/opt/rviz_ogre_vendor/lib/libOgreOverlay.so
-- rviz_ogre_vendor::OgreMain for IMPORTED_LOCATION_RELEASE: /opt/ros/jazzy/opt/rviz_ogre_vendor/lib/libOgreMain.so
-- rviz_ogre_vendor::OgreMain for IMPORTED_LOCATION_DEBUG: /opt/ros/jazzy/opt/rviz_ogre_vendor/lib/libOgreMain.so
-- Could not find freeimage library
-- Found ZLIB: /usr/lib/x86_64-linux-gnu/libz.so (found version "1.3")  
-- Found OpenGL: /usr/lib/x86_64-linux-gnu/libOpenGL.so   
-- Found X11: /usr/include   
-- Looking for XOpenDisplay in /usr/lib/x86_64-linux-gnu/libX11.so;/usr/lib/x86_64-linux-gnu/libXext.so
-- Looking for XOpenDisplay in /usr/lib/x86_64-linux-gnu/libX11.so;/usr/lib/x86_64-linux-gnu/libXext.so - found
-- Looking for gethostbyname
-- Looking for gethostbyname - found
-- Looking for connect
-- Looking for connect - found
-- Looking for remove
-- Looking for remove - found
-- Looking for shmat
-- Looking for shmat - found
-- Looking for IceConnectionNumber in ICE
-- Looking for IceConnectionNumber in ICE - found
-- Setting yaml-cpp_DIR to: '/opt/ros/jazzy/share/yaml_cpp_vendor/cmake/../../../opt/yaml_cpp_vendor/share/cmake/yaml-cpp'
-- Found tf2_eigen: 0.36.16 (/opt/ros/jazzy/share/tf2_eigen/cmake)
-- Configuring done (2.4s)
-- Generating done (0.0s)
-- Build files have been written to: /home/tetripick/UR10_Pick_ws/ros2_ws/build/industrial_calibration_ros
[ 16%] [32mBuilding CXX object CMakeFiles/industrial_calibration_ros_pnp_validation_node.dir/src/pnp_validation_node.cpp.o[0m
[ 33%] [32mBuilding CXX object CMakeFiles/industrial_calibration_ros_extrinsic_hand_eye_calibration_panel.dir/src/extrinsic_hand_eye_calibration_panel.cpp.o[0m
[ 50%] [32mBuilding CXX object CMakeFiles/industrial_calibration_ros_target_detector.dir/src/target_detector.cpp.o[0m
[01m[K/home/tetripick/UR10_Pick_ws/ros2_ws/src/industrial_calibration_ros2/src/pnp_validation_node.cpp:[m[K In constructor ‘[01m[KPnPValidator::[01;32m[KPnPValidator[m[K(rclcpp::Node::SharedPtr)[m[K’:
[01m[K/home/tetripick/UR10_Pick_ws/ros2_ws/src/industrial_calibration_ros2/src/pnp_validation_node.cpp:37:36:[m[K [01;31m[Kerror: [m[Kno matching function for call to ‘[01m[Kstd::vector<std::__cxx11::basic_string<char> >::insert(const char [38])[m[K’
   37 |     [01;31m[Kloader_.search_libraries.insert(INDUSTRIAL_CALIBRATION_PLUGIN_LIBRARIES)[m[K;
      |     [01;31m[K~~~~~~~~~~~~~~~~~~~~~~~~~~~~~~~^~~~~~~~~~~~~~~~~~~~~~~~~~~~~~~~~~~~~~~~~[m[K
In file included from [01m[K/usr/include/c++/13/vector:66[m[K,
                 from [01m[K/usr/include/opencv4/opencv2/core/types.hpp:53[m[K,
                 from [01m[K/usr/include/opencv4/opencv2/core.hpp:57[m[K,
                 from [01m[K/home/tetripick/UR10_Pick_ws/ros2_ws/src/industrial_calibration_ros2/src/utils.h:3[m[K,
                 from [01m[K/home/tetripick/UR10_Pick_ws/ros2_ws/src/industrial_calibration_ros2/src/pnp_validation_node.cpp:1[m[K:
[01m[K/usr/include/c++/13/bits/stl_vector.h:1482:9:[m[K [01;36m[Knote: [m[Kcandidate: ‘[01m[Ktemplate<class _InputIterator, class> std::vector<_Tp, _Alloc>::iterator std::vector<_Tp, _Alloc>::[01;32m[Kinsert[m[K(const_iterator, _InputIterator, _InputIterator) [35m[K[with <template-parameter-2-2> = _InputIterator; _Tp = std::__cxx11::basic_string<char>; _Alloc = std::allocator<std::__cxx11::basic_string<char> >][m[K[m[K’
 1482 |         [01;36m[Kinsert[m[K(const_iterator __position, _InputIterator __first,
      |         [01;36m[K^~~~~~[m[K
[01m[K/usr/include/c++/13/bits/stl_vector.h:1482:9:[m[K [01;36m[Knote: [m[K  template argument deduction/substitution failed:
[01m[K/home/tetripick/UR10_Pick_ws/ros2_ws/src/industrial_calibration_ros2/src/pnp_validation_node.cpp:37:36:[m[K [01;36m[Knote: [m[K  candidate expects 3 arguments, 1 provided
   37 |     [01;36m[Kloader_.search_libraries.insert(INDUSTRIAL_CALIBRATION_PLUGIN_LIBRARIES)[m[K;
      |     [01;36m[K~~~~~~~~~~~~~~~~~~~~~~~~~~~~~~~^~~~~~~~~~~~~~~~~~~~~~~~~~~~~~~~~~~~~~~~~[m[K
In file included from [01m[K/usr/include/c++/13/vector:72[m[K:
[01m[K/usr/include/c++/13/bits/vector.tcc:133:5:[m[K [01;36m[Knote: [m[Kcandidate: ‘[01m[Kstd::vector<_Tp, _Alloc>::iterator std::vector<_Tp, _Alloc>::[01;32m[Kinsert[m[K(const_iterator, const value_type&) [35m[K[with _Tp = std::__cxx11::basic_string<char>; _Alloc = std::allocator<std::__cxx11::basic_string<char> >; iterator = std::vector<std::__cxx11::basic_string<char> >::iterator; const_iterator = std::vector<std::__cxx11::basic_string<char> >::const_iterator; value_type = std::__cxx11::basic_string<char>][m[K[m[K’
  133 |     [01;36m[Kvector<_Tp, _Alloc>[m[K::
      |     [01;36m[K^~~~~~~~~~~~~~~~~~~[m[K
[01m[K/usr/include/c++/13/bits/vector.tcc:133:5:[m[K [01;36m[Knote: [m[K  candidate expects 2 arguments, 1 provided
[01m[K/usr/include/c++/13/bits/stl_vector.h:1393:7:[m[K [01;36m[Knote: [m[Kcandidate: ‘[01m[Kstd::vector<_Tp, _Alloc>::iterator std::vector<_Tp, _Alloc>::[01;32m[Kinsert[m[K(const_iterator, value_type&&) [35m[K[with _Tp = std::__cxx11::basic_string<char>; _Alloc = std::allocator<std::__cxx11::basic_string<char> >; iterator = std::vector<std::__cxx11::basic_string<char> >::iterator; const_iterator = std::vector<std::__cxx11::basic_string<char> >::const_iterator; value_type = std::__cxx11::basic_string<char>][m[K[m[K’
 1393 |       [01;36m[Kinsert[m[K(const_iterator __position, value_type&& __x)
      |       [01;36m[K^~~~~~[m[K
[01m[K/usr/include/c++/13/bits/stl_vector.h:1393:7:[m[K [01;36m[Knote: [m[K  candidate expects 2 arguments, 1 provided
[01m[K/usr/include/c++/13/bits/stl_vector.h:1411:7:[m[K [01;36m[Knote: [m[Kcandidate: ‘[01m[Kstd::vector<_Tp, _Alloc>::iterator std::vector<_Tp, _Alloc>::[01;32m[Kinsert[m[K(const_iterator, std::initializer_list<_Tp>) [35m[K[with _Tp = std::__cxx11::basic_string<char>; _Alloc = std::allocator<std::__cxx11::basic_string<char> >; iterator = std::vector<std::__cxx11::basic_string<char> >::iterator; const_iterator = std::vector<std::__cxx11::basic_string<char> >::const_iterator][m[K[m[K’
 1411 |       [01;36m[Kinsert[m[K(const_iterator __position, initializer_list<value_type> __l)
      |       [01;36m[K^~~~~~[m[K
[01m[K/usr/include/c++/13/bits/stl_vector.h:1411:7:[m[K [01;36m[Knote: [m[K  candidate expects 2 arguments, 1 provided
[01m[K/usr/include/c++/13/bits/stl_vector.h:1437:7:[m[K [01;36m[Knote: [m[Kcandidate: ‘[01m[Kstd::vector<_Tp, _Alloc>::iterator std::vector<_Tp, _Alloc>::[01;32m[Kinsert[m[K(const_iterator, size_type, const value_type&) [35m[K[with _Tp = std::__cxx11::basic_string<char>; _Alloc = std::allocator<std::__cxx11::basic_string<char> >; iterator = std::vector<std::__cxx11::basic_string<char> >::iterator; const_iterator = std::vector<std::__cxx11::basic_string<char> >::const_iterator; size_type = long unsigned int; value_type = std::__cxx11::basic_string<char>][m[K[m[K’
 1437 |       [01;36m[Kinsert[m[K(const_iterator __position, size_type __n, const value_type& __x)
      |       [01;36m[K^~~~~~[m[K
[01m[K/usr/include/c++/13/bits/stl_vector.h:1437:7:[m[K [01;36m[Knote: [m[K  candidate expects 3 arguments, 1 provided
[01m[K/home/tetripick/UR10_Pick_ws/ros2_ws/src/industrial_calibration_ros2/src/target_detector.cpp:[m[K In constructor ‘[01m[KTargetDetector::[01;32m[KTargetDetector[m[K(std::shared_ptr<rclcpp::Node>)[m[K’:
[01m[K/home/tetripick/UR10_Pick_ws/ros2_ws/src/industrial_calibration_ros2/src/target_detector.cpp:25:36:[m[K [01;31m[Kerror: [m[Kno matching function for call to ‘[01m[Kstd::vector<std::__cxx11::basic_string<char> >::insert(const char [38])[m[K’
   25 |     [01;31m[Kloader_.search_libraries.insert(INDUSTRIAL_CALIBRATION_PLUGIN_LIBRARIES)[m[K;
      |     [01;31m[K~~~~~~~~~~~~~~~~~~~~~~~~~~~~~~~^~~~~~~~~~~~~~~~~~~~~~~~~~~~~~~~~~~~~~~~~[m[K
In file included from [01m[K/usr/include/c++/13/vector:66[m[K,
                 from [01m[K/usr/include/opencv4/opencv2/core/types.hpp:53[m[K,
                 from [01m[K/usr/include/opencv4/opencv2/core.hpp:57[m[K,
                 from [01m[K/home/tetripick/UR10_Pick_ws/ros2_ws/src/industrial_calibration_ros2/src/utils.h:3[m[K,
                 from [01m[K/home/tetripick/UR10_Pick_ws/ros2_ws/src/industrial_calibration_ros2/src/target_detector.cpp:1[m[K:
[01m[K/usr/include/c++/13/bits/stl_vector.h:1482:9:[m[K [01;36m[Knote: [m[Kcandidate: ‘[01m[Ktemplate<class _InputIterator, class> std::vector<_Tp, _Alloc>::iterator std::vector<_Tp, _Alloc>::[01;32m[Kinsert[m[K(const_iterator, _InputIterator, _InputIterator) [35m[K[with <template-parameter-2-2> = _InputIterator; _Tp = std::__cxx11::basic_string<char>; _Alloc = std::allocator<std::__cxx11::basic_string<char> >][m[K[m[K’
 1482 |         [01;36m[Kinsert[m[K(const_iterator __position, _InputIterator __first,
      |         [01;36m[K^~~~~~[m[K
[01m[K/usr/include/c++/13/bits/stl_vector.h:1482:9:[m[K [01;36m[Knote: [m[K  template argument deduction/substitution failed:
[01m[K/home/tetripick/UR10_Pick_ws/ros2_ws/src/industrial_calibration_ros2/src/target_detector.cpp:25:36:[m[K [01;36m[Knote: [m[K  candidate expects 3 arguments, 1 provided
   25 |     [01;36m[Kloader_.search_libraries.insert(INDUSTRIAL_CALIBRATION_PLUGIN_LIBRARIES)[m[K;
      |     [01;36m[K~~~~~~~~~~~~~~~~~~~~~~~~~~~~~~~^~~~~~~~~~~~~~~~~~~~~~~~~~~~~~~~~~~~~~~~~[m[K
In file included from [01m[K/usr/include/c++/13/vector:72[m[K:
[01m[K/usr/include/c++/13/bits/vector.tcc:133:5:[m[K [01;36m[Knote: [m[Kcandidate: ‘[01m[Kstd::vector<_Tp, _Alloc>::iterator std::vector<_Tp, _Alloc>::[01;32m[Kinsert[m[K(const_iterator, const value_type&) [35m[K[with _Tp = std::__cxx11::basic_string<char>; _Alloc = std::allocator<std::__cxx11::basic_string<char> >; iterator = std::vector<std::__cxx11::basic_string<char> >::iterator; const_iterator = std::vector<std::__cxx11::basic_string<char> >::const_iterator; value_type = std::__cxx11::basic_string<char>][m[K[m[K’
  133 |     [01;36m[Kvector<_Tp, _Alloc>[m[K::
      |     [01;36m[K^~~~~~~~~~~~~~~~~~~[m[K
[01m[K/usr/include/c++/13/bits/vector.tcc:133:5:[m[K [01;36m[Knote: [m[K  candidate expects 2 arguments, 1 provided
[01m[K/usr/include/c++/13/bits/stl_vector.h:1393:7:[m[K [01;36m[Knote: [m[Kcandidate: ‘[01m[Kstd::vector<_Tp, _Alloc>::iterator std::vector<_Tp, _Alloc>::[01;32m[Kinsert[m[K(const_iterator, value_type&&) [35m[K[with _Tp = std::__cxx11::basic_string<char>; _Alloc = std::allocator<std::__cxx11::basic_string<char> >; iterator = std::vector<std::__cxx11::basic_string<char> >::iterator; const_iterator = std::vector<std::__cxx11::basic_string<char> >::const_iterator; value_type = std::__cxx11::basic_string<char>][m[K[m[K’
 1393 |       [01;36m[Kinsert[m[K(const_iterator __position, value_type&& __x)
      |       [01;36m[K^~~~~~[m[K
[01m[K/usr/include/c++/13/bits/stl_vector.h:1393:7:[m[K [01;36m[Knote: [m[K  candidate expects 2 arguments, 1 provided
[01m[K/usr/include/c++/13/bits/stl_vector.h:1411:7:[m[K [01;36m[Knote: [m[Kcandidate: ‘[01m[Kstd::vector<_Tp, _Alloc>::iterator std::vector<_Tp, _Alloc>::[01;32m[Kinsert[m[K(const_iterator, std::initializer_list<_Tp>) [35m[K[with _Tp = std::__cxx11::basic_string<char>; _Alloc = std::allocator<std::__cxx11::basic_string<char> >; iterator = std::vector<std::__cxx11::basic_string<char> >::iterator; const_iterator = std::vector<std::__cxx11::basic_string<char> >::const_iterator][m[K[m[K’
 1411 |       [01;36m[Kinsert[m[K(const_iterator __position, initializer_list<value_type> __l)
      |       [01;36m[K^~~~~~[m[K
[01m[K/usr/include/c++/13/bits/stl_vector.h:1411:7:[m[K [01;36m[Knote: [m[K  candidate expects 2 arguments, 1 provided
[01m[K/usr/include/c++/13/bits/stl_vector.h:1437:7:[m[K [01;36m[Knote: [m[Kcandidate: ‘[01m[Kstd::vector<_Tp, _Alloc>::iterator std::vector<_Tp, _Alloc>::[01;32m[Kinsert[m[K(const_iterator, size_type, const value_type&) [35m[K[with _Tp = std::__cxx11::basic_string<char>; _Alloc = std::allocator<std::__cxx11::basic_string<char> >; iterator = std::vector<std::__cxx11::basic_string<char> >::iterator; const_iterator = std::vector<std::__cxx11::basic_string<char> >::const_iterator; size_type = long unsigned int; value_type = std::__cxx11::basic_string<char>][m[K[m[K’
 1437 |       [01;36m[Kinsert[m[K(const_iterator __position, size_type __n, const value_type& __x)
      |       [01;36m[K^~~~~~[m[K
[01m[K/usr/include/c++/13/bits/stl_vector.h:1437:7:[m[K [01;36m[Knote: [m[K  candidate expects 3 arguments, 1 provided
gmake[2]: *** [CMakeFiles/industrial_calibration_ros_pnp_validation_node.dir/build.make:76: CMakeFiles/industrial_calibration_ros_pnp_validation_node.dir/src/pnp_validation_node.cpp.o] Error 1
gmake[1]: *** [CMakeFiles/Makefile2:167: CMakeFiles/industrial_calibration_ros_pnp_validation_node.dir/all] Error 2
gmake[1]: *** Waiting for unfinished jobs....
gmake[2]: *** [CMakeFiles/industrial_calibration_ros_target_detector.dir/build.make:76: CMakeFiles/industrial_calibration_ros_target_detector.dir/src/target_detector.cpp.o] Error 1
gmake[1]: *** [CMakeFiles/Makefile2:141: CMakeFiles/industrial_calibration_ros_target_detector.dir/all] Error 2
[ 66%] [32m[1mLinking CXX shared library libindustrial_calibration_ros_extrinsic_hand_eye_calibration_panel.so[0m
[ 66%] Built target industrial_calibration_ros_extrinsic_hand_eye_calibration_panel
gmake: *** [Makefile:146: all] Error 2
