[0.013s] Invoking command in '/home/tetripick/UR10_Pick_ws/ros2_ws/build/industrial_calibration_ros': CMAKE_PREFIX_PATH=/home/tetripick/UR10_Pick_ws/ros2_ws/install/industrial_calibration:/home/tetripick/UR10_Pick_ws/ros2_ws/install/boost_plugin_loader:/home/tetripick/UR10_Pick_ws/ros2_ws/install/ros_industrial_cmake_boilerplate:/opt/ros/jazzy/opt/gz_math_vendor:/opt/ros/jazzy/opt/gz_utils_vendor:/opt/ros/jazzy/opt/gz_cmake_vendor:/opt/ros/jazzy DEBUGINFOD_URLS=https://debuginfod.ubuntu.com LD_LIBRARY_PATH=/home/tetripick/UR10_Pick_ws/ros2_ws/install/industrial_calibration/lib:/home/tetripick/UR10_Pick_ws/ros2_ws/install/boost_plugin_loader/lib:${LD_LIBRARY_PATH} PATH=/home/tetripick/UR10_Pick_ws/ros2_ws/install/industrial_calibration/bin:${PATH} PKG_CONFIG_PATH=/home/tetripick/UR10_Pick_ws/ros2_ws/install/industrial_calibration/lib/x86_64-linux-gnu/pkgconfig:/home/tetripick/UR10_Pick_ws/ros2_ws/install/industrial_calibration/lib/pkgconfig:/home/tetripick/UR10_Pick_ws/ros2_ws/install/boost_plugin_loader/lib/x86_64-linux-gnu/pkgconfig:/home/tetripick/UR10_Pick_ws/ros2_ws/install/boost_plugin_loader/lib/pkgconfig:/home/tetripick/UR10_Pick_ws/ros2_ws/install/ros_industrial_cmake_boilerplate/lib/x86_64-linux-gnu/pkgconfig:/home/tetripick/UR10_Pick_ws/ros2_ws/install/ros_industrial_cmake_boilerplate/lib/pkgconfig /usr/bin/cmake /home/tetripick/UR10_Pick_ws/ros2_ws/src/industrial_calibration_ros2 -DCMAKE_BUILD_TYPE=Release -DAMENT_CMAKE_SYMLINK_INSTALL=1 -DCMAKE_INSTALL_PREFIX=/home/tetripick/UR10_Pick_ws/ros2_ws/install/industrial_calibration_ros
[0.027s] -- Found ament_cmake: 2.5.4 (/opt/ros/jazzy/share/ament_cmake/cmake)
[0.168s] -- Found Python3: /usr/bin/python3 (found version "3.12.3") found components: Interpreter 
[0.228s] -- Override CMake install command with custom implementation using symlinks instead of copying resources
[0.262s] -- Found rclcpp: 28.1.13 (/opt/ros/jazzy/share/rclcpp/cmake)
[0.295s] -- Found rosidl_generator_c: 4.6.6 (/opt/ros/jazzy/share/rosidl_generator_c/cmake)
[0.305s] -- Found rosidl_generator_cpp: 4.6.6 (/opt/ros/jazzy/share/rosidl_generator_cpp/cmake)
[0.318s] -- Using all available rosidl_typesupport_c: rosidl_typesupport_fastrtps_c;rosidl_typesupport_introspection_c
[0.333s] -- Using all available rosidl_typesupport_cpp: rosidl_typesupport_fastrtps_cpp;rosidl_typesupport_introspection_cpp
[0.394s] -- Found rmw_implementation_cmake: 7.3.2 (/opt/ros/jazzy/share/rmw_implementation_cmake/cmake)
[0.397s] -- Found rmw_fastrtps_cpp: 8.4.3 (/opt/ros/jazzy/share/rmw_fastrtps_cpp/cmake)
[0.486s] -- Found OpenSSL: /usr/lib/x86_64-linux-gnu/libcrypto.so (found version "3.0.13")  
[0.512s] -- Found FastRTPS: /opt/ros/jazzy/include (Required is at least version "2.13") 
[0.539s] -- Using RMW implementation 'rmw_fastrtps_cpp' as default
[0.603s] -- Found image_transport: 5.1.7 (/opt/ros/jazzy/share/image_transport/cmake)
[0.670s] -- Found cv_bridge: 4.1.0 (/opt/ros/jazzy/share/cv_bridge/cmake)
[0.683s] -- Found std_srvs: 5.3.6 (/opt/ros/jazzy/share/std_srvs/cmake)
[0.705s] -- Found Boost: /usr/lib/x86_64-linux-gnu/cmake/Boost-1.83.0/BoostConfig.cmake (found version "1.83.0") found components: filesystem 
[0.820s] -- Performing Test CMAKE_HAVE_LIBC_PTHREAD
[0.911s] -- Performing Test CMAKE_HAVE_LIBC_PTHREAD - Success
[0.912s] -- Found Threads: TRUE  
[1.345s] -- Found AMD headers in: /usr/include/suitesparse
[1.347s] -- Found AMD library: /usr/lib/x86_64-linux-gnu/libamd.so
[1.347s] -- Found CAMD headers in: /usr/include/suitesparse
[1.349s] -- Found CAMD library: /usr/lib/x86_64-linux-gnu/libcamd.so
[1.349s] -- Found CCOLAMD headers in: /usr/include/suitesparse
[1.350s] -- Found CCOLAMD library: /usr/lib/x86_64-linux-gnu/libccolamd.so
[1.350s] -- Found CHOLMOD headers in: /usr/include/suitesparse
[1.351s] -- Found CHOLMOD library: /usr/lib/x86_64-linux-gnu/libcholmod.so
[1.351s] -- Found COLAMD headers in: /usr/include/suitesparse
[1.352s] -- Found COLAMD library: /usr/lib/x86_64-linux-gnu/libcolamd.so
[1.352s] -- Found SPQR headers in: /usr/include/suitesparse
[1.353s] -- Found SPQR library: /usr/lib/x86_64-linux-gnu/libspqr.so
[1.353s] -- Found Config headers in: /usr/include/suitesparse
[1.354s] -- Found Config library: /usr/lib/x86_64-linux-gnu/libsuitesparseconfig.so
[1.356s] -- Found Intel Thread Building Blocks (TBB) library (2021.11 / ) include location: . Assuming SuiteSparseQR was compiled with TBB.
[1.356s] -- Looking for shm_open in rt
[1.444s] -- Looking for shm_open in rt - found
[1.444s] -- Adding librt to SuiteSparse_config libraries (required on Linux & Unix [not OSX] if SuiteSparse is compiled with timing).
[1.450s] -- Could NOT find METIS (missing: METIS_INCLUDE_DIR METIS_LIBRARY) 
[1.451s] -- Found SuiteSparse: /usr/include/suitesparse (found suitable version "7.6.1", minimum required is "7.6.1") found components: AMD CAMD CCOLAMD CHOLMOD COLAMD SPQR Config 
[1.453s] -- Found required Ceres dependency: Eigen version 3.4.0 in /usr/share/eigen3/cmake
[1.459s] -- Found required Ceres dependency: glog
[1.459s] -- Found required Ceres dependency: gflags
[1.459s] -- Found Ceres version: 2.2.0 installed in: /usr with components: [EigenSparse, SparseLinearAlgebraLibrary, LAPACK, SuiteSparse, SchurSpecializations]
[1.464s] -- Found OpenCV: /usr (found version "4.6.0") 
[1.478s] -- Found rviz_common: 14.1.17 (/opt/ros/jazzy/share/rviz_common/cmake)
[1.483s] -- Setting OGRE_DIR to: '/opt/ros/jazzy/share/rviz_ogre_vendor/cmake/../../../opt/rviz_ogre_vendor/lib/OGRE/cmake'
[1.484s] -- Found OGRE
[1.484s] --   static     : OFF
[1.484s] --   components : MeshLodGenerator;Overlay;Paging;Property;RTShaderSystem;Terrain;Volume
[1.484s] --   plugins    : Plugin_BSPSceneManager;Plugin_OctreeSceneManager;Plugin_PCZSceneManager;Plugin_ParticleFX;RenderSystem_GL;RenderSystem_GL3Plus;Codec_STBI
[1.484s] --   media      : /opt/ros/jazzy/opt/rviz_ogre_vendor/share/OGRE/Media
[1.485s] -- OGRE_LIBRARIES: OgreMeshLodGenerator;OgreOverlay;OgrePaging;OgreProperty;OgreRTShaderSystem;OgreTerrain;OgreVolume;OgreMain
[1.485s] -- OGRE_LIBRARY_DIRS: /opt/ros/jazzy/opt/rviz_ogre_vendor/lib
[1.485s] -- OGRE_PLUGINS: Plugin_BSPSceneManager;Plugin_OctreeSceneManager;Plugin_PCZSceneManager;Plugin_ParticleFX;RenderSystem_GL;RenderSystem_GL3Plus;Codec_STBI
[1.485s] -- OGRE_PLUGIN_DIR: /opt/ros/jazzy/opt/rviz_ogre_vendor/lib/OGRE
[1.485s] -- rviz_ogre_vendor::OgreOverlay for IMPORTED_LOCATION_RELEASE: /opt/ros/jazzy/opt/rviz_ogre_vendor/lib/libOgreOverlay.so
[1.485s] -- rviz_ogre_vendor::OgreOverlay for IMPORTED_LOCATION_DEBUG: /opt/ros/jazzy/opt/rviz_ogre_vendor/lib/libOgreOverlay.so
[1.485s] -- rviz_ogre_vendor::OgreMain for IMPORTED_LOCATION_RELEASE: /opt/ros/jazzy/opt/rviz_ogre_vendor/lib/libOgreMain.so
[1.485s] -- rviz_ogre_vendor::OgreMain for IMPORTED_LOCATION_DEBUG: /opt/ros/jazzy/opt/rviz_ogre_vendor/lib/libOgreMain.so
[1.485s] -- Could not find freeimage library
[1.509s] -- Found ZLIB: /usr/lib/x86_64-linux-gnu/libz.so (found version "1.3")  
[1.516s] -- Found OpenGL: /usr/lib/x86_64-linux-gnu/libOpenGL.so   
[1.652s] -- Found X11: /usr/include   
[1.652s] -- Looking for XOpenDisplay in /usr/lib/x86_64-linux-gnu/libX11.so;/usr/lib/x86_64-linux-gnu/libXext.so
[1.752s] -- Looking for XOpenDisplay in /usr/lib/x86_64-linux-gnu/libX11.so;/usr/lib/x86_64-linux-gnu/libXext.so - found
[1.752s] -- Looking for gethostbyname
[1.848s] -- Looking for gethostbyname - found
[1.848s] -- Looking for connect
[1.934s] -- Looking for connect - found
[1.934s] -- Looking for remove
[2.022s] -- Looking for remove - found
[2.022s] -- Looking for shmat
[2.108s] -- Looking for shmat - found
[2.108s] -- Looking for IceConnectionNumber in ICE
[2.196s] -- Looking for IceConnectionNumber in ICE - found
[2.320s] -- Setting yaml-cpp_DIR to: '/opt/ros/jazzy/share/yaml_cpp_vendor/cmake/../../../opt/yaml_cpp_vendor/share/cmake/yaml-cpp'
[2.325s] -- Found tf2_eigen: 0.36.16 (/opt/ros/jazzy/share/tf2_eigen/cmake)
[2.405s] -- Configuring done (2.4s)
[2.429s] -- Generating done (0.0s)
[2.435s] -- Build files have been written to: /home/tetripick/UR10_Pick_ws/ros2_ws/build/industrial_calibration_ros
[2.444s] Invoked command in '/home/tetripick/UR10_Pick_ws/ros2_ws/build/industrial_calibration_ros' returned '0': CMAKE_PREFIX_PATH=/home/tetripick/UR10_Pick_ws/ros2_ws/install/industrial_calibration:/home/tetripick/UR10_Pick_ws/ros2_ws/install/boost_plugin_loader:/home/tetripick/UR10_Pick_ws/ros2_ws/install/ros_industrial_cmake_boilerplate:/opt/ros/jazzy/opt/gz_math_vendor:/opt/ros/jazzy/opt/gz_utils_vendor:/opt/ros/jazzy/opt/gz_cmake_vendor:/opt/ros/jazzy DEBUGINFOD_URLS=https://debuginfod.ubuntu.com LD_LIBRARY_PATH=/home/tetripick/UR10_Pick_ws/ros2_ws/install/industrial_calibration/lib:/home/tetripick/UR10_Pick_ws/ros2_ws/install/boost_plugin_loader/lib:${LD_LIBRARY_PATH} PATH=/home/tetripick/UR10_Pick_ws/ros2_ws/install/industrial_calibration/bin:${PATH} PKG_CONFIG_PATH=/home/tetripick/UR10_Pick_ws/ros2_ws/install/industrial_calibration/lib/x86_64-linux-gnu/pkgconfig:/home/tetripick/UR10_Pick_ws/ros2_ws/install/industrial_calibration/lib/pkgconfig:/home/tetripick/UR10_Pick_ws/ros2_ws/install/boost_plugin_loader/lib/x86_64-linux-gnu/pkgconfig:/home/tetripick/UR10_Pick_ws/ros2_ws/install/boost_plugin_loader/lib/pkgconfig:/home/tetripick/UR10_Pick_ws/ros2_ws/install/ros_industrial_cmake_boilerplate/lib/x86_64-linux-gnu/pkgconfig:/home/tetripick/UR10_Pick_ws/ros2_ws/install/ros_industrial_cmake_boilerplate/lib/pkgconfig /usr/bin/cmake /home/tetripick/UR10_Pick_ws/ros2_ws/src/industrial_calibration_ros2 -DCMAKE_BUILD_TYPE=Release -DAMENT_CMAKE_SYMLINK_INSTALL=1 -DCMAKE_INSTALL_PREFIX=/home/tetripick/UR10_Pick_ws/ros2_ws/install/industrial_calibration_ros
[2.446s] Invoking command in '/home/tetripick/UR10_Pick_ws/ros2_ws/build/industrial_calibration_ros': CMAKE_PREFIX_PATH=/home/tetripick/UR10_Pick_ws/ros2_ws/install/industrial_calibration:/home/tetripick/UR10_Pick_ws/ros2_ws/install/boost_plugin_loader:/home/tetripick/UR10_Pick_ws/ros2_ws/install/ros_industrial_cmake_boilerplate:/opt/ros/jazzy/opt/gz_math_vendor:/opt/ros/jazzy/opt/gz_utils_vendor:/opt/ros/jazzy/opt/gz_cmake_vendor:/opt/ros/jazzy DEBUGINFOD_URLS=https://debuginfod.ubuntu.com LD_LIBRARY_PATH=/home/tetripick/UR10_Pick_ws/ros2_ws/install/industrial_calibration/lib:/home/tetripick/UR10_Pick_ws/ros2_ws/install/boost_plugin_loader/lib:${LD_LIBRARY_PATH} PATH=/home/tetripick/UR10_Pick_ws/ros2_ws/install/industrial_calibration/bin:${PATH} PKG_CONFIG_PATH=/home/tetripick/UR10_Pick_ws/ros2_ws/install/industrial_calibration/lib/x86_64-linux-gnu/pkgconfig:/home/tetripick/UR10_Pick_ws/ros2_ws/install/industrial_calibration/lib/pkgconfig:/home/tetripick/UR10_Pick_ws/ros2_ws/install/boost_plugin_loader/lib/x86_64-linux-gnu/pkgconfig:/home/tetripick/UR10_Pick_ws/ros2_ws/install/boost_plugin_loader/lib/pkgconfig:/home/tetripick/UR10_Pick_ws/ros2_ws/install/ros_industrial_cmake_boilerplate/lib/x86_64-linux-gnu/pkgconfig:/home/tetripick/UR10_Pick_ws/ros2_ws/install/ros_industrial_cmake_boilerplate/lib/pkgconfig /usr/bin/cmake --build /home/tetripick/UR10_Pick_ws/ros2_ws/build/industrial_calibration_ros -- -j8 -l8
[2.502s] [ 16%] [32mBuilding CXX object CMakeFiles/industrial_calibration_ros_pnp_validation_node.dir/src/pnp_validation_node.cpp.o[0m
[2.505s] [ 33%] [32mBuilding CXX object CMakeFiles/industrial_calibration_ros_extrinsic_hand_eye_calibration_panel.dir/src/extrinsic_hand_eye_calibration_panel.cpp.o[0m
[2.509s] [ 50%] [32mBuilding CXX object CMakeFiles/industrial_calibration_ros_target_detector.dir/src/target_detector.cpp.o[0m
[5.559s] [01m[K/home/tetripick/UR10_Pick_ws/ros2_ws/src/industrial_calibration_ros2/src/pnp_validation_node.cpp:[m[K In constructor ‘[01m[KPnPValidator::[01;32m[KPnPValidator[m[K(rclcpp::Node::SharedPtr)[m[K’:
[5.559s] [01m[K/home/tetripick/UR10_Pick_ws/ros2_ws/src/industrial_calibration_ros2/src/pnp_validation_node.cpp:37:36:[m[K [01;31m[Kerror: [m[Kno matching function for call to ‘[01m[Kstd::vector<std::__cxx11::basic_string<char> >::insert(const char [38])[m[K’
[5.559s]    37 |     [01;31m[Kloader_.search_libraries.insert(INDUSTRIAL_CALIBRATION_PLUGIN_LIBRARIES)[m[K;
[5.559s]       |     [01;31m[K~~~~~~~~~~~~~~~~~~~~~~~~~~~~~~~^~~~~~~~~~~~~~~~~~~~~~~~~~~~~~~~~~~~~~~~~[m[K
[5.559s] In file included from [01m[K/usr/include/c++/13/vector:66[m[K,
[5.559s]                  from [01m[K/usr/include/opencv4/opencv2/core/types.hpp:53[m[K,
[5.560s]                  from [01m[K/usr/include/opencv4/opencv2/core.hpp:57[m[K,
[5.560s]                  from [01m[K/home/tetripick/UR10_Pick_ws/ros2_ws/src/industrial_calibration_ros2/src/utils.h:3[m[K,
[5.560s]                  from [01m[K/home/tetripick/UR10_Pick_ws/ros2_ws/src/industrial_calibration_ros2/src/pnp_validation_node.cpp:1[m[K:
[5.560s] [01m[K/usr/include/c++/13/bits/stl_vector.h:1482:9:[m[K [01;36m[Knote: [m[Kcandidate: ‘[01m[Ktemplate<class _InputIterator, class> std::vector<_Tp, _Alloc>::iterator std::vector<_Tp, _Alloc>::[01;32m[Kinsert[m[K(const_iterator, _InputIterator, _InputIterator) [35m[K[with <template-parameter-2-2> = _InputIterator; _Tp = std::__cxx11::basic_string<char>; _Alloc = std::allocator<std::__cxx11::basic_string<char> >][m[K[m[K’
[5.560s]  1482 |         [01;36m[Kinsert[m[K(const_iterator __position, _InputIterator __first,
[5.560s]       |         [01;36m[K^~~~~~[m[K
[5.560s] [01m[K/usr/include/c++/13/bits/stl_vector.h:1482:9:[m[K [01;36m[Knote: [m[K  template argument deduction/substitution failed:
[5.560s] [01m[K/home/tetripick/UR10_Pick_ws/ros2_ws/src/industrial_calibration_ros2/src/pnp_validation_node.cpp:37:36:[m[K [01;36m[Knote: [m[K  candidate expects 3 arguments, 1 provided
[5.560s]    37 |     [01;36m[Kloader_.search_libraries.insert(INDUSTRIAL_CALIBRATION_PLUGIN_LIBRARIES)[m[K;
[5.560s]       |     [01;36m[K~~~~~~~~~~~~~~~~~~~~~~~~~~~~~~~^~~~~~~~~~~~~~~~~~~~~~~~~~~~~~~~~~~~~~~~~[m[K
[5.561s] In file included from [01m[K/usr/include/c++/13/vector:72[m[K:
[5.561s] [01m[K/usr/include/c++/13/bits/vector.tcc:133:5:[m[K [01;36m[Knote: [m[Kcandidate: ‘[01m[Kstd::vector<_Tp, _Alloc>::iterator std::vector<_Tp, _Alloc>::[01;32m[Kinsert[m[K(const_iterator, const value_type&) [35m[K[with _Tp = std::__cxx11::basic_string<char>; _Alloc = std::allocator<std::__cxx11::basic_string<char> >; iterator = std::vector<std::__cxx11::basic_string<char> >::iterator; const_iterator = std::vector<std::__cxx11::basic_string<char> >::const_iterator; value_type = std::__cxx11::basic_string<char>][m[K[m[K’
[5.561s]   133 |     [01;36m[Kvector<_Tp, _Alloc>[m[K::
[5.561s]       |     [01;36m[K^~~~~~~~~~~~~~~~~~~[m[K
[5.561s] [01m[K/usr/include/c++/13/bits/vector.tcc:133:5:[m[K [01;36m[Knote: [m[K  candidate expects 2 arguments, 1 provided
[5.561s] [01m[K/usr/include/c++/13/bits/stl_vector.h:1393:7:[m[K [01;36m[Knote: [m[Kcandidate: ‘[01m[Kstd::vector<_Tp, _Alloc>::iterator std::vector<_Tp, _Alloc>::[01;32m[Kinsert[m[K(const_iterator, value_type&&) [35m[K[with _Tp = std::__cxx11::basic_string<char>; _Alloc = std::allocator<std::__cxx11::basic_string<char> >; iterator = std::vector<std::__cxx11::basic_string<char> >::iterator; const_iterator = std::vector<std::__cxx11::basic_string<char> >::const_iterator; value_type = std::__cxx11::basic_string<char>][m[K[m[K’
[5.561s]  1393 |       [01;36m[Kinsert[m[K(const_iterator __position, value_type&& __x)
[5.561s]       |       [01;36m[K^~~~~~[m[K
[5.561s] [01m[K/usr/include/c++/13/bits/stl_vector.h:1393:7:[m[K [01;36m[Knote: [m[K  candidate expects 2 arguments, 1 provided
[5.562s] [01m[K/usr/include/c++/13/bits/stl_vector.h:1411:7:[m[K [01;36m[Knote: [m[Kcandidate: ‘[01m[Kstd::vector<_Tp, _Alloc>::iterator std::vector<_Tp, _Alloc>::[01;32m[Kinsert[m[K(const_iterator, std::initializer_list<_Tp>) [35m[K[with _Tp = std::__cxx11::basic_string<char>; _Alloc = std::allocator<std::__cxx11::basic_string<char> >; iterator = std::vector<std::__cxx11::basic_string<char> >::iterator; const_iterator = std::vector<std::__cxx11::basic_string<char> >::const_iterator][m[K[m[K’
[5.562s]  1411 |       [01;36m[Kinsert[m[K(const_iterator __position, initializer_list<value_type> __l)
[5.562s]       |       [01;36m[K^~~~~~[m[K
[5.562s] [01m[K/usr/include/c++/13/bits/stl_vector.h:1411:7:[m[K [01;36m[Knote: [m[K  candidate expects 2 arguments, 1 provided
[5.562s] [01m[K/usr/include/c++/13/bits/stl_vector.h:1437:7:[m[K [01;36m[Knote: [m[Kcandidate: ‘[01m[Kstd::vector<_Tp, _Alloc>::iterator std::vector<_Tp, _Alloc>::[01;32m[Kinsert[m[K(const_iterator, size_type, const value_type&) [35m[K[with _Tp = std::__cxx11::basic_string<char>; _Alloc = std::allocator<std::__cxx11::basic_string<char> >; iterator = std::vector<std::__cxx11::basic_string<char> >::iterator; const_iterator = std::vector<std::__cxx11::basic_string<char> >::const_iterator; size_type = long unsigned int; value_type = std::__cxx11::basic_string<char>][m[K[m[K’
[5.562s]  1437 |       [01;36m[Kinsert[m[K(const_iterator __position, size_type __n, const value_type& __x)
[5.562s]       |       [01;36m[K^~~~~~[m[K
[5.562s] [01m[K/usr/include/c++/13/bits/stl_vector.h:1437:7:[m[K [01;36m[Knote: [m[K  candidate expects 3 arguments, 1 provided
[7.170s] [01m[K/home/tetripick/UR10_Pick_ws/ros2_ws/src/industrial_calibration_ros2/src/target_detector.cpp:[m[K In constructor ‘[01m[KTargetDetector::[01;32m[KTargetDetector[m[K(std::shared_ptr<rclcpp::Node>)[m[K’:
[7.170s] [01m[K/home/tetripick/UR10_Pick_ws/ros2_ws/src/industrial_calibration_ros2/src/target_detector.cpp:25:36:[m[K [01;31m[Kerror: [m[Kno matching function for call to ‘[01m[Kstd::vector<std::__cxx11::basic_string<char> >::insert(const char [38])[m[K’
[7.170s]    25 |     [01;31m[Kloader_.search_libraries.insert(INDUSTRIAL_CALIBRATION_PLUGIN_LIBRARIES)[m[K;
[7.171s]       |     [01;31m[K~~~~~~~~~~~~~~~~~~~~~~~~~~~~~~~^~~~~~~~~~~~~~~~~~~~~~~~~~~~~~~~~~~~~~~~~[m[K
[7.171s] In file included from [01m[K/usr/include/c++/13/vector:66[m[K,
[7.171s]                  from [01m[K/usr/include/opencv4/opencv2/core/types.hpp:53[m[K,
[7.171s]                  from [01m[K/usr/include/opencv4/opencv2/core.hpp:57[m[K,
[7.171s]                  from [01m[K/home/tetripick/UR10_Pick_ws/ros2_ws/src/industrial_calibration_ros2/src/utils.h:3[m[K,
[7.171s]                  from [01m[K/home/tetripick/UR10_Pick_ws/ros2_ws/src/industrial_calibration_ros2/src/target_detector.cpp:1[m[K:
[7.171s] [01m[K/usr/include/c++/13/bits/stl_vector.h:1482:9:[m[K [01;36m[Knote: [m[Kcandidate: ‘[01m[Ktemplate<class _InputIterator, class> std::vector<_Tp, _Alloc>::iterator std::vector<_Tp, _Alloc>::[01;32m[Kinsert[m[K(const_iterator, _InputIterator, _InputIterator) [35m[K[with <template-parameter-2-2> = _InputIterator; _Tp = std::__cxx11::basic_string<char>; _Alloc = std::allocator<std::__cxx11::basic_string<char> >][m[K[m[K’
[7.171s]  1482 |         [01;36m[Kinsert[m[K(const_iterator __position, _InputIterator __first,
[7.171s]       |         [01;36m[K^~~~~~[m[K
[7.172s] [01m[K/usr/include/c++/13/bits/stl_vector.h:1482:9:[m[K [01;36m[Knote: [m[K  template argument deduction/substitution failed:
[7.172s] [01m[K/home/tetripick/UR10_Pick_ws/ros2_ws/src/industrial_calibration_ros2/src/target_detector.cpp:25:36:[m[K [01;36m[Knote: [m[K  candidate expects 3 arguments, 1 provided
[7.172s]    25 |     [01;36m[Kloader_.search_libraries.insert(INDUSTRIAL_CALIBRATION_PLUGIN_LIBRARIES)[m[K;
[7.172s]       |     [01;36m[K~~~~~~~~~~~~~~~~~~~~~~~~~~~~~~~^~~~~~~~~~~~~~~~~~~~~~~~~~~~~~~~~~~~~~~~~[m[K
[7.172s] In file included from [01m[K/usr/include/c++/13/vector:72[m[K:
[7.172s] [01m[K/usr/include/c++/13/bits/vector.tcc:133:5:[m[K [01;36m[Knote: [m[Kcandidate: ‘[01m[Kstd::vector<_Tp, _Alloc>::iterator std::vector<_Tp, _Alloc>::[01;32m[Kinsert[m[K(const_iterator, const value_type&) [35m[K[with _Tp = std::__cxx11::basic_string<char>; _Alloc = std::allocator<std::__cxx11::basic_string<char> >; iterator = std::vector<std::__cxx11::basic_string<char> >::iterator; const_iterator = std::vector<std::__cxx11::basic_string<char> >::const_iterator; value_type = std::__cxx11::basic_string<char>][m[K[m[K’
[7.172s]   133 |     [01;36m[Kvector<_Tp, _Alloc>[m[K::
[7.172s]       |     [01;36m[K^~~~~~~~~~~~~~~~~~~[m[K
[7.172s] [01m[K/usr/include/c++/13/bits/vector.tcc:133:5:[m[K [01;36m[Knote: [m[K  candidate expects 2 arguments, 1 provided
[7.172s] [01m[K/usr/include/c++/13/bits/stl_vector.h:1393:7:[m[K [01;36m[Knote: [m[Kcandidate: ‘[01m[Kstd::vector<_Tp, _Alloc>::iterator std::vector<_Tp, _Alloc>::[01;32m[Kinsert[m[K(const_iterator, value_type&&) [35m[K[with _Tp = std::__cxx11::basic_string<char>; _Alloc = std::allocator<std::__cxx11::basic_string<char> >; iterator = std::vector<std::__cxx11::basic_string<char> >::iterator; const_iterator = std::vector<std::__cxx11::basic_string<char> >::const_iterator; value_type = std::__cxx11::basic_string<char>][m[K[m[K’
[7.173s]  1393 |       [01;36m[Kinsert[m[K(const_iterator __position, value_type&& __x)
[7.173s]       |       [01;36m[K^~~~~~[m[K
[7.173s] [01m[K/usr/include/c++/13/bits/stl_vector.h:1393:7:[m[K [01;36m[Knote: [m[K  candidate expects 2 arguments, 1 provided
[7.173s] [01m[K/usr/include/c++/13/bits/stl_vector.h:1411:7:[m[K [01;36m[Knote: [m[Kcandidate: ‘[01m[Kstd::vector<_Tp, _Alloc>::iterator std::vector<_Tp, _Alloc>::[01;32m[Kinsert[m[K(const_iterator, std::initializer_list<_Tp>) [35m[K[with _Tp = std::__cxx11::basic_string<char>; _Alloc = std::allocator<std::__cxx11::basic_string<char> >; iterator = std::vector<std::__cxx11::basic_string<char> >::iterator; const_iterator = std::vector<std::__cxx11::basic_string<char> >::const_iterator][m[K[m[K’
[7.173s]  1411 |       [01;36m[Kinsert[m[K(const_iterator __position, initializer_list<value_type> __l)
[7.173s]       |       [01;36m[K^~~~~~[m[K
[7.173s] [01m[K/usr/include/c++/13/bits/stl_vector.h:1411:7:[m[K [01;36m[Knote: [m[K  candidate expects 2 arguments, 1 provided
[7.173s] [01m[K/usr/include/c++/13/bits/stl_vector.h:1437:7:[m[K [01;36m[Knote: [m[Kcandidate: ‘[01m[Kstd::vector<_Tp, _Alloc>::iterator std::vector<_Tp, _Alloc>::[01;32m[Kinsert[m[K(const_iterator, size_type, const value_type&) [35m[K[with _Tp = std::__cxx11::basic_string<char>; _Alloc = std::allocator<std::__cxx11::basic_string<char> >; iterator = std::vector<std::__cxx11::basic_string<char> >::iterator; const_iterator = std::vector<std::__cxx11::basic_string<char> >::const_iterator; size_type = long unsigned int; value_type = std::__cxx11::basic_string<char>][m[K[m[K’
[7.173s]  1437 |       [01;36m[Kinsert[m[K(const_iterator __position, size_type __n, const value_type& __x)
[7.173s]       |       [01;36m[K^~~~~~[m[K
[7.174s] [01m[K/usr/include/c++/13/bits/stl_vector.h:1437:7:[m[K [01;36m[Knote: [m[K  candidate expects 3 arguments, 1 provided
[7.222s] gmake[2]: *** [CMakeFiles/industrial_calibration_ros_pnp_validation_node.dir/build.make:76: CMakeFiles/industrial_calibration_ros_pnp_validation_node.dir/src/pnp_validation_node.cpp.o] Error 1
[7.222s] gmake[1]: *** [CMakeFiles/Makefile2:167: CMakeFiles/industrial_calibration_ros_pnp_validation_node.dir/all] Error 2
[7.222s] gmake[1]: *** Waiting for unfinished jobs....
[8.214s] gmake[2]: *** [CMakeFiles/industrial_calibration_ros_target_detector.dir/build.make:76: CMakeFiles/industrial_calibration_ros_target_detector.dir/src/target_detector.cpp.o] Error 1
[8.214s] gmake[1]: *** [CMakeFiles/Makefile2:141: CMakeFiles/industrial_calibration_ros_target_detector.dir/all] Error 2
[14.601s] [ 66%] [32m[1mLinking CXX shared library libindustrial_calibration_ros_extrinsic_hand_eye_calibration_panel.so[0m
[16.032s] [ 66%] Built target industrial_calibration_ros_extrinsic_hand_eye_calibration_panel
[16.032s] gmake: *** [Makefile:146: all] Error 2
[16.034s] Invoked command in '/home/tetripick/UR10_Pick_ws/ros2_ws/build/industrial_calibration_ros' returned '2': CMAKE_PREFIX_PATH=/home/tetripick/UR10_Pick_ws/ros2_ws/install/industrial_calibration:/home/tetripick/UR10_Pick_ws/ros2_ws/install/boost_plugin_loader:/home/tetripick/UR10_Pick_ws/ros2_ws/install/ros_industrial_cmake_boilerplate:/opt/ros/jazzy/opt/gz_math_vendor:/opt/ros/jazzy/opt/gz_utils_vendor:/opt/ros/jazzy/opt/gz_cmake_vendor:/opt/ros/jazzy DEBUGINFOD_URLS=https://debuginfod.ubuntu.com LD_LIBRARY_PATH=/home/tetripick/UR10_Pick_ws/ros2_ws/install/industrial_calibration/lib:/home/tetripick/UR10_Pick_ws/ros2_ws/install/boost_plugin_loader/lib:${LD_LIBRARY_PATH} PATH=/home/tetripick/UR10_Pick_ws/ros2_ws/install/industrial_calibration/bin:${PATH} PKG_CONFIG_PATH=/home/tetripick/UR10_Pick_ws/ros2_ws/install/industrial_calibration/lib/x86_64-linux-gnu/pkgconfig:/home/tetripick/UR10_Pick_ws/ros2_ws/install/industrial_calibration/lib/pkgconfig:/home/tetripick/UR10_Pick_ws/ros2_ws/install/boost_plugin_loader/lib/x86_64-linux-gnu/pkgconfig:/home/tetripick/UR10_Pick_ws/ros2_ws/install/boost_plugin_loader/lib/pkgconfig:/home/tetripick/UR10_Pick_ws/ros2_ws/install/ros_industrial_cmake_boilerplate/lib/x86_64-linux-gnu/pkgconfig:/home/tetripick/UR10_Pick_ws/ros2_ws/install/ros_industrial_cmake_boilerplate/lib/pkgconfig /usr/bin/cmake --build /home/tetripick/UR10_Pick_ws/ros2_ws/build/industrial_calibration_ros -- -j8 -l8
