[0.006s] Invoking command in '/home/tetripick/UR10_Pick_ws/ros2_ws/build/boost_plugin_loader': CMAKE_PREFIX_PATH=/home/tetripick/UR10_Pick_ws/ros2_ws/install/ros_industrial_cmake_boilerplate DEBUGINFOD_URLS=https://debuginfod.ubuntu.com PKG_CONFIG_PATH=/home/tetripick/UR10_Pick_ws/ros2_ws/install/ros_industrial_cmake_boilerplate/lib/x86_64-linux-gnu/pkgconfig:/home/tetripick/UR10_Pick_ws/ros2_ws/install/ros_industrial_cmake_boilerplate/lib/pkgconfig /usr/bin/cmake --build /home/tetripick/UR10_Pick_ws/ros2_ws/build/boost_plugin_loader -- -j8 -l8
[0.069s] [ 18%] Built target boost_plugin_loader
[0.105s] [ 36%] Built target boost_plugin_loader_example_plugin
[0.131s] [ 54%] Built target boost_plugin_loader_example
[0.142s] [100%] Built target boost_plugin_loader_example_plugin_impl
[0.151s] Invoked command in '/home/tetripick/UR10_Pick_ws/ros2_ws/build/boost_plugin_loader' returned '0': CMAKE_PREFIX_PATH=/home/tetripick/UR10_Pick_ws/ros2_ws/install/ros_industrial_cmake_boilerplate DEBUGINFOD_URLS=https://debuginfod.ubuntu.com PKG_CONFIG_PATH=/home/tetripick/UR10_Pick_ws/ros2_ws/install/ros_industrial_cmake_boilerplate/lib/x86_64-linux-gnu/pkgconfig:/home/tetripick/UR10_Pick_ws/ros2_ws/install/ros_industrial_cmake_boilerplate/lib/pkgconfig /usr/bin/cmake --build /home/tetripick/UR10_Pick_ws/ros2_ws/build/boost_plugin_loader -- -j8 -l8
[0.153s] Invoking command in '/home/tetripick/UR10_Pick_ws/ros2_ws/build/boost_plugin_loader': CMAKE_PREFIX_PATH=/home/tetripick/UR10_Pick_ws/ros2_ws/install/ros_industrial_cmake_boilerplate DEBUGINFOD_URLS=https://debuginfod.ubuntu.com PKG_CONFIG_PATH=/home/tetripick/UR10_Pick_ws/ros2_ws/install/ros_industrial_cmake_boilerplate/lib/x86_64-linux-gnu/pkgconfig:/home/tetripick/UR10_Pick_ws/ros2_ws/install/ros_industrial_cmake_boilerplate/lib/pkgconfig /usr/bin/cmake --install /home/tetripick/UR10_Pick_ws/ros2_ws/build/boost_plugin_loader
[0.162s] -- Install configuration: ""
[0.162s] -- Up-to-date: /home/tetripick/UR10_Pick_ws/ros2_ws/install/boost_plugin_loader/include/boost_plugin_loader
[0.162s] -- Up-to-date: /home/tetripick/UR10_Pick_ws/ros2_ws/install/boost_plugin_loader/include/boost_plugin_loader/plugin_loader.h
[0.162s] -- Up-to-date: /home/tetripick/UR10_Pick_ws/ros2_ws/install/boost_plugin_loader/include/boost_plugin_loader/fwd.h
[0.163s] -- Up-to-date: /home/tetripick/UR10_Pick_ws/ros2_ws/install/boost_plugin_loader/include/boost_plugin_loader/utils.h
[0.163s] -- Up-to-date: /home/tetripick/UR10_Pick_ws/ros2_ws/install/boost_plugin_loader/include/boost_plugin_loader/macros.h
[0.163s] -- Up-to-date: /home/tetripick/UR10_Pick_ws/ros2_ws/install/boost_plugin_loader/include/boost_plugin_loader/plugin_loader.hpp
[0.163s] -- Up-to-date: /home/tetripick/UR10_Pick_ws/ros2_ws/install/boost_plugin_loader/share/boost_plugin_loader/package.xml
[0.163s] -- Up-to-date: /home/tetripick/UR10_Pick_ws/ros2_ws/install/boost_plugin_loader/lib/libboost_plugin_loader.so
[0.163s] -- Up-to-date: /home/tetripick/UR10_Pick_ws/ros2_ws/install/boost_plugin_loader/lib/cmake/boost_plugin_loader/boost_plugin_loader-targets.cmake
[0.163s] -- Up-to-date: /home/tetripick/UR10_Pick_ws/ros2_ws/install/boost_plugin_loader/lib/cmake/boost_plugin_loader/boost_plugin_loader-targets-noconfig.cmake
[0.164s] -- Up-to-date: /home/tetripick/UR10_Pick_ws/ros2_ws/install/boost_plugin_loader/lib/cmake/boost_plugin_loader/boost_plugin_loader-config.cmake
[0.164s] -- Up-to-date: /home/tetripick/UR10_Pick_ws/ros2_ws/install/boost_plugin_loader/lib/cmake/boost_plugin_loader/boost_plugin_loader-config-version.cmake
[0.164s] -- Up-to-date: /home/tetripick/UR10_Pick_ws/ros2_ws/install/boost_plugin_loader/share/ament_index/resource_index/packages/boost_plugin_loader
[0.164s] -- Up-to-date: /home/tetripick/UR10_Pick_ws/ros2_ws/install/boost_plugin_loader/share/boost_plugin_loader/hook/ament_prefix_path.dsv
[0.164s] -- Up-to-date: /home/tetripick/UR10_Pick_ws/ros2_ws/install/boost_plugin_loader/share/boost_plugin_loader/hook/ros_package_path.dsv
[0.164s] -- Up-to-date: /home/tetripick/UR10_Pick_ws/ros2_ws/install/boost_plugin_loader/share/boost_plugin_loader/hook/python_path.dsv
[0.165s] -- Up-to-date: /home/tetripick/UR10_Pick_ws/ros2_ws/install/boost_plugin_loader/lib/libboost_plugin_loader_example_plugin.so
[0.165s] -- Up-to-date: /home/tetripick/UR10_Pick_ws/ros2_ws/install/boost_plugin_loader/lib/libboost_plugin_loader_example_plugin_impl.so
[0.165s] -- Up-to-date: /home/tetripick/UR10_Pick_ws/ros2_ws/install/boost_plugin_loader/lib/boost_plugin_loader/boost_plugin_loader_example
[0.166s] Invoked command in '/home/tetripick/UR10_Pick_ws/ros2_ws/build/boost_plugin_loader' returned '0': CMAKE_PREFIX_PATH=/home/tetripick/UR10_Pick_ws/ros2_ws/install/ros_industrial_cmake_boilerplate DEBUGINFOD_URLS=https://debuginfod.ubuntu.com PKG_CONFIG_PATH=/home/tetripick/UR10_Pick_ws/ros2_ws/install/ros_industrial_cmake_boilerplate/lib/x86_64-linux-gnu/pkgconfig:/home/tetripick/UR10_Pick_ws/ros2_ws/install/ros_industrial_cmake_boilerplate/lib/pkgconfig /usr/bin/cmake --install /home/tetripick/UR10_Pick_ws/ros2_ws/build/boost_plugin_loader
